#
# There is insufficient memory for the Java Runtime Environment to continue.
# Native memory allocation (malloc) failed to allocate 1268272 bytes. Error detail: Chunk::new
# Possible reasons:
#   The system is out of physical RAM or swap space
#   This process is running with CompressedOops enabled, and the Java Heap may be blocking the growth of the native heap
# Possible solutions:
#   Reduce memory load on the system
#   Increase physical memory or swap space
#   Check if swap backing store is full
#   Decrease Java heap size (-Xmx/-Xms)
#   Decrease number of Java threads
#   Decrease Java thread stack sizes (-Xss)
#   Set larger code cache with -XX:ReservedCodeCacheSize=
#   JVM is running with Unscaled Compressed Oops mode in which the Java heap is
#     placed in the first 4GB address space. The Java Heap base address is the
#     maximum limit for the native heap growth. Please use -XX:HeapBaseMinAddress
#     to set the Java Heap base and to place the Java Heap above 4GB virtual address.
# This output file may be truncated or incomplete.
#
#  Out of Memory Error (arena.cpp:191), pid=10204, tid=7496
#
# JRE version: OpenJDK Runtime Environment Temurin-17.0.11+9 (17.0.11+9) (build 17.0.11+9)
# Java VM: OpenJDK 64-Bit Server VM Temurin-17.0.11+9 (17.0.11+9, mixed mode, tiered, compressed oops, compressed class ptrs, parallel gc, windows-amd64)
# No core dump will be written. Minidumps are not enabled by default on client versions of Windows
#

---------------  S U M M A R Y ------------

Command Line: --add-modules=ALL-SYSTEM --add-opens=java.base/java.util=ALL-UNNAMED --add-opens=java.base/java.lang=ALL-UNNAMED --add-opens=java.base/sun.nio.fs=ALL-UNNAMED -Declipse.application=org.eclipse.jdt.ls.core.id1 -Dosgi.bundles.defaultStartLevel=4 -Declipse.product=org.eclipse.jdt.ls.core.product -Djava.import.generatesMetadataFilesAtProjectRoot=false -DDetectVMInstallationsJob.disabled=true -Dfile.encoding=utf8 -XX:+UseParallelGC -XX:GCTimeRatio=4 -XX:AdaptiveSizePolicyWeight=90 -Dsun.zip.disableMemoryMapping=true -Xmx1G -Xms100m -Xlog:disable -javaagent:c:\Users\PORT-DELL-EMILIO\.vscode\extensions\redhat.java-1.31.0-win32-x64\lombok\lombok-1.18.32.jar c:\Users\PORT-DELL-EMILIO\.vscode\extensions\redhat.java-1.31.0-win32-x64\server\plugins\org.eclipse.equinox.launcher_1.6.800.v20240513-1750.jar -configuration c:\Users\PORT-DELL-EMILIO\AppData\Roaming\Code\User\globalStorage\redhat.java\1.31.0\config_ss_win -data c:\Users\PORT-DELL-EMILIO\AppData\Roaming\Code\User\workspaceStorage\9914ae774984ff7cd367b2d3b4f7f0e2\redhat.java\ss_ws --pipe=\\.\pipe\lsp-a2840f2abd3d209c04189d1653c3e530-sock

Host: Intel(R) Core(TM) i3-4005U CPU @ 1.70GHz, 4 cores, 7G,  Windows 10 , 64 bit Build 19041 (10.0.19041.3636)
Time: Thu Jun 20 13:03:29 2024 Hora de verano romance elapsed time: 33.398341 seconds (0d 0h 0m 33s)

---------------  T H R E A D  ---------------

Current thread (0x00000203a7311200):  JavaThread "C2 CompilerThread0" daemon [_thread_in_native, id=7496, stack(0x00000039aea00000,0x00000039aeb00000)]


Current CompileTask:
C2:  33398 3773       4       org.eclipse.jdt.internal.core.JarPackageFragmentRoot::initRawPackageInfo (342 bytes)

Stack: [0x00000039aea00000,0x00000039aeb00000]
Native frames: (J=compiled Java code, j=interpreted, Vv=VM code, C=native code)
V  [jvm.dll+0x67d429]
V  [jvm.dll+0x834b7a]
V  [jvm.dll+0x83663e]
V  [jvm.dll+0x836ca3]
V  [jvm.dll+0x247dbf]
V  [jvm.dll+0xac534]
V  [jvm.dll+0xacb7c]
V  [jvm.dll+0x366647]
V  [jvm.dll+0x330bba]
V  [jvm.dll+0x33005a]
V  [jvm.dll+0x21a471]
V  [jvm.dll+0x2198b1]
V  [jvm.dll+0x1a534d]
V  [jvm.dll+0x2295cd]
V  [jvm.dll+0x22779c]
V  [jvm.dll+0x7e9d07]
V  [jvm.dll+0x7e410a]
V  [jvm.dll+0x67c315]
C  [ucrtbase.dll+0x21bb2]
C  [KERNEL32.DLL+0x17344]
C  [ntdll.dll+0x4cc91]


---------------  P R O C E S S  ---------------

Threads class SMR info:
_java_thread_list=0x00000203ae193490, length=33, elements={
0x000002039154de10, 0x000002039160a570, 0x000002039160c9a0, 0x00000203a730d280,
0x00000203a730de10, 0x00000203a730ea90, 0x00000203a7310460, 0x00000203a7311200,
0x00000203a733e930, 0x00000203ac59cce0, 0x00000203915b1cd0, 0x00000203ac8b3bf0,
0x00000203acfb64c0, 0x00000203ad000740, 0x00000203acf49530, 0x00000203acfd9a30,
0x00000203acb31a30, 0x00000203acb32e70, 0x00000203acb33380, 0x00000203acb32450,
0x00000203acb31f40, 0x00000203ada665b0, 0x00000203ada628f0, 0x00000203ada614b0,
0x00000203ada66fd0, 0x00000203ada60fa0, 0x00000203ada65b90, 0x00000203ada62e00,
0x00000203ada63d30, 0x00000203ada65680, 0x00000203ada60580, 0x00000203ada61ed0,
0x00000203aed3afa0
}

Java Threads: ( => current thread )
  0x000002039154de10 JavaThread "main" [_thread_blocked, id=13012, stack(0x00000039ae100000,0x00000039ae200000)]
  0x000002039160a570 JavaThread "Reference Handler" daemon [_thread_blocked, id=2400, stack(0x00000039ae400000,0x00000039ae500000)]
  0x000002039160c9a0 JavaThread "Finalizer" daemon [_thread_blocked, id=10472, stack(0x00000039ae500000,0x00000039ae600000)]
  0x00000203a730d280 JavaThread "Signal Dispatcher" daemon [_thread_blocked, id=5936, stack(0x00000039ae600000,0x00000039ae700000)]
  0x00000203a730de10 JavaThread "Attach Listener" daemon [_thread_blocked, id=3248, stack(0x00000039ae700000,0x00000039ae800000)]
  0x00000203a730ea90 JavaThread "Service Thread" daemon [_thread_blocked, id=8028, stack(0x00000039ae800000,0x00000039ae900000)]
  0x00000203a7310460 JavaThread "Monitor Deflation Thread" daemon [_thread_blocked, id=14424, stack(0x00000039ae900000,0x00000039aea00000)]
=>0x00000203a7311200 JavaThread "C2 CompilerThread0" daemon [_thread_in_native, id=7496, stack(0x00000039aea00000,0x00000039aeb00000)]
  0x00000203a733e930 JavaThread "C1 CompilerThread0" daemon [_thread_blocked, id=11840, stack(0x00000039aeb00000,0x00000039aec00000)]
  0x00000203ac59cce0 JavaThread "Sweeper thread" daemon [_thread_blocked, id=9084, stack(0x00000039aec00000,0x00000039aed00000)]
  0x00000203915b1cd0 JavaThread "Common-Cleaner" daemon [_thread_blocked, id=5892, stack(0x00000039aed00000,0x00000039aee00000)]
  0x00000203ac8b3bf0 JavaThread "Notification Thread" daemon [_thread_blocked, id=12460, stack(0x00000039aee00000,0x00000039aef00000)]
  0x00000203acfb64c0 JavaThread "Active Thread: Equinox Container: 3007b2a1-46b8-49a6-8293-d6a26712a4e2" [_thread_blocked, id=1228, stack(0x00000039af300000,0x00000039af400000)]
  0x00000203ad000740 JavaThread "Framework Event Dispatcher: Equinox Container: 3007b2a1-46b8-49a6-8293-d6a26712a4e2" daemon [_thread_blocked, id=9052, stack(0x00000039af400000,0x00000039af500000)]
  0x00000203acf49530 JavaThread "Start Level: Equinox Container: 3007b2a1-46b8-49a6-8293-d6a26712a4e2" daemon [_thread_blocked, id=10108, stack(0x00000039af500000,0x00000039af600000)]
  0x00000203acfd9a30 JavaThread "SCR Component Actor" daemon [_thread_blocked, id=5880, stack(0x00000039af600000,0x00000039af700000)]
  0x00000203acb31a30 JavaThread "Worker-JM" [_thread_blocked, id=6728, stack(0x00000039af800000,0x00000039af900000)]
  0x00000203acb32e70 JavaThread "Worker-0" [_thread_blocked, id=10624, stack(0x00000039af900000,0x00000039afa00000)]
  0x00000203acb33380 JavaThread "Worker-1: Publish Diagnostics" [_thread_in_Java, id=12360, stack(0x00000039afa00000,0x00000039afb00000)]
  0x00000203acb32450 JavaThread "Worker-2" [_thread_blocked, id=8876, stack(0x00000039afb00000,0x00000039afc00000)]
  0x00000203acb31f40 JavaThread "JNA Cleaner" daemon [_thread_blocked, id=10648, stack(0x00000039afc00000,0x00000039afd00000)]
  0x00000203ada665b0 JavaThread "Thread-2" daemon [_thread_in_native, id=8324, stack(0x00000039b0000000,0x00000039b0100000)]
  0x00000203ada628f0 JavaThread "Thread-3" daemon [_thread_in_native, id=10856, stack(0x00000039b0100000,0x00000039b0200000)]
  0x00000203ada614b0 JavaThread "Thread-4" daemon [_thread_in_native, id=7964, stack(0x00000039b0200000,0x00000039b0300000)]
  0x00000203ada66fd0 JavaThread "Thread-5" daemon [_thread_in_native, id=13584, stack(0x00000039b0300000,0x00000039b0400000)]
  0x00000203ada60fa0 JavaThread "Thread-6" daemon [_thread_in_native, id=14928, stack(0x00000039b0400000,0x00000039b0500000)]
  0x00000203ada65b90 JavaThread "pool-2-thread-1" [_thread_blocked, id=344, stack(0x00000039b0500000,0x00000039b0600000)]
  0x00000203ada62e00 JavaThread "WorkspaceEventsHandler" [_thread_blocked, id=7984, stack(0x00000039af700000,0x00000039af800000)]
  0x00000203ada63d30 JavaThread "pool-1-thread-1" [_thread_blocked, id=10424, stack(0x00000039aff00000,0x00000039b0000000)]
  0x00000203ada65680 JavaThread "ForkJoinPool.commonPool-worker-1" daemon [_thread_blocked, id=4788, stack(0x00000039b0600000,0x00000039b0700000)]
  0x00000203ada60580 JavaThread "ForkJoinPool.commonPool-worker-2" daemon [_thread_blocked, id=13060, stack(0x00000039b0700000,0x00000039b0800000)]
  0x00000203ada61ed0 JavaThread "ForkJoinPool.commonPool-worker-3" daemon [_thread_in_Java, id=4320, stack(0x00000039b0800000,0x00000039b0900000)]
  0x00000203aed3afa0 JavaThread "C2 CompilerThread1" daemon [_thread_in_native, id=2144, stack(0x00000039b0900000,0x00000039b0a00000)]

Other Threads:
  0x00000203915ffb60 VMThread "VM Thread" [stack: 0x00000039ae300000,0x00000039ae400000] [id=14444]
  0x00000203ac8b40d0 WatcherThread [stack: 0x00000039aef00000,0x00000039af000000] [id=6584]
  0x00000203915640a0 GCTaskThread "GC Thread#0" [stack: 0x00000039ae200000,0x00000039ae300000] [id=9872]
  0x00000203aca99030 GCTaskThread "GC Thread#1" [stack: 0x00000039af000000,0x00000039af100000] [id=8220]
  0x00000203acdc9470 GCTaskThread "GC Thread#2" [stack: 0x00000039af100000,0x00000039af200000] [id=8084]
  0x00000203acdc9730 GCTaskThread "GC Thread#3" [stack: 0x00000039af200000,0x00000039af300000] [id=10988]

Threads with active compile tasks:
C2 CompilerThread0    33534 3773       4       org.eclipse.jdt.internal.core.JarPackageFragmentRoot::initRawPackageInfo (342 bytes)
C2 CompilerThread1    33534 3817       4       org.eclipse.jdt.internal.core.util.HashtableOfArrayToObject::get (69 bytes)

VM state: not at safepoint (normal execution)

VM Mutex/Monitor currently owned by a thread: None

Heap address: 0x00000000c0000000, size: 1024 MB, Compressed Oops mode: 32-bit

CDS archive(s) not mapped
Compressed class space mapped at: 0x0000000100000000-0x0000000140000000, reserved size: 1073741824
Narrow klass base: 0x0000000000000000, Narrow klass shift: 3, Narrow klass range: 0x140000000

GC Precious Log:
 CPUs: 4 total, 4 available
 Memory: 8096M
 Large Page Support: Disabled
 NUMA Support: Disabled
 Compressed Oops: Enabled (32-bit)
 Alignments: Space 512K, Generation 512K, Heap 2M
 Heap Min Capacity: 100M
 Heap Initial Capacity: 100M
 Heap Max Capacity: 1G
 Pre-touch: Disabled
 Parallel Workers: 4

Heap:
 PSYoungGen      total 22528K, used 4447K [0x00000000eab00000, 0x00000000ec380000, 0x0000000100000000)
  eden space 22016K, 18% used [0x00000000eab00000,0x00000000eaf0ff78,0x00000000ec080000)
  from space 512K, 56% used [0x00000000ec300000,0x00000000ec348000,0x00000000ec380000)
  to   space 512K, 0% used [0x00000000ec280000,0x00000000ec280000,0x00000000ec300000)
 ParOldGen       total 68608K, used 23168K [0x00000000c0000000, 0x00000000c4300000, 0x00000000eab00000)
  object space 68608K, 33% used [0x00000000c0000000,0x00000000c16a01e0,0x00000000c4300000)
 Metaspace       used 42952K, committed 43712K, reserved 1114112K
  class space    used 4344K, committed 4672K, reserved 1048576K

Card table byte_map: [0x00000203a4bd0000,0x00000203a4de0000] _byte_map_base: 0x00000203a45d0000

Marking Bits: (ParMarkBitMap*) 0x00007ffbf782d820
 Begin Bits: [0x00000203a4f40000, 0x00000203a5f40000)
 End Bits:   [0x00000203a5f40000, 0x00000203a6f40000)

Polling page: 0x0000020391610000

Metaspace:

Usage:
  Non-class:     37.70 MB used.
      Class:      4.24 MB used.
       Both:     41.95 MB used.

Virtual space:
  Non-class space:       64.00 MB reserved,      38.12 MB ( 60%) committed,  1 nodes.
      Class space:        1.00 GB reserved,       4.56 MB ( <1%) committed,  1 nodes.
             Both:        1.06 GB reserved,      42.69 MB (  4%) committed. 

Chunk freelists:
   Non-Class:  9.88 MB
       Class:  11.44 MB
        Both:  21.32 MB

MaxMetaspaceSize: unlimited
CompressedClassSpaceSize: 1.00 GB
Initial GC threshold: 21.00 MB
Current GC threshold: 58.38 MB
CDS: off
MetaspaceReclaimPolicy: balanced
 - commit_granule_bytes: 65536.
 - commit_granule_words: 8192.
 - virtual_space_node_default_size: 8388608.
 - enlarge_chunks_in_place: 1.
 - new_chunks_are_fully_committed: 0.
 - uncommit_free_chunks: 1.
 - use_allocation_guard: 0.
 - handle_deallocations: 1.


Internal statistics:

num_allocs_failed_limit: 6.
num_arena_births: 404.
num_arena_deaths: 14.
num_vsnodes_births: 2.
num_vsnodes_deaths: 0.
num_space_committed: 683.
num_space_uncommitted: 0.
num_chunks_returned_to_freelist: 20.
num_chunks_taken_from_freelist: 1811.
num_chunk_merges: 8.
num_chunk_splits: 1175.
num_chunks_enlarged: 792.
num_inconsistent_stats: 0.

CodeHeap 'non-profiled nmethods': size=120000Kb used=1913Kb max_used=1913Kb free=118086Kb
 bounds [0x000002039d4c0000, 0x000002039d730000, 0x00000203a49f0000]
CodeHeap 'profiled nmethods': size=120000Kb used=8252Kb max_used=8252Kb free=111747Kb
 bounds [0x00000203959f0000, 0x0000020396200000, 0x000002039cf20000]
CodeHeap 'non-nmethods': size=5760Kb used=1323Kb max_used=1382Kb free=4436Kb
 bounds [0x000002039cf20000, 0x000002039d190000, 0x000002039d4c0000]
 total_blobs=4468 nmethods=3806 adapters=576
 compilation: enabled
              stopped_count=0, restarted_count=0
 full_count=0

Compilation events (20 events):
Event: 33.312 Thread 0x00000203a733e930 nmethod 3791 0x00000203961e5190 code [0x00000203961e5340, 0x00000203961e5578]
Event: 33.312 Thread 0x00000203a733e930 3792       1       org.eclipse.core.runtime.Status::setCode (6 bytes)
Event: 33.312 Thread 0x00000203a733e930 nmethod 3792 0x000002039d69d390 code [0x000002039d69d520, 0x000002039d69d5f8]
Event: 33.313 Thread 0x00000203a733e930 3793       1       org.eclipse.core.runtime.Status::setException (6 bytes)
Event: 33.313 Thread 0x00000203a733e930 nmethod 3793 0x000002039d69d690 code [0x000002039d69d820, 0x000002039d69d8f8]
Event: 33.341 Thread 0x00000203a733e930 3794       3       sun.nio.fs.WindowsFileAttributes::lastModifiedTime (8 bytes)
Event: 33.342 Thread 0x00000203a733e930 nmethod 3794 0x00000203961e5710 code [0x00000203961e58a0, 0x00000203961e59e8]
Event: 33.343 Thread 0x00000203a733e930 3795   !   3       org.eclipse.jdt.internal.core.JavaModelManager::getPerProjectInfo (62 bytes)
Event: 33.344 Thread 0x00000203a733e930 nmethod 3795 0x00000203961e5a90 code [0x00000203961e5c60, 0x00000203961e6208]
Event: 33.345 Thread 0x00000203a733e930 3796       1       org.eclipse.jdt.internal.core.JarPackageFragmentRoot::isArchive (2 bytes)
Event: 33.345 Thread 0x00000203a733e930 nmethod 3796 0x000002039d69d990 code [0x000002039d69db20, 0x000002039d69dbf8]
Event: 33.349 Thread 0x00000203a733e930 3797       3       java.lang.StringBuffer::<init> (7 bytes)
Event: 33.349 Thread 0x00000203a733e930 nmethod 3797 0x00000203961e6490 code [0x00000203961e6620, 0x00000203961e6768]
Event: 33.376 Thread 0x00000203a733e930 3798       3       java.text.MessageFormat::applyPattern (422 bytes)
Event: 33.382 Thread 0x00000203a733e930 nmethod 3798 0x00000203961e6810 code [0x00000203961e6cc0, 0x00000203961e98e8]
Event: 33.389 Thread 0x00000203a733e930 3799       3       org.eclipse.core.runtime.Path::computeHashCode (47 bytes)
Event: 33.389 Thread 0x00000203a733e930 nmethod 3799 0x00000203961ea810 code [0x00000203961ea9e0, 0x00000203961eac98]
Event: 33.390 Thread 0x00000203a733e930 3800       1       org.eclipse.jdt.internal.compiler.classfmt.MethodInfo::sizeInBytes (5 bytes)
Event: 33.391 Thread 0x00000203a733e930 nmethod 3800 0x000002039d69dc90 code [0x000002039d69de20, 0x000002039d69def8]
Event: 33.393 Thread 0x00000203a733e930 3801       3       org.eclipse.jdt.internal.core.util.HashtableOfArrayToObject::get (69 bytes)

GC Heap History (20 events):
Event: 32.254 GC heap before
{Heap before GC invocations=14 (full 2):
 PSYoungGen      total 24064K, used 23693K [0x00000000eab00000, 0x00000000ec600000, 0x0000000100000000)
  eden space 22528K, 100% used [0x00000000eab00000,0x00000000ec100000,0x00000000ec100000)
  from space 1536K, 75% used [0x00000000ec280000,0x00000000ec3a3520,0x00000000ec400000)
  to   space 1536K, 0% used [0x00000000ec480000,0x00000000ec480000,0x00000000ec600000)
 ParOldGen       total 68608K, used 13935K [0x00000000c0000000, 0x00000000c4300000, 0x00000000eab00000)
  object space 68608K, 20% used [0x00000000c0000000,0x00000000c0d9bf60,0x00000000c4300000)
 Metaspace       used 42395K, committed 43200K, reserved 1114112K
  class space    used 4290K, committed 4672K, reserved 1048576K
}
Event: 32.258 GC heap after
{Heap after GC invocations=14 (full 2):
 PSYoungGen      total 23040K, used 871K [0x00000000eab00000, 0x00000000ec580000, 0x0000000100000000)
  eden space 22016K, 0% used [0x00000000eab00000,0x00000000eab00000,0x00000000ec080000)
  from space 1024K, 85% used [0x00000000ec480000,0x00000000ec559db0,0x00000000ec580000)
  to   space 1024K, 0% used [0x00000000ec380000,0x00000000ec380000,0x00000000ec480000)
 ParOldGen       total 68608K, used 14981K [0x00000000c0000000, 0x00000000c4300000, 0x00000000eab00000)
  object space 68608K, 21% used [0x00000000c0000000,0x00000000c0ea1470,0x00000000c4300000)
 Metaspace       used 42395K, committed 43200K, reserved 1114112K
  class space    used 4290K, committed 4672K, reserved 1048576K
}
Event: 32.586 GC heap before
{Heap before GC invocations=15 (full 2):
 PSYoungGen      total 23040K, used 22887K [0x00000000eab00000, 0x00000000ec580000, 0x0000000100000000)
  eden space 22016K, 100% used [0x00000000eab00000,0x00000000ec080000,0x00000000ec080000)
  from space 1024K, 85% used [0x00000000ec480000,0x00000000ec559db0,0x00000000ec580000)
  to   space 1024K, 0% used [0x00000000ec380000,0x00000000ec380000,0x00000000ec480000)
 ParOldGen       total 68608K, used 14981K [0x00000000c0000000, 0x00000000c4300000, 0x00000000eab00000)
  object space 68608K, 21% used [0x00000000c0000000,0x00000000c0ea1470,0x00000000c4300000)
 Metaspace       used 42582K, committed 43328K, reserved 1114112K
  class space    used 4309K, committed 4672K, reserved 1048576K
}
Event: 32.591 GC heap after
{Heap after GC invocations=15 (full 2):
 PSYoungGen      total 23040K, used 786K [0x00000000eab00000, 0x00000000ec500000, 0x0000000100000000)
  eden space 22016K, 0% used [0x00000000eab00000,0x00000000eab00000,0x00000000ec080000)
  from space 1024K, 76% used [0x00000000ec380000,0x00000000ec4449a0,0x00000000ec480000)
  to   space 512K, 0% used [0x00000000ec480000,0x00000000ec480000,0x00000000ec500000)
 ParOldGen       total 68608K, used 17661K [0x00000000c0000000, 0x00000000c4300000, 0x00000000eab00000)
  object space 68608K, 25% used [0x00000000c0000000,0x00000000c113f5c0,0x00000000c4300000)
 Metaspace       used 42582K, committed 43328K, reserved 1114112K
  class space    used 4309K, committed 4672K, reserved 1048576K
}
Event: 32.708 GC heap before
{Heap before GC invocations=16 (full 2):
 PSYoungGen      total 23040K, used 22802K [0x00000000eab00000, 0x00000000ec500000, 0x0000000100000000)
  eden space 22016K, 100% used [0x00000000eab00000,0x00000000ec080000,0x00000000ec080000)
  from space 1024K, 76% used [0x00000000ec380000,0x00000000ec4449a0,0x00000000ec480000)
  to   space 512K, 0% used [0x00000000ec480000,0x00000000ec480000,0x00000000ec500000)
 ParOldGen       total 68608K, used 17661K [0x00000000c0000000, 0x00000000c4300000, 0x00000000eab00000)
  object space 68608K, 25% used [0x00000000c0000000,0x00000000c113f5c0,0x00000000c4300000)
 Metaspace       used 42633K, committed 43392K, reserved 1114112K
  class space    used 4311K, committed 4672K, reserved 1048576K
}
Event: 32.711 GC heap after
{Heap after GC invocations=16 (full 2):
 PSYoungGen      total 22528K, used 480K [0x00000000eab00000, 0x00000000ec500000, 0x0000000100000000)
  eden space 22016K, 0% used [0x00000000eab00000,0x00000000eab00000,0x00000000ec080000)
  from space 512K, 93% used [0x00000000ec480000,0x00000000ec4f8020,0x00000000ec500000)
  to   space 1536K, 0% used [0x00000000ec200000,0x00000000ec200000,0x00000000ec380000)
 ParOldGen       total 68608K, used 18463K [0x00000000c0000000, 0x00000000c4300000, 0x00000000eab00000)
  object space 68608K, 26% used [0x00000000c0000000,0x00000000c1207f60,0x00000000c4300000)
 Metaspace       used 42633K, committed 43392K, reserved 1114112K
  class space    used 4311K, committed 4672K, reserved 1048576K
}
Event: 32.785 GC heap before
{Heap before GC invocations=17 (full 2):
 PSYoungGen      total 22528K, used 22496K [0x00000000eab00000, 0x00000000ec500000, 0x0000000100000000)
  eden space 22016K, 100% used [0x00000000eab00000,0x00000000ec080000,0x00000000ec080000)
  from space 512K, 93% used [0x00000000ec480000,0x00000000ec4f8020,0x00000000ec500000)
  to   space 1536K, 0% used [0x00000000ec200000,0x00000000ec200000,0x00000000ec380000)
 ParOldGen       total 68608K, used 18463K [0x00000000c0000000, 0x00000000c4300000, 0x00000000eab00000)
  object space 68608K, 26% used [0x00000000c0000000,0x00000000c1207f60,0x00000000c4300000)
 Metaspace       used 42633K, committed 43392K, reserved 1114112K
  class space    used 4311K, committed 4672K, reserved 1048576K
}
Event: 32.787 GC heap after
{Heap after GC invocations=17 (full 2):
 PSYoungGen      total 23552K, used 576K [0x00000000eab00000, 0x00000000ec500000, 0x0000000100000000)
  eden space 22016K, 0% used [0x00000000eab00000,0x00000000eab00000,0x00000000ec080000)
  from space 1536K, 37% used [0x00000000ec200000,0x00000000ec290000,0x00000000ec380000)
  to   space 1024K, 0% used [0x00000000ec400000,0x00000000ec400000,0x00000000ec500000)
 ParOldGen       total 68608K, used 18925K [0x00000000c0000000, 0x00000000c4300000, 0x00000000eab00000)
  object space 68608K, 27% used [0x00000000c0000000,0x00000000c127b400,0x00000000c4300000)
 Metaspace       used 42633K, committed 43392K, reserved 1114112K
  class space    used 4311K, committed 4672K, reserved 1048576K
}
Event: 32.845 GC heap before
{Heap before GC invocations=18 (full 2):
 PSYoungGen      total 23552K, used 22592K [0x00000000eab00000, 0x00000000ec500000, 0x0000000100000000)
  eden space 22016K, 100% used [0x00000000eab00000,0x00000000ec080000,0x00000000ec080000)
  from space 1536K, 37% used [0x00000000ec200000,0x00000000ec290000,0x00000000ec380000)
  to   space 1024K, 0% used [0x00000000ec400000,0x00000000ec400000,0x00000000ec500000)
 ParOldGen       total 68608K, used 18925K [0x00000000c0000000, 0x00000000c4300000, 0x00000000eab00000)
  object space 68608K, 27% used [0x00000000c0000000,0x00000000c127b400,0x00000000c4300000)
 Metaspace       used 42633K, committed 43392K, reserved 1114112K
  class space    used 4311K, committed 4672K, reserved 1048576K
}
Event: 32.847 GC heap after
{Heap after GC invocations=18 (full 2):
 PSYoungGen      total 23040K, used 576K [0x00000000eab00000, 0x00000000ec500000, 0x0000000100000000)
  eden space 22016K, 0% used [0x00000000eab00000,0x00000000eab00000,0x00000000ec080000)
  from space 1024K, 56% used [0x00000000ec400000,0x00000000ec490000,0x00000000ec500000)
  to   space 1024K, 0% used [0x00000000ec300000,0x00000000ec300000,0x00000000ec400000)
 ParOldGen       total 68608K, used 19421K [0x00000000c0000000, 0x00000000c4300000, 0x00000000eab00000)
  object space 68608K, 28% used [0x00000000c0000000,0x00000000c12f7400,0x00000000c4300000)
 Metaspace       used 42633K, committed 43392K, reserved 1114112K
  class space    used 4311K, committed 4672K, reserved 1048576K
}
Event: 32.908 GC heap before
{Heap before GC invocations=19 (full 2):
 PSYoungGen      total 23040K, used 22592K [0x00000000eab00000, 0x00000000ec500000, 0x0000000100000000)
  eden space 22016K, 100% used [0x00000000eab00000,0x00000000ec080000,0x00000000ec080000)
  from space 1024K, 56% used [0x00000000ec400000,0x00000000ec490000,0x00000000ec500000)
  to   space 1024K, 0% used [0x00000000ec300000,0x00000000ec300000,0x00000000ec400000)
 ParOldGen       total 68608K, used 19421K [0x00000000c0000000, 0x00000000c4300000, 0x00000000eab00000)
  object space 68608K, 28% used [0x00000000c0000000,0x00000000c12f7400,0x00000000c4300000)
 Metaspace       used 42634K, committed 43392K, reserved 1114112K
  class space    used 4311K, committed 4672K, reserved 1048576K
}
Event: 32.912 GC heap after
{Heap after GC invocations=19 (full 2):
 PSYoungGen      total 23040K, used 704K [0x00000000eab00000, 0x00000000ec480000, 0x0000000100000000)
  eden space 22016K, 0% used [0x00000000eab00000,0x00000000eab00000,0x00000000ec080000)
  from space 1024K, 68% used [0x00000000ec300000,0x00000000ec3b0390,0x00000000ec400000)
  to   space 512K, 0% used [0x00000000ec400000,0x00000000ec400000,0x00000000ec480000)
 ParOldGen       total 68608K, used 19936K [0x00000000c0000000, 0x00000000c4300000, 0x00000000eab00000)
  object space 68608K, 29% used [0x00000000c0000000,0x00000000c1378100,0x00000000c4300000)
 Metaspace       used 42634K, committed 43392K, reserved 1114112K
  class space    used 4311K, committed 4672K, reserved 1048576K
}
Event: 33.072 GC heap before
{Heap before GC invocations=20 (full 2):
 PSYoungGen      total 23040K, used 22720K [0x00000000eab00000, 0x00000000ec480000, 0x0000000100000000)
  eden space 22016K, 100% used [0x00000000eab00000,0x00000000ec080000,0x00000000ec080000)
  from space 1024K, 68% used [0x00000000ec300000,0x00000000ec3b0390,0x00000000ec400000)
  to   space 512K, 0% used [0x00000000ec400000,0x00000000ec400000,0x00000000ec480000)
 ParOldGen       total 68608K, used 19936K [0x00000000c0000000, 0x00000000c4300000, 0x00000000eab00000)
  object space 68608K, 29% used [0x00000000c0000000,0x00000000c1378158,0x00000000c4300000)
 Metaspace       used 42701K, committed 43456K, reserved 1114112K
  class space    used 4313K, committed 4672K, reserved 1048576K
}
Event: 33.074 GC heap after
{Heap after GC invocations=20 (full 2):
 PSYoungGen      total 22528K, used 494K [0x00000000eab00000, 0x00000000ec480000, 0x0000000100000000)
  eden space 22016K, 0% used [0x00000000eab00000,0x00000000eab00000,0x00000000ec080000)
  from space 512K, 96% used [0x00000000ec400000,0x00000000ec47ba50,0x00000000ec480000)
  to   space 1536K, 0% used [0x00000000ec180000,0x00000000ec180000,0x00000000ec300000)
 ParOldGen       total 68608K, used 20728K [0x00000000c0000000, 0x00000000c4300000, 0x00000000eab00000)
  object space 68608K, 30% used [0x00000000c0000000,0x00000000c143e108,0x00000000c4300000)
 Metaspace       used 42701K, committed 43456K, reserved 1114112K
  class space    used 4313K, committed 4672K, reserved 1048576K
}
Event: 33.135 GC heap before
{Heap before GC invocations=21 (full 2):
 PSYoungGen      total 22528K, used 22510K [0x00000000eab00000, 0x00000000ec480000, 0x0000000100000000)
  eden space 22016K, 100% used [0x00000000eab00000,0x00000000ec080000,0x00000000ec080000)
  from space 512K, 96% used [0x00000000ec400000,0x00000000ec47ba50,0x00000000ec480000)
  to   space 1536K, 0% used [0x00000000ec180000,0x00000000ec180000,0x00000000ec300000)
 ParOldGen       total 68608K, used 20730K [0x00000000c0000000, 0x00000000c4300000, 0x00000000eab00000)
  object space 68608K, 30% used [0x00000000c0000000,0x00000000c143eb30,0x00000000c4300000)
 Metaspace       used 42701K, committed 43456K, reserved 1114112K
  class space    used 4313K, committed 4672K, reserved 1048576K
}
Event: 33.137 GC heap after
{Heap after GC invocations=21 (full 2):
 PSYoungGen      total 23552K, used 1307K [0x00000000eab00000, 0x00000000ec480000, 0x0000000100000000)
  eden space 22016K, 0% used [0x00000000eab00000,0x00000000eab00000,0x00000000ec080000)
  from space 1536K, 85% used [0x00000000ec180000,0x00000000ec2c6ea0,0x00000000ec300000)
  to   space 1536K, 0% used [0x00000000ec300000,0x00000000ec300000,0x00000000ec480000)
 ParOldGen       total 68608K, used 21229K [0x00000000c0000000, 0x00000000c4300000, 0x00000000eab00000)
  object space 68608K, 30% used [0x00000000c0000000,0x00000000c14bb518,0x00000000c4300000)
 Metaspace       used 42701K, committed 43456K, reserved 1114112K
  class space    used 4313K, committed 4672K, reserved 1048576K
}
Event: 33.256 GC heap before
{Heap before GC invocations=22 (full 2):
 PSYoungGen      total 23552K, used 23323K [0x00000000eab00000, 0x00000000ec480000, 0x0000000100000000)
  eden space 22016K, 100% used [0x00000000eab00000,0x00000000ec080000,0x00000000ec080000)
  from space 1536K, 85% used [0x00000000ec180000,0x00000000ec2c6ea0,0x00000000ec300000)
  to   space 1536K, 0% used [0x00000000ec300000,0x00000000ec300000,0x00000000ec480000)
 ParOldGen       total 68608K, used 21229K [0x00000000c0000000, 0x00000000c4300000, 0x00000000eab00000)
  object space 68608K, 30% used [0x00000000c0000000,0x00000000c14bb518,0x00000000c4300000)
 Metaspace       used 42718K, committed 43520K, reserved 1114112K
  class space    used 4313K, committed 4672K, reserved 1048576K
}
Event: 33.259 GC heap after
{Heap after GC invocations=22 (full 2):
 PSYoungGen      total 23040K, used 544K [0x00000000eab00000, 0x00000000ec400000, 0x0000000100000000)
  eden space 22016K, 0% used [0x00000000eab00000,0x00000000eab00000,0x00000000ec080000)
  from space 1024K, 53% used [0x00000000ec300000,0x00000000ec388000,0x00000000ec400000)
  to   space 1024K, 0% used [0x00000000ec200000,0x00000000ec200000,0x00000000ec300000)
 ParOldGen       total 68608K, used 22431K [0x00000000c0000000, 0x00000000c4300000, 0x00000000eab00000)
  object space 68608K, 32% used [0x00000000c0000000,0x00000000c15e7f00,0x00000000c4300000)
 Metaspace       used 42718K, committed 43520K, reserved 1114112K
  class space    used 4313K, committed 4672K, reserved 1048576K
}
Event: 33.384 GC heap before
{Heap before GC invocations=23 (full 2):
 PSYoungGen      total 23040K, used 22560K [0x00000000eab00000, 0x00000000ec400000, 0x0000000100000000)
  eden space 22016K, 100% used [0x00000000eab00000,0x00000000ec080000,0x00000000ec080000)
  from space 1024K, 53% used [0x00000000ec300000,0x00000000ec388000,0x00000000ec400000)
  to   space 1024K, 0% used [0x00000000ec200000,0x00000000ec200000,0x00000000ec300000)
 ParOldGen       total 68608K, used 22431K [0x00000000c0000000, 0x00000000c4300000, 0x00000000eab00000)
  object space 68608K, 32% used [0x00000000c0000000,0x00000000c15e7f00,0x00000000c4300000)
 Metaspace       used 42727K, committed 43520K, reserved 1114112K
  class space    used 4313K, committed 4672K, reserved 1048576K
}
Event: 33.386 GC heap after
{Heap after GC invocations=23 (full 2):
 PSYoungGen      total 23040K, used 611K [0x00000000eab00000, 0x00000000ec380000, 0x0000000100000000)
  eden space 22016K, 0% used [0x00000000eab00000,0x00000000eab00000,0x00000000ec080000)
  from space 1024K, 59% used [0x00000000ec200000,0x00000000ec298f10,0x00000000ec300000)
  to   space 512K, 0% used [0x00000000ec300000,0x00000000ec300000,0x00000000ec380000)
 ParOldGen       total 68608K, used 22844K [0x00000000c0000000, 0x00000000c4300000, 0x00000000eab00000)
  object space 68608K, 33% used [0x00000000c0000000,0x00000000c164f380,0x00000000c4300000)
 Metaspace       used 42727K, committed 43520K, reserved 1114112K
  class space    used 4313K, committed 4672K, reserved 1048576K
}

Dll operation events (10 events):
Event: 0.106 Loaded shared library c:\Users\PORT-DELL-EMILIO\.vscode\extensions\redhat.java-1.31.0-win32-x64\jre\17.0.11-win32-x86_64\bin\java.dll
Event: 0.828 Loaded shared library c:\Users\PORT-DELL-EMILIO\.vscode\extensions\redhat.java-1.31.0-win32-x64\jre\17.0.11-win32-x86_64\bin\zip.dll
Event: 0.845 Loaded shared library C:\Users\PORT-DELL-EMILIO\.vscode\extensions\redhat.java-1.31.0-win32-x64\jre\17.0.11-win32-x86_64\bin\instrument.dll
Event: 0.892 Loaded shared library C:\Users\PORT-DELL-EMILIO\.vscode\extensions\redhat.java-1.31.0-win32-x64\jre\17.0.11-win32-x86_64\bin\net.dll
Event: 0.902 Loaded shared library C:\Users\PORT-DELL-EMILIO\.vscode\extensions\redhat.java-1.31.0-win32-x64\jre\17.0.11-win32-x86_64\bin\nio.dll
Event: 0.939 Loaded shared library C:\Users\PORT-DELL-EMILIO\.vscode\extensions\redhat.java-1.31.0-win32-x64\jre\17.0.11-win32-x86_64\bin\zip.dll
Event: 0.986 Loaded shared library C:\Users\PORT-DELL-EMILIO\.vscode\extensions\redhat.java-1.31.0-win32-x64\jre\17.0.11-win32-x86_64\bin\jimage.dll
Event: 1.278 Loaded shared library c:\Users\PORT-DELL-EMILIO\.vscode\extensions\redhat.java-1.31.0-win32-x64\jre\17.0.11-win32-x86_64\bin\verify.dll
Event: 6.143 Loaded shared library C:\Users\PORT-DELL-EMILIO\AppData\Roaming\Code\User\globalStorage\redhat.java\1.31.0\config_ss_win\org.eclipse.equinox.launcher\org.eclipse.equinox.launcher.win32.win32.x86_64_1.2.1000.v20240507-1834\eclipse_11902.dll
Event: 14.104 Loaded shared library C:\Users\PORT-DELL-EMILIO\AppData\Local\Temp\jna-886660209\jna7885631617341236025.dll

Deoptimization events (20 events):
Event: 33.067 Thread 0x00000203ada61ed0 Uncommon trap: trap_request=0xffffff6e fr.pc=0x000002039d696510 relative=0x00000000000001f0
Event: 33.067 Thread 0x00000203ada61ed0 Uncommon trap: reason=loop_limit_check action=maybe_recompile pc=0x000002039d696510 method=org.eclipse.jdt.internal.core.util.HashSetOfArray.hashCode([Ljava/lang/Object;I)I @ 27 c2
Event: 33.067 Thread 0x00000203ada61ed0 DEOPT PACKING pc=0x000002039d696510 sp=0x00000039b08fdf10
Event: 33.067 Thread 0x00000203ada61ed0 DEOPT UNPACKING pc=0x000002039cf766a3 sp=0x00000039b08fde98 mode 2
Event: 33.083 Thread 0x00000203ada61ed0 Uncommon trap: trap_request=0xffffff45 fr.pc=0x000002039d680bec relative=0x000000000000014c
Event: 33.083 Thread 0x00000203ada61ed0 Uncommon trap: reason=unstable_if action=reinterpret pc=0x000002039d680bec method=org.eclipse.jdt.internal.compiler.util.Util.isClassFileName(Ljava/lang/String;)Z @ 20 c2
Event: 33.083 Thread 0x00000203ada61ed0 DEOPT PACKING pc=0x000002039d680bec sp=0x00000039b08fdde0
Event: 33.083 Thread 0x00000203ada61ed0 DEOPT UNPACKING pc=0x000002039cf766a3 sp=0x00000039b08fdd60 mode 2
Event: 33.085 Thread 0x00000203ada61ed0 Uncommon trap: trap_request=0xffffff45 fr.pc=0x000002039d68cd18 relative=0x0000000000000098
Event: 33.085 Thread 0x00000203ada61ed0 Uncommon trap: reason=unstable_if action=reinterpret pc=0x000002039d68cd18 method=org.eclipse.jdt.internal.compiler.impl.CompilerOptions.versionFromJdkLevel(J)Ljava/lang/String; @ 7 c2
Event: 33.085 Thread 0x00000203ada61ed0 DEOPT PACKING pc=0x000002039d68cd18 sp=0x00000039b08fde60
Event: 33.085 Thread 0x00000203ada61ed0 DEOPT UNPACKING pc=0x000002039cf766a3 sp=0x00000039b08fddf8 mode 2
Event: 33.392 Thread 0x00000203ada61ed0 Uncommon trap: trap_request=0xffffff45 fr.pc=0x000002039d695b00 relative=0x0000000000000640
Event: 33.392 Thread 0x00000203ada61ed0 Uncommon trap: reason=unstable_if action=reinterpret pc=0x000002039d695b00 method=org.eclipse.jdt.internal.core.util.HashtableOfArrayToObject.get([Ljava/lang/Object;)Ljava/lang/Object; @ 64 c2
Event: 33.393 Thread 0x00000203ada61ed0 DEOPT PACKING pc=0x000002039d695b00 sp=0x00000039b08fe0c0
Event: 33.393 Thread 0x00000203ada61ed0 DEOPT UNPACKING pc=0x000002039cf766a3 sp=0x00000039b08fe080 mode 2
Event: 33.393 Thread 0x00000203ada61ed0 Uncommon trap: trap_request=0xffffff45 fr.pc=0x000002039d698ca4 relative=0x00000000000003c4
Event: 33.393 Thread 0x00000203ada61ed0 Uncommon trap: reason=unstable_if action=reinterpret pc=0x000002039d698ca4 method=org.eclipse.jdt.internal.core.util.HashtableOfArrayToObject.put([Ljava/lang/Object;Ljava/lang/Object;)Ljava/lang/Object; @ 36 c2
Event: 33.393 Thread 0x00000203ada61ed0 DEOPT PACKING pc=0x000002039d698ca4 sp=0x00000039b08fe0b0
Event: 33.393 Thread 0x00000203ada61ed0 DEOPT UNPACKING pc=0x000002039cf766a3 sp=0x00000039b08fe070 mode 2

Classes unloaded (7 events):
Event: 9.847 Thread 0x00000203915ffb60 Unloading class 0x000000010021a400 'java/lang/invoke/LambdaForm$MH+0x000000010021a400'
Event: 9.847 Thread 0x00000203915ffb60 Unloading class 0x000000010021a000 'java/lang/invoke/LambdaForm$MH+0x000000010021a000'
Event: 9.847 Thread 0x00000203915ffb60 Unloading class 0x0000000100219c00 'java/lang/invoke/LambdaForm$MH+0x0000000100219c00'
Event: 9.847 Thread 0x00000203915ffb60 Unloading class 0x0000000100219800 'java/lang/invoke/LambdaForm$MH+0x0000000100219800'
Event: 9.847 Thread 0x00000203915ffb60 Unloading class 0x0000000100219400 'java/lang/invoke/LambdaForm$BMH+0x0000000100219400'
Event: 9.847 Thread 0x00000203915ffb60 Unloading class 0x0000000100219000 'java/lang/invoke/LambdaForm$DMH+0x0000000100219000'
Event: 9.847 Thread 0x00000203915ffb60 Unloading class 0x0000000100214400 'java/lang/invoke/LambdaForm$DMH+0x0000000100214400'

Classes redefined (0 events):
No events

Internal exceptions (20 events):
Event: 26.342 Thread 0x00000203ada60580 Exception <a 'sun/nio/fs/WindowsException'{0x00000000eb2b8328}> (0x00000000eb2b8328) 
thrown [s\src\hotspot\share\prims\jni.cpp, line 516]
Event: 26.402 Thread 0x00000203ada60580 Exception <a 'sun/nio/fs/WindowsException'{0x00000000eb2cb160}> (0x00000000eb2cb160) 
thrown [s\src\hotspot\share\prims\jni.cpp, line 516]
Event: 26.403 Thread 0x00000203ada60580 Exception <a 'sun/nio/fs/WindowsException'{0x00000000eb2cbf48}> (0x00000000eb2cbf48) 
thrown [s\src\hotspot\share\prims\jni.cpp, line 516]
Event: 26.406 Thread 0x00000203ada60580 Exception <a 'sun/nio/fs/WindowsException'{0x00000000eb2cd8d8}> (0x00000000eb2cd8d8) 
thrown [s\src\hotspot\share\prims\jni.cpp, line 516]
Event: 26.407 Thread 0x00000203ada60580 Exception <a 'sun/nio/fs/WindowsException'{0x00000000eb2ce1d8}> (0x00000000eb2ce1d8) 
thrown [s\src\hotspot\share\prims\jni.cpp, line 516]
Event: 26.407 Thread 0x00000203ada60580 Exception <a 'sun/nio/fs/WindowsException'{0x00000000eb2ceea8}> (0x00000000eb2ceea8) 
thrown [s\src\hotspot\share\prims\jni.cpp, line 516]
Event: 26.408 Thread 0x00000203ada60580 Exception <a 'sun/nio/fs/WindowsException'{0x00000000eb2cf7a8}> (0x00000000eb2cf7a8) 
thrown [s\src\hotspot\share\prims\jni.cpp, line 516]
Event: 26.410 Thread 0x00000203ada60580 Exception <a 'sun/nio/fs/WindowsException'{0x00000000eb2d04f8}> (0x00000000eb2d04f8) 
thrown [s\src\hotspot\share\prims\jni.cpp, line 516]
Event: 26.410 Thread 0x00000203ada60580 Exception <a 'sun/nio/fs/WindowsException'{0x00000000eb2d0df8}> (0x00000000eb2d0df8) 
thrown [s\src\hotspot\share\prims\jni.cpp, line 516]
Event: 26.525 Thread 0x00000203ada60580 Exception <a 'java/lang/NoSuchMethodError'{0x00000000eb30b3d8}: 'void java.lang.invoke.DirectMethodHandle$Holder.invokeVirtual(java.lang.Object, java.lang.Object, java.lang.Object, java.lang.Object)'> (0x00000000eb30b3d8) 
thrown [s\src\hotspot\share\interpreter\linkResolver.cpp, line 759]
Event: 28.112 Thread 0x00000203acb32450 Exception <a 'java/io/FileNotFoundException'{0x00000000ec1ff498}> (0x00000000ec1ff498) 
thrown [s\src\hotspot\share\prims\jni.cpp, line 516]
Event: 28.154 Thread 0x00000203acb32450 Exception <a 'java/io/FileNotFoundException'{0x00000000eaca0f90}> (0x00000000eaca0f90) 
thrown [s\src\hotspot\share\prims\jni.cpp, line 516]
Event: 28.155 Thread 0x00000203acb32450 Exception <a 'java/io/FileNotFoundException'{0x00000000eaca2010}> (0x00000000eaca2010) 
thrown [s\src\hotspot\share\prims\jni.cpp, line 516]
Event: 28.213 Thread 0x00000203acb32450 Exception <a 'java/io/FileNotFoundException'{0x00000000eaca2e08}> (0x00000000eaca2e08) 
thrown [s\src\hotspot\share\prims\jni.cpp, line 516]
Event: 28.221 Thread 0x00000203ada60580 Exception <a 'java/lang/LinkageError'{0x00000000ead73828}: loader lombok.launch.ShadowClassLoader @1476526b attempted duplicate class definition for lombok.launch.PatchFixesHider$Transform. (lombok.launch.PatchFixesHider$Transform is in unnamed module of loader lombok.launch.ShadowClassLoader @1476526b, parent loader org.eclipse.osgi.internal.loader.EquinoxClassLoader @65ca8f6e)> (0x00000000ead73828) 
thrown [s\src\hotspot\share\classfile\systemDictionary.cpp, line 1723]
Event: 28.238 Thread 0x00000203ada63d30 Exception <a 'java/lang/LinkageError'{0x00000000eadb4070}: loader lombok.launch.ShadowClassLoader @1476526b attempted duplicate class definition for lombok.launch.PatchFixesHider$Transform. (lombok.launch.PatchFixesHider$Transform is in unnamed module of loader lombok.launch.ShadowClassLoader @1476526b, parent loader org.eclipse.osgi.internal.loader.EquinoxClassLoader @65ca8f6e)> (0x00000000eadb4070) 
thrown [s\src\hotspot\share\classfile\systemDictionary.cpp, line 1723]
Event: 30.666 Thread 0x00000203ada65680 Implicit null exception at 0x000002039d5dfccc to 0x000002039d5e098c
Event: 31.060 Thread 0x00000203ada65680 Exception <a 'java/lang/LinkageError'{0x00000000eb5355b0}: loader lombok.launch.ShadowClassLoader @414d699f attempted duplicate class definition for lombok.launch.PatchFixesHider$FieldInitializer. (lombok.launch.PatchFixesHider$FieldInitializer is in unnamed module of loader lombok.launch.ShadowClassLoader @414d699f, parent loader org.eclipse.osgi.internal.loader.EquinoxClassLoader @a16e580)> (0x00000000eb5355b0) 
thrown [s\src\hotspot\share\classfile\systemDictionary.cpp, line 1723]
Event: 31.644 Thread 0x00000203ada61ed0 Exception <a 'java/lang/NoSuchMethodError'{0x00000000ebbb8878}: 'int java.lang.invoke.DirectMethodHandle$Holder.invokeVirtual(java.lang.Object, java.lang.Object)'> (0x00000000ebbb8878) 
thrown [s\src\hotspot\share\interpreter\linkResolver.cpp, line 759]
Event: 32.067 Thread 0x00000203ada60580 Exception <a 'java/lang/ArrayIndexOutOfBoundsException'{0x00000000ebd0f090}: Index 336 out of bounds for length 335> (0x00000000ebd0f090) 
thrown [s\src\hotspot\share\interpreter\interpreterRuntime.cpp, line 428]

VM Operations (20 events):
Event: 32.586 Executing VM operation: ParallelGCFailedAllocation
Event: 32.591 Executing VM operation: ParallelGCFailedAllocation done
Event: 32.708 Executing VM operation: ParallelGCFailedAllocation
Event: 32.711 Executing VM operation: ParallelGCFailedAllocation done
Event: 32.785 Executing VM operation: ParallelGCFailedAllocation
Event: 32.787 Executing VM operation: ParallelGCFailedAllocation done
Event: 32.845 Executing VM operation: ParallelGCFailedAllocation
Event: 32.849 Executing VM operation: ParallelGCFailedAllocation done
Event: 32.908 Executing VM operation: ParallelGCFailedAllocation
Event: 32.912 Executing VM operation: ParallelGCFailedAllocation done
Event: 33.072 Executing VM operation: ParallelGCFailedAllocation
Event: 33.072 Executing VM operation: ParallelGCFailedAllocation done
Event: 33.072 Executing VM operation: ParallelGCSystemGC
Event: 33.074 Executing VM operation: ParallelGCSystemGC done
Event: 33.135 Executing VM operation: ParallelGCFailedAllocation
Event: 33.138 Executing VM operation: ParallelGCFailedAllocation done
Event: 33.256 Executing VM operation: ParallelGCFailedAllocation
Event: 33.259 Executing VM operation: ParallelGCFailedAllocation done
Event: 33.384 Executing VM operation: ParallelGCFailedAllocation
Event: 33.386 Executing VM operation: ParallelGCFailedAllocation done

Events (20 events):
Event: 30.812 loading class java/util/regex/Pattern$Caret
Event: 30.812 loading class java/util/regex/Pattern$Caret done
Event: 31.130 loading class java/util/Hashtable$ValueCollection
Event: 31.131 loading class java/util/Hashtable$ValueCollection done
Event: 31.594 loading class java/util/regex/PatternSyntaxException
Event: 31.595 loading class java/util/regex/PatternSyntaxException done
Event: 31.609 Thread 0x00000203ada61ed0 Thread added: 0x00000203ada61ed0
Event: 31.653 loading class java/util/concurrent/CompletionException
Event: 31.654 loading class java/util/concurrent/CompletionException done
Event: 31.668 Thread 0x00000203ae450a70 Thread added: 0x00000203ae450a70
Event: 32.010 Thread 0x00000203ae450a70 Thread exited: 0x00000203ae450a70
Event: 32.150 loading class java/lang/UnsupportedClassVersionError
Event: 32.150 loading class java/lang/UnsupportedClassVersionError done
Event: 32.153 loading class java/io/FileReader
Event: 32.153 loading class java/io/FileReader done
Event: 32.168 loading class jdk/internal/reflect/UnsafeQualifiedStaticIntegerFieldAccessorImpl
Event: 32.168 loading class jdk/internal/reflect/UnsafeQualifiedStaticIntegerFieldAccessorImpl done
Event: 32.249 Thread 0x00000203ae450a70 Thread added: 0x00000203ae450a70
Event: 32.896 Thread 0x00000203ae450a70 Thread exited: 0x00000203ae450a70
Event: 33.212 Thread 0x00000203aed3afa0 Thread added: 0x00000203aed3afa0


Dynamic libraries:
0x00007ff664650000 - 0x00007ff66465e000 	c:\Users\PORT-DELL-EMILIO\.vscode\extensions\redhat.java-1.31.0-win32-x64\jre\17.0.11-win32-x86_64\bin\java.exe
0x00007ffc36f10000 - 0x00007ffc37108000 	C:\WINDOWS\SYSTEM32\ntdll.dll
0x00007ffc36d60000 - 0x00007ffc36e1d000 	C:\WINDOWS\System32\KERNEL32.DLL
0x00007ffc345a0000 - 0x00007ffc34896000 	C:\WINDOWS\System32\KERNELBASE.dll
0x00007ffc34bd0000 - 0x00007ffc34cd0000 	C:\WINDOWS\System32\ucrtbase.dll
0x00007ffc276f0000 - 0x00007ffc27707000 	c:\Users\PORT-DELL-EMILIO\.vscode\extensions\redhat.java-1.31.0-win32-x64\jre\17.0.11-win32-x86_64\bin\jli.dll
0x00007ffc36bc0000 - 0x00007ffc36d5f000 	C:\WINDOWS\System32\USER32.dll
0x00007ffc34ef0000 - 0x00007ffc34f12000 	C:\WINDOWS\System32\win32u.dll
0x00007ffc350d0000 - 0x00007ffc350fb000 	C:\WINDOWS\System32\GDI32.dll
0x00007ffc34a00000 - 0x00007ffc34b17000 	C:\WINDOWS\System32\gdi32full.dll
0x00007ffc34960000 - 0x00007ffc349fd000 	C:\WINDOWS\System32\msvcp_win.dll
0x00007ffc24ae0000 - 0x00007ffc24afb000 	c:\Users\PORT-DELL-EMILIO\.vscode\extensions\redhat.java-1.31.0-win32-x64\jre\17.0.11-win32-x86_64\bin\VCRUNTIME140.dll
0x00007ffc207c0000 - 0x00007ffc20a5a000 	C:\WINDOWS\WinSxS\amd64_microsoft.windows.common-controls_6595b64144ccf1df_6.0.19041.4355_none_60b8b9eb71f62e16\COMCTL32.dll
0x00007ffc35910000 - 0x00007ffc359ae000 	C:\WINDOWS\System32\msvcrt.dll
0x00007ffc35780000 - 0x00007ffc357af000 	C:\WINDOWS\System32\IMM32.DLL
0x00007ffc29610000 - 0x00007ffc2961c000 	c:\Users\PORT-DELL-EMILIO\.vscode\extensions\redhat.java-1.31.0-win32-x64\jre\17.0.11-win32-x86_64\bin\vcruntime140_1.dll
0x00007ffc12920000 - 0x00007ffc129ad000 	c:\Users\PORT-DELL-EMILIO\.vscode\extensions\redhat.java-1.31.0-win32-x64\jre\17.0.11-win32-x86_64\bin\msvcp140.dll
0x00007ffbf6c90000 - 0x00007ffbf78f2000 	c:\Users\PORT-DELL-EMILIO\.vscode\extensions\redhat.java-1.31.0-win32-x64\jre\17.0.11-win32-x86_64\bin\server\jvm.dll
0x00007ffc35640000 - 0x00007ffc356f0000 	C:\WINDOWS\System32\ADVAPI32.dll
0x00007ffc36820000 - 0x00007ffc368c0000 	C:\WINDOWS\System32\sechost.dll
0x00007ffc36300000 - 0x00007ffc36423000 	C:\WINDOWS\System32\RPCRT4.dll
0x00007ffc348a0000 - 0x00007ffc348c7000 	C:\WINDOWS\System32\bcrypt.dll
0x00007ffc34480000 - 0x00007ffc344cb000 	C:\WINDOWS\SYSTEM32\POWRPROF.dll
0x00007ffc27750000 - 0x00007ffc27759000 	C:\WINDOWS\SYSTEM32\WSOCK32.dll
0x00007ffc355d0000 - 0x00007ffc3563b000 	C:\WINDOWS\System32\WS2_32.dll
0x00007ffc21600000 - 0x00007ffc21627000 	C:\WINDOWS\SYSTEM32\WINMM.dll
0x00007ffc2cc20000 - 0x00007ffc2cc2a000 	C:\WINDOWS\SYSTEM32\VERSION.dll
0x00007ffc34460000 - 0x00007ffc34472000 	C:\WINDOWS\SYSTEM32\UMPDC.dll
0x00007ffc323e0000 - 0x00007ffc323f2000 	C:\WINDOWS\SYSTEM32\kernel.appcore.dll
0x00007ffc24b10000 - 0x00007ffc24b1a000 	c:\Users\PORT-DELL-EMILIO\.vscode\extensions\redhat.java-1.31.0-win32-x64\jre\17.0.11-win32-x86_64\bin\jimage.dll
0x00007ffc1d6f0000 - 0x00007ffc1d8d4000 	C:\WINDOWS\SYSTEM32\DBGHELP.DLL
0x00007ffc1b940000 - 0x00007ffc1b974000 	C:\WINDOWS\SYSTEM32\dbgcore.DLL
0x00007ffc348d0000 - 0x00007ffc34952000 	C:\WINDOWS\System32\bcryptPrimitives.dll
0x00007ffc24a50000 - 0x00007ffc24a5e000 	c:\Users\PORT-DELL-EMILIO\.vscode\extensions\redhat.java-1.31.0-win32-x64\jre\17.0.11-win32-x86_64\bin\instrument.dll
0x00007ffc1d120000 - 0x00007ffc1d145000 	c:\Users\PORT-DELL-EMILIO\.vscode\extensions\redhat.java-1.31.0-win32-x64\jre\17.0.11-win32-x86_64\bin\java.dll
0x00007ffc21ed0000 - 0x00007ffc21ee8000 	c:\Users\PORT-DELL-EMILIO\.vscode\extensions\redhat.java-1.31.0-win32-x64\jre\17.0.11-win32-x86_64\bin\zip.dll
0x00007ffc35ae0000 - 0x00007ffc3624c000 	C:\WINDOWS\System32\SHELL32.dll
0x00007ffc325e0000 - 0x00007ffc32d7d000 	C:\WINDOWS\SYSTEM32\windows.storage.dll
0x00007ffc36460000 - 0x00007ffc367b3000 	C:\WINDOWS\System32\combase.dll
0x00007ffc33e10000 - 0x00007ffc33e3e000 	C:\WINDOWS\SYSTEM32\Wldp.dll
0x00007ffc35a10000 - 0x00007ffc35add000 	C:\WINDOWS\System32\OLEAUT32.dll
0x00007ffc36250000 - 0x00007ffc362fd000 	C:\WINDOWS\System32\SHCORE.dll
0x00007ffc359b0000 - 0x00007ffc35a05000 	C:\WINDOWS\System32\shlwapi.dll
0x00007ffc344d0000 - 0x00007ffc344f4000 	C:\WINDOWS\SYSTEM32\profapi.dll
0x00007ffc1d100000 - 0x00007ffc1d119000 	C:\Users\PORT-DELL-EMILIO\.vscode\extensions\redhat.java-1.31.0-win32-x64\jre\17.0.11-win32-x86_64\bin\net.dll
0x00007ffc2f000000 - 0x00007ffc2f10a000 	C:\WINDOWS\SYSTEM32\WINHTTP.dll
0x00007ffc33bf0000 - 0x00007ffc33c5a000 	C:\WINDOWS\system32\mswsock.dll
0x00007ffc1ba60000 - 0x00007ffc1ba76000 	C:\Users\PORT-DELL-EMILIO\.vscode\extensions\redhat.java-1.31.0-win32-x64\jre\17.0.11-win32-x86_64\bin\nio.dll
0x00007ffc249c0000 - 0x00007ffc249d0000 	c:\Users\PORT-DELL-EMILIO\.vscode\extensions\redhat.java-1.31.0-win32-x64\jre\17.0.11-win32-x86_64\bin\verify.dll
0x00007ffc19a30000 - 0x00007ffc19a74000 	C:\Users\PORT-DELL-EMILIO\AppData\Roaming\Code\User\globalStorage\redhat.java\1.31.0\config_ss_win\org.eclipse.equinox.launcher\org.eclipse.equinox.launcher.win32.win32.x86_64_1.2.1000.v20240507-1834\eclipse_11902.dll
0x00007ffc36a90000 - 0x00007ffc36bbb000 	C:\WINDOWS\System32\ole32.dll
0x00007ffc33e50000 - 0x00007ffc33e68000 	C:\WINDOWS\SYSTEM32\CRYPTSP.dll
0x00007ffc33530000 - 0x00007ffc33564000 	C:\WINDOWS\system32\rsaenh.dll
0x00007ffc34410000 - 0x00007ffc3443e000 	C:\WINDOWS\SYSTEM32\USERENV.dll
0x00007ffc33d80000 - 0x00007ffc33d8c000 	C:\WINDOWS\SYSTEM32\CRYPTBASE.dll
0x00007ffc338f0000 - 0x00007ffc3392b000 	C:\WINDOWS\SYSTEM32\IPHLPAPI.DLL
0x00007ffc36430000 - 0x00007ffc36438000 	C:\WINDOWS\System32\NSI.dll
0x00007ffc2ac40000 - 0x00007ffc2ac57000 	C:\WINDOWS\SYSTEM32\dhcpcsvc6.DLL
0x00007ffc2ac20000 - 0x00007ffc2ac3d000 	C:\WINDOWS\SYSTEM32\dhcpcsvc.DLL
0x00007ffc33980000 - 0x00007ffc33a4a000 	C:\WINDOWS\SYSTEM32\DNSAPI.dll
0x00007ffc14180000 - 0x00007ffc141c5000 	C:\Users\PORT-DELL-EMILIO\AppData\Local\Temp\jna-886660209\jna7885631617341236025.dll
0x00007ffc357b0000 - 0x00007ffc357b8000 	C:\WINDOWS\System32\PSAPI.DLL

dbghelp: loaded successfully - version: 4.0.5 - missing functions: none
symbol engine: initialized successfully - sym options: 0x614 - pdb path: .;c:\Users\PORT-DELL-EMILIO\.vscode\extensions\redhat.java-1.31.0-win32-x64\jre\17.0.11-win32-x86_64\bin;C:\WINDOWS\SYSTEM32;C:\WINDOWS\WinSxS\amd64_microsoft.windows.common-controls_6595b64144ccf1df_6.0.19041.4355_none_60b8b9eb71f62e16;c:\Users\PORT-DELL-EMILIO\.vscode\extensions\redhat.java-1.31.0-win32-x64\jre\17.0.11-win32-x86_64\bin\server;C:\Users\PORT-DELL-EMILIO\AppData\Roaming\Code\User\globalStorage\redhat.java\1.31.0\config_ss_win\org.eclipse.equinox.launcher\org.eclipse.equinox.launcher.win32.win32.x86_64_1.2.1000.v20240507-1834;C:\Users\PORT-DELL-EMILIO\AppData\Local\Temp\jna-886660209

VM Arguments:
jvm_args: --add-modules=ALL-SYSTEM --add-opens=java.base/java.util=ALL-UNNAMED --add-opens=java.base/java.lang=ALL-UNNAMED --add-opens=java.base/sun.nio.fs=ALL-UNNAMED -Declipse.application=org.eclipse.jdt.ls.core.id1 -Dosgi.bundles.defaultStartLevel=4 -Declipse.product=org.eclipse.jdt.ls.core.product -Djava.import.generatesMetadataFilesAtProjectRoot=false -DDetectVMInstallationsJob.disabled=true -Dfile.encoding=utf8 -XX:+UseParallelGC -XX:GCTimeRatio=4 -XX:AdaptiveSizePolicyWeight=90 -Dsun.zip.disableMemoryMapping=true -Xmx1G -Xms100m -Xlog:disable -javaagent:c:\Users\PORT-DELL-EMILIO\.vscode\extensions\redhat.java-1.31.0-win32-x64\lombok\lombok-1.18.32.jar 
java_command: c:\Users\PORT-DELL-EMILIO\.vscode\extensions\redhat.java-1.31.0-win32-x64\server\plugins\org.eclipse.equinox.launcher_1.6.800.v20240513-1750.jar -configuration c:\Users\PORT-DELL-EMILIO\AppData\Roaming\Code\User\globalStorage\redhat.java\1.31.0\config_ss_win -data c:\Users\PORT-DELL-EMILIO\AppData\Roaming\Code\User\workspaceStorage\9914ae774984ff7cd367b2d3b4f7f0e2\redhat.java\ss_ws --pipe=\\.\pipe\lsp-a2840f2abd3d209c04189d1653c3e530-sock
java_class_path (initial): c:\Users\PORT-DELL-EMILIO\.vscode\extensions\redhat.java-1.31.0-win32-x64\server\plugins\org.eclipse.equinox.launcher_1.6.800.v20240513-1750.jar
Launcher Type: SUN_STANDARD

[Global flags]
    uintx AdaptiveSizePolicyWeight                 = 90                                        {product} {command line}
     intx CICompilerCount                          = 3                                         {product} {ergonomic}
    uintx GCTimeRatio                              = 4                                         {product} {command line}
   size_t InitialHeapSize                          = 104857600                                 {product} {command line}
   size_t MaxHeapSize                              = 1073741824                                {product} {command line}
   size_t MaxNewSize                               = 357564416                                 {product} {ergonomic}
   size_t MinHeapDeltaBytes                        = 524288                                    {product} {ergonomic}
   size_t MinHeapSize                              = 104857600                                 {product} {command line}
   size_t NewSize                                  = 34603008                                  {product} {ergonomic}
    uintx NonNMethodCodeHeapSize                   = 5832780                                {pd product} {ergonomic}
    uintx NonProfiledCodeHeapSize                  = 122912730                              {pd product} {ergonomic}
   size_t OldSize                                  = 70254592                                  {product} {ergonomic}
    uintx ProfiledCodeHeapSize                     = 122912730                              {pd product} {ergonomic}
    uintx ReservedCodeCacheSize                    = 251658240                              {pd product} {ergonomic}
     bool SegmentedCodeCache                       = true                                      {product} {ergonomic}
   size_t SoftMaxHeapSize                          = 1073741824                             {manageable} {ergonomic}
     bool UseCompressedClassPointers               = true                           {product lp64_product} {ergonomic}
     bool UseCompressedOops                        = true                           {product lp64_product} {ergonomic}
     bool UseLargePagesIndividualAllocation        = false                                  {pd product} {ergonomic}
     bool UseParallelGC                            = true                                      {product} {command line}

Logging:
Log output configuration:
 #0: stdout all=off uptime,level,tags
 #1: stderr all=off uptime,level,tags

Environment Variables:
PATH=C:\Program Files\Microsoft MPI\Bin\;C:\Program Files (x86)\Common Files\Oracle\Java\javapath;C:\WINDOWS\system32;C:\WINDOWS;C:\WINDOWS\System32\Wbem;C:\WINDOWS\System32\WindowsPowerShell\v1.0\;C:\WINDOWS\System32\OpenSSH\;C:\Program Files\Inkscape\bin;C:\Program Files\AutoFirma\AutoFirma;C:\Program Files\Microsoft SQL Server\Client SDK\ODBC\130\Tools\Binn\;C:\Program Files (x86)\Microsoft SQL Server\160\DTS\Binn\;C:\Program Files\Git\cmd;C:\Users\PORT-DELL-EMILIO\AppData\Local\Microsoft\WindowsApps;C:\Program Files\Azure Data Studio\bin;C:\Users\PORT-DELL-EMILIO\AppData\Local\Programs\Microsoft VS Code\bin
USERNAME=PORT-DELL-EMILIO
OS=Windows_NT
PROCESSOR_IDENTIFIER=Intel64 Family 6 Model 69 Stepping 1, GenuineIntel
TMP=C:\Users\PORT-D~1\AppData\Local\Temp
TEMP=C:\Users\PORT-D~1\AppData\Local\Temp



Periodic native trim disabled


---------------  S Y S T E M  ---------------

OS:
 Windows 10 , 64 bit Build 19041 (10.0.19041.3636)
OS uptime: 2 days 4:10 hours
Hyper-V role detected

CPU: total 4 (initial active 4) (2 cores per cpu, 2 threads per core) family 6 model 69 stepping 1 microcode 0x25, cx8, cmov, fxsr, ht, mmx, sse, sse2, sse3, ssse3, sse4.1, sse4.2, popcnt, lzcnt, tsc, tscinvbit, avx, avx2, aes, erms, clmul, bmi1, bmi2, fma, vzeroupper, clflush, hv
Processor Information for all 4 processors :
  Max Mhz: 1700, Current Mhz: 1700, Mhz Limit: 1700

Memory: 4k page, system-wide physical 8096M (871M free)
TotalPageFile size 8096M (AvailPageFile size 3M)
current process WorkingSet (physical memory assigned to process): 181M, peak: 181M
current process commit charge ("private bytes"): 258M, peak: 263M

vm_info: OpenJDK 64-Bit Server VM (17.0.11+9) for windows-amd64 JRE (17.0.11+9), built on Apr 17 2024 06:07:48 by "admin" with MS VC++ 16.10 / 16.11 (VS2019)

END.
