#
# There is insufficient memory for the Java Runtime Environment to continue.
# Native memory allocation (malloc) failed to allocate 100512 bytes. Error detail: Chunk::new
# Possible reasons:
#   The system is out of physical RAM or swap space
#   This process is running with CompressedOops enabled, and the Java Heap may be blocking the growth of the native heap
# Possible solutions:
#   Reduce memory load on the system
#   Increase physical memory or swap space
#   Check if swap backing store is full
#   Decrease Java heap size (-Xmx/-Xms)
#   Decrease number of Java threads
#   Decrease Java thread stack sizes (-Xss)
#   Set larger code cache with -XX:ReservedCodeCacheSize=
#   JVM is running with Unscaled Compressed Oops mode in which the Java heap is
#     placed in the first 4GB address space. The Java Heap base address is the
#     maximum limit for the native heap growth. Please use -XX:HeapBaseMinAddress
#     to set the Java Heap base and to place the Java Heap above 4GB virtual address.
# This output file may be truncated or incomplete.
#
#  Out of Memory Error (arena.cpp:191), pid=14332, tid=14900
#
# JRE version: OpenJDK Runtime Environment Temurin-17.0.11+9 (17.0.11+9) (build 17.0.11+9)
# Java VM: OpenJDK 64-Bit Server VM Temurin-17.0.11+9 (17.0.11+9, mixed mode, tiered, compressed oops, compressed class ptrs, parallel gc, windows-amd64)
# No core dump will be written. Minidumps are not enabled by default on client versions of Windows
#

---------------  S U M M A R Y ------------

Command Line: --add-modules=ALL-SYSTEM --add-opens=java.base/java.util=ALL-UNNAMED --add-opens=java.base/java.lang=ALL-UNNAMED --add-opens=java.base/sun.nio.fs=ALL-UNNAMED -Declipse.application=org.eclipse.jdt.ls.core.id1 -Dosgi.bundles.defaultStartLevel=4 -Declipse.product=org.eclipse.jdt.ls.core.product -Djava.import.generatesMetadataFilesAtProjectRoot=false -DDetectVMInstallationsJob.disabled=true -Dfile.encoding=utf8 -XX:+UseParallelGC -XX:GCTimeRatio=4 -XX:AdaptiveSizePolicyWeight=90 -Dsun.zip.disableMemoryMapping=true -Xmx1G -Xms100m -Xlog:disable -javaagent:c:\Users\PORT-DELL-EMILIO\.vscode\extensions\redhat.java-1.31.0-win32-x64\lombok\lombok-1.18.32.jar -XX:+HeapDumpOnOutOfMemoryError -XX:HeapDumpPath=c:\Users\PORT-DELL-EMILIO\AppData\Roaming\Code\User\workspaceStorage\9914ae774984ff7cd367b2d3b4f7f0e2\redhat.java -Daether.dependencyCollector.impl=bf c:\Users\PORT-DELL-EMILIO\.vscode\extensions\redhat.java-1.31.0-win32-x64\server\plugins\org.eclipse.equinox.launcher_1.6.800.v20240513-1750.jar -configuration c:\Users\PORT-DELL-EMILIO\AppData\Roaming\Code\User\globalStorage\redhat.java\1.31.0\config_win -data c:\Users\PORT-DELL-EMILIO\AppData\Roaming\Code\User\workspaceStorage\9914ae774984ff7cd367b2d3b4f7f0e2\redhat.java\jdt_ws --pipe=\\.\pipe\lsp-301774c684dd223f2a9ee4243b184869-sock

Host: Intel(R) Core(TM) i3-4005U CPU @ 1.70GHz, 4 cores, 7G,  Windows 10 , 64 bit Build 19041 (10.0.19041.3636)
Time: Thu Jun 20 13:01:01 2024 Hora de verano romance elapsed time: 43.940379 seconds (0d 0h 0m 43s)

---------------  T H R E A D  ---------------

Current thread (0x0000022a608aa230):  JavaThread "C2 CompilerThread0" daemon [_thread_in_native, id=14900, stack(0x000000bbd2c00000,0x000000bbd2d00000)]


Current CompileTask:
C2:  43940 6364       4       java.util.WeakHashMap::get (75 bytes)

Stack: [0x000000bbd2c00000,0x000000bbd2d00000]
Native frames: (J=compiled Java code, j=interpreted, Vv=VM code, C=native code)
V  [jvm.dll+0x67d429]
V  [jvm.dll+0x834b7a]
V  [jvm.dll+0x83663e]
V  [jvm.dll+0x836ca3]
V  [jvm.dll+0x247dbf]
V  [jvm.dll+0xac534]
V  [jvm.dll+0xacb7c]
V  [jvm.dll+0x366647]
V  [jvm.dll+0x1bd272]
V  [jvm.dll+0x21a5c9]
V  [jvm.dll+0x2198b1]
V  [jvm.dll+0x1a534d]
V  [jvm.dll+0x2295cd]
V  [jvm.dll+0x22779c]
V  [jvm.dll+0x7e9d07]
V  [jvm.dll+0x7e410a]
V  [jvm.dll+0x67c315]
C  [ucrtbase.dll+0x21bb2]
C  [KERNEL32.DLL+0x17344]
C  [ntdll.dll+0x4cc91]


---------------  P R O C E S S  ---------------

Threads class SMR info:
_java_thread_list=0x0000022a68e783f0, length=32, elements={
0x0000022a4ca327b0, 0x0000022a60874750, 0x0000022a60877080, 0x0000022a608a65b0,
0x0000022a608a6e40, 0x0000022a608a7ac0, 0x0000022a608a9490, 0x0000022a608aa230,
0x0000022a608cbed0, 0x0000022a65b02d80, 0x0000022a4ca97040, 0x0000022a65d47c20,
0x0000022a662824d0, 0x0000022a66901f20, 0x0000022a66714030, 0x0000022a666ade70,
0x0000022a66542580, 0x0000022a66a28850, 0x0000022a66a27920, 0x0000022a66a25ac0,
0x0000022a66a28340, 0x0000022a66a27410, 0x0000022a66a27e30, 0x0000022a66a250a0,
0x0000022a66a264e0, 0x0000022a66a269f0, 0x0000022a671b8b50, 0x0000022a671b9f90,
0x0000022a671ba4a0, 0x0000022a671ba9b0, 0x0000022a671bb8e0, 0x0000022a671bbdf0
}

Java Threads: ( => current thread )
  0x0000022a4ca327b0 JavaThread "main" [_thread_blocked, id=10172, stack(0x000000bbd2300000,0x000000bbd2400000)]
  0x0000022a60874750 JavaThread "Reference Handler" daemon [_thread_blocked, id=13356, stack(0x000000bbd2600000,0x000000bbd2700000)]
  0x0000022a60877080 JavaThread "Finalizer" daemon [_thread_blocked, id=3976, stack(0x000000bbd2700000,0x000000bbd2800000)]
  0x0000022a608a65b0 JavaThread "Signal Dispatcher" daemon [_thread_blocked, id=14040, stack(0x000000bbd2800000,0x000000bbd2900000)]
  0x0000022a608a6e40 JavaThread "Attach Listener" daemon [_thread_blocked, id=4940, stack(0x000000bbd2900000,0x000000bbd2a00000)]
  0x0000022a608a7ac0 JavaThread "Service Thread" daemon [_thread_blocked, id=484, stack(0x000000bbd2a00000,0x000000bbd2b00000)]
  0x0000022a608a9490 JavaThread "Monitor Deflation Thread" daemon [_thread_blocked, id=13032, stack(0x000000bbd2b00000,0x000000bbd2c00000)]
=>0x0000022a608aa230 JavaThread "C2 CompilerThread0" daemon [_thread_in_native, id=14900, stack(0x000000bbd2c00000,0x000000bbd2d00000)]
  0x0000022a608cbed0 JavaThread "C1 CompilerThread0" daemon [_thread_blocked, id=12296, stack(0x000000bbd2d00000,0x000000bbd2e00000)]
  0x0000022a65b02d80 JavaThread "Sweeper thread" daemon [_thread_blocked, id=6160, stack(0x000000bbd2e00000,0x000000bbd2f00000)]
  0x0000022a4ca97040 JavaThread "Common-Cleaner" daemon [_thread_blocked, id=4828, stack(0x000000bbd2f00000,0x000000bbd3000000)]
  0x0000022a65d47c20 JavaThread "Notification Thread" daemon [_thread_blocked, id=14992, stack(0x000000bbd3000000,0x000000bbd3100000)]
  0x0000022a662824d0 JavaThread "Active Thread: Equinox Container: ddc73f48-1900-4fc9-890e-7037e27237c2" [_thread_blocked, id=13500, stack(0x000000bbd3500000,0x000000bbd3600000)]
  0x0000022a66901f20 JavaThread "Framework Event Dispatcher: Equinox Container: ddc73f48-1900-4fc9-890e-7037e27237c2" daemon [_thread_blocked, id=7908, stack(0x000000bbd3700000,0x000000bbd3800000)]
  0x0000022a66714030 JavaThread "Start Level: Equinox Container: ddc73f48-1900-4fc9-890e-7037e27237c2" daemon [_thread_blocked, id=8876, stack(0x000000bbd3800000,0x000000bbd3900000)]
  0x0000022a666ade70 JavaThread "Bundle File Closer" daemon [_thread_blocked, id=2176, stack(0x000000bbd3600000,0x000000bbd3700000)]
  0x0000022a66542580 JavaThread "SCR Component Actor" daemon [_thread_blocked, id=7964, stack(0x000000bbd3900000,0x000000bbd3a00000)]
  0x0000022a66a28850 JavaThread "Worker-JM" [_thread_blocked, id=8068, stack(0x000000bbd3b00000,0x000000bbd3c00000)]
  0x0000022a66a27920 JavaThread "Worker-0" [_thread_blocked, id=11852, stack(0x000000bbd3c00000,0x000000bbd3d00000)]
  0x0000022a66a25ac0 JavaThread "Worker-1" [_thread_blocked, id=5896, stack(0x000000bbd3d00000,0x000000bbd3e00000)]
  0x0000022a66a28340 JavaThread "Worker-2: Initialize workspace" [_thread_blocked, id=14928, stack(0x000000bbd3f00000,0x000000bbd4000000)]
  0x0000022a66a27410 JavaThread "Worker-3" [_thread_blocked, id=2756, stack(0x000000bbd4000000,0x000000bbd4100000)]
  0x0000022a66a27e30 JavaThread "Java indexing" daemon [_thread_blocked, id=15256, stack(0x000000bbd4100000,0x000000bbd4200000)]
  0x0000022a66a250a0 JavaThread "JNA Cleaner" daemon [_thread_blocked, id=8388, stack(0x000000bbd3a00000,0x000000bbd3b00000)]
  0x0000022a66a264e0 JavaThread "Thread-2" daemon [_thread_in_native, id=10748, stack(0x000000bbd4300000,0x000000bbd4400000)]
  0x0000022a66a269f0 JavaThread "Thread-3" daemon [_thread_in_native, id=12424, stack(0x000000bbd4400000,0x000000bbd4500000)]
  0x0000022a671b8b50 JavaThread "Thread-4" daemon [_thread_in_native, id=9040, stack(0x000000bbd4500000,0x000000bbd4600000)]
  0x0000022a671b9f90 JavaThread "Thread-5" daemon [_thread_in_native, id=344, stack(0x000000bbd4600000,0x000000bbd4700000)]
  0x0000022a671ba4a0 JavaThread "Thread-6" daemon [_thread_in_native, id=13584, stack(0x000000bbd4700000,0x000000bbd4800000)]
  0x0000022a671ba9b0 JavaThread "pool-2-thread-1" [_thread_blocked, id=3056, stack(0x000000bbd4800000,0x000000bbd4900000)]
  0x0000022a671bb8e0 JavaThread "WorkspaceEventsHandler" [_thread_blocked, id=9108, stack(0x000000bbd4a00000,0x000000bbd4b00000)]
  0x0000022a671bbdf0 JavaThread "pool-1-thread-1" [_thread_in_vm, id=8324, stack(0x000000bbd4b00000,0x000000bbd4c00000)]

Other Threads:
  0x0000022a4cae9490 VMThread "VM Thread" [stack: 0x000000bbd2500000,0x000000bbd2600000] [id=11352] _threads_hazard_ptr=0x0000022a68e783f0
  0x0000022a65d48100 WatcherThread [stack: 0x000000bbd3100000,0x000000bbd3200000] [id=13512]
  0x0000022a4ca4a950 GCTaskThread "GC Thread#0" [stack: 0x000000bbd2400000,0x000000bbd2500000] [id=9928]
  0x0000022a65d79910 GCTaskThread "GC Thread#1" [stack: 0x000000bbd3200000,0x000000bbd3300000] [id=1708]
  0x0000022a66451c30 GCTaskThread "GC Thread#2" [stack: 0x000000bbd3300000,0x000000bbd3400000] [id=12924]
  0x0000022a6627ecf0 GCTaskThread "GC Thread#3" [stack: 0x000000bbd3400000,0x000000bbd3500000] [id=11948]

Threads with active compile tasks:
C2 CompilerThread0    44178 6364       4       java.util.WeakHashMap::get (75 bytes)

VM state: synchronizing (normal execution)

VM Mutex/Monitor currently owned by a thread:  ([mutex/lock_event])
[0x0000022a4ca2e600] Metaspace_lock - owner thread: 0x0000022a671bbdf0
[0x0000022a4ca2e4e0] Threads_lock - owner thread: 0x0000022a4cae9490

Heap address: 0x00000000c0000000, size: 1024 MB, Compressed Oops mode: 32-bit

CDS archive(s) not mapped
Compressed class space mapped at: 0x0000000100000000-0x0000000140000000, reserved size: 1073741824
Narrow klass base: 0x0000000000000000, Narrow klass shift: 3, Narrow klass range: 0x140000000

GC Precious Log:
 CPUs: 4 total, 4 available
 Memory: 8096M
 Large Page Support: Disabled
 NUMA Support: Disabled
 Compressed Oops: Enabled (32-bit)
 Alignments: Space 512K, Generation 512K, Heap 2M
 Heap Min Capacity: 100M
 Heap Initial Capacity: 100M
 Heap Max Capacity: 1G
 Pre-touch: Disabled
 Parallel Workers: 4

Heap:
 PSYoungGen      total 22016K, used 10424K [0x00000000eab00000, 0x00000000ec280000, 0x0000000100000000)
  eden space 21504K, 46% used [0x00000000eab00000,0x00000000eb4de388,0x00000000ec000000)
  from space 512K, 62% used [0x00000000ec200000,0x00000000ec250000,0x00000000ec280000)
  to   space 1024K, 0% used [0x00000000ec080000,0x00000000ec080000,0x00000000ec180000)
 ParOldGen       total 68608K, used 27714K [0x00000000c0000000, 0x00000000c4300000, 0x00000000eab00000)
  object space 68608K, 40% used [0x00000000c0000000,0x00000000c1b10860,0x00000000c4300000)
 Metaspace       used 57833K, committed 58944K, reserved 1114112K
  class space    used 6283K, committed 6784K, reserved 1048576K

Card table byte_map: [0x0000022a4c3d0000,0x0000022a4c5e0000] _byte_map_base: 0x0000022a4bdd0000

Marking Bits: (ParMarkBitMap*) 0x00007ffbf782d820
 Begin Bits: [0x0000022a5e6d0000, 0x0000022a5f6d0000)
 End Bits:   [0x0000022a5f6d0000, 0x0000022a606d0000)

Polling page: 0x0000022a4a950000

Metaspace:

Usage:
  Non-class:     50.34 MB used.
      Class:      6.14 MB used.
       Both:     56.48 MB used.

Virtual space:
  Non-class space:       64.00 MB reserved,      50.94 MB ( 80%) committed,  1 nodes.
      Class space:        1.00 GB reserved,       6.62 MB ( <1%) committed,  1 nodes.
             Both:        1.06 GB reserved,      57.56 MB (  5%) committed. 

Chunk freelists:
   Non-Class:  12.55 MB
       Class:  9.41 MB
        Both:  21.96 MB

MaxMetaspaceSize: unlimited
CompressedClassSpaceSize: 1.00 GB
Initial GC threshold: 21.00 MB
Current GC threshold: 58.38 MB
CDS: off
MetaspaceReclaimPolicy: balanced
 - commit_granule_bytes: 65536.
 - commit_granule_words: 8192.
 - virtual_space_node_default_size: 8388608.
 - enlarge_chunks_in_place: 1.
 - new_chunks_are_fully_committed: 0.
 - uncommit_free_chunks: 1.
 - use_allocation_guard: 0.
 - handle_deallocations: 1.


Internal statistics:

num_allocs_failed_limit: 6.
num_arena_births: 584.
num_arena_deaths: 16.
num_vsnodes_births: 2.
num_vsnodes_deaths: 0.
num_space_committed: 921.
num_space_uncommitted: 0.
num_chunks_returned_to_freelist: 23.
num_chunks_taken_from_freelist: 2803.
num_chunk_merges: 11.
num_chunk_splits: 1769.
num_chunks_enlarged: 1104.
num_inconsistent_stats: 0.

CodeHeap 'non-profiled nmethods': size=120000Kb used=3276Kb max_used=3276Kb free=116723Kb
 bounds [0x0000022a571a0000, 0x0000022a574e0000, 0x0000022a5e6d0000]
CodeHeap 'profiled nmethods': size=120000Kb used=11374Kb max_used=11374Kb free=108625Kb
 bounds [0x0000022a4f6d0000, 0x0000022a501f0000, 0x0000022a56c00000]
CodeHeap 'non-nmethods': size=5760Kb used=1327Kb max_used=1355Kb free=4432Kb
 bounds [0x0000022a56c00000, 0x0000022a56e70000, 0x0000022a571a0000]
 total_blobs=6244 nmethods=5577 adapters=581
 compilation: enabled
              stopped_count=0, restarted_count=0
 full_count=0

Compilation events (20 events):
Event: 43.426 Thread 0x0000022a608aa230 nmethod 6355 0x0000022a574cf110 code [0x0000022a574cf2a0, 0x0000022a574cf3a8]
Event: 43.440 Thread 0x0000022a608aa230 6356       4       java.lang.String::toLowerCase (29 bytes)
Event: 43.473 Thread 0x0000022a608aa230 nmethod 6356 0x0000022a574cf510 code [0x0000022a574cf6c0, 0x0000022a574cffd8]
Event: 43.477 Thread 0x0000022a608cbed0 6357       3       lombok.launch.ShadowClassLoader::exclusionListMatch (44 bytes)
Event: 43.478 Thread 0x0000022a608cbed0 nmethod 6357 0x0000022a501e7290 code [0x0000022a501e7480, 0x0000022a501e7a98]
Event: 43.538 Thread 0x0000022a608aa230 6358       4       sun.nio.fs.WindowsPathParser::normalize (233 bytes)
Event: 43.615 Thread 0x0000022a608aa230 nmethod 6358 0x0000022a574d0410 code [0x0000022a574d0660, 0x0000022a574d2088]
Event: 43.649 Thread 0x0000022a608cbed0 6359       3       java.net.URI$1::create (10 bytes)
Event: 43.650 Thread 0x0000022a608cbed0 nmethod 6359 0x0000022a501e7c90 code [0x0000022a501e7e40, 0x0000022a501e7fe8]
Event: 43.650 Thread 0x0000022a608cbed0 6360       3       java.net.URI::<init> (42 bytes)
Event: 43.650 Thread 0x0000022a608cbed0 nmethod 6360 0x0000022a501e8090 code [0x0000022a501e8220, 0x0000022a501e83d8]
Event: 43.706 Thread 0x0000022a608cbed0 6361   !   3       org.eclipse.osgi.internal.loader.BundleLoader::isDynamicallyImported (150 bytes)
Event: 43.707 Thread 0x0000022a608cbed0 nmethod 6361 0x0000022a501e8490 code [0x0000022a501e86c0, 0x0000022a501e9088]
Event: 43.889 Thread 0x0000022a608cbed0 6362       3       org.eclipse.core.runtime.Path::hasTrailingSeparator (13 bytes)
Event: 43.889 Thread 0x0000022a608cbed0 nmethod 6362 0x0000022a501e9410 code [0x0000022a501e95a0, 0x0000022a501e9718]
Event: 43.907 Thread 0x0000022a608cbed0 6363       3       org.eclipse.osgi.container.ModuleRequirement::<init> (32 bytes)
Event: 43.907 Thread 0x0000022a608cbed0 nmethod 6363 0x0000022a501e9790 code [0x0000022a501e9940, 0x0000022a501e9b78]
Event: 43.912 Thread 0x0000022a608aa230 6364       4       java.util.WeakHashMap::get (75 bytes)
Event: 43.926 Thread 0x0000022a608cbed0 6365       3       java.lang.invoke.DelegatingMethodHandle$Holder::reinvoke_L (20 bytes)
Event: 43.927 Thread 0x0000022a608cbed0 nmethod 6365 0x0000022a501e9c90 code [0x0000022a501e9e60, 0x0000022a501ea238]

GC Heap History (20 events):
Event: 25.567 GC heap before
{Heap before GC invocations=15 (full 2):
 PSYoungGen      total 24064K, used 23606K [0x00000000eab00000, 0x00000000ec700000, 0x0000000100000000)
  eden space 22528K, 100% used [0x00000000eab00000,0x00000000ec100000,0x00000000ec100000)
  from space 1536K, 70% used [0x00000000ec580000,0x00000000ec68d908,0x00000000ec700000)
  to   space 1536K, 0% used [0x00000000ec400000,0x00000000ec400000,0x00000000ec580000)
 ParOldGen       total 68608K, used 14568K [0x00000000c0000000, 0x00000000c4300000, 0x00000000eab00000)
  object space 68608K, 21% used [0x00000000c0000000,0x00000000c0e3a398,0x00000000c4300000)
 Metaspace       used 39814K, committed 40704K, reserved 1114112K
  class space    used 4088K, committed 4416K, reserved 1048576K
}
Event: 25.571 GC heap after
{Heap after GC invocations=15 (full 2):
 PSYoungGen      total 23040K, used 768K [0x00000000eab00000, 0x00000000ec600000, 0x0000000100000000)
  eden space 22016K, 0% used [0x00000000eab00000,0x00000000eab00000,0x00000000ec080000)
  from space 1024K, 75% used [0x00000000ec400000,0x00000000ec4c0000,0x00000000ec500000)
  to   space 1024K, 0% used [0x00000000ec500000,0x00000000ec500000,0x00000000ec600000)
 ParOldGen       total 68608K, used 15543K [0x00000000c0000000, 0x00000000c4300000, 0x00000000eab00000)
  object space 68608K, 22% used [0x00000000c0000000,0x00000000c0f2dd08,0x00000000c4300000)
 Metaspace       used 39814K, committed 40704K, reserved 1114112K
  class space    used 4088K, committed 4416K, reserved 1048576K
}
Event: 27.174 GC heap before
{Heap before GC invocations=16 (full 2):
 PSYoungGen      total 23040K, used 22784K [0x00000000eab00000, 0x00000000ec600000, 0x0000000100000000)
  eden space 22016K, 100% used [0x00000000eab00000,0x00000000ec080000,0x00000000ec080000)
  from space 1024K, 75% used [0x00000000ec400000,0x00000000ec4c0000,0x00000000ec500000)
  to   space 1024K, 0% used [0x00000000ec500000,0x00000000ec500000,0x00000000ec600000)
 ParOldGen       total 68608K, used 15543K [0x00000000c0000000, 0x00000000c4300000, 0x00000000eab00000)
  object space 68608K, 22% used [0x00000000c0000000,0x00000000c0f2dd08,0x00000000c4300000)
 Metaspace       used 42650K, committed 43584K, reserved 1114112K
  class space    used 4427K, committed 4800K, reserved 1048576K
}
Event: 27.178 GC heap after
{Heap after GC invocations=16 (full 2):
 PSYoungGen      total 23040K, used 1015K [0x00000000eab00000, 0x00000000ec600000, 0x0000000100000000)
  eden space 22016K, 0% used [0x00000000eab00000,0x00000000eab00000,0x00000000ec080000)
  from space 1024K, 99% used [0x00000000ec500000,0x00000000ec5fdee8,0x00000000ec600000)
  to   space 2560K, 0% used [0x00000000ec100000,0x00000000ec100000,0x00000000ec380000)
 ParOldGen       total 68608K, used 16501K [0x00000000c0000000, 0x00000000c4300000, 0x00000000eab00000)
  object space 68608K, 24% used [0x00000000c0000000,0x00000000c101d458,0x00000000c4300000)
 Metaspace       used 42650K, committed 43584K, reserved 1114112K
  class space    used 4427K, committed 4800K, reserved 1048576K
}
Event: 28.939 GC heap before
{Heap before GC invocations=17 (full 2):
 PSYoungGen      total 23040K, used 23031K [0x00000000eab00000, 0x00000000ec600000, 0x0000000100000000)
  eden space 22016K, 100% used [0x00000000eab00000,0x00000000ec080000,0x00000000ec080000)
  from space 1024K, 99% used [0x00000000ec500000,0x00000000ec5fdee8,0x00000000ec600000)
  to   space 2560K, 0% used [0x00000000ec100000,0x00000000ec100000,0x00000000ec380000)
 ParOldGen       total 68608K, used 16501K [0x00000000c0000000, 0x00000000c4300000, 0x00000000eab00000)
  object space 68608K, 24% used [0x00000000c0000000,0x00000000c101d458,0x00000000c4300000)
 Metaspace       used 45399K, committed 46464K, reserved 1114112K
  class space    used 4781K, committed 5184K, reserved 1048576K
}
Event: 28.944 GC heap after
{Heap after GC invocations=17 (full 2):
 PSYoungGen      total 24576K, used 1039K [0x00000000eab00000, 0x00000000ec580000, 0x0000000100000000)
  eden space 22016K, 0% used [0x00000000eab00000,0x00000000eab00000,0x00000000ec080000)
  from space 2560K, 40% used [0x00000000ec100000,0x00000000ec203cb0,0x00000000ec380000)
  to   space 1536K, 0% used [0x00000000ec400000,0x00000000ec400000,0x00000000ec580000)
 ParOldGen       total 68608K, used 17469K [0x00000000c0000000, 0x00000000c4300000, 0x00000000eab00000)
  object space 68608K, 25% used [0x00000000c0000000,0x00000000c110f6e8,0x00000000c4300000)
 Metaspace       used 45399K, committed 46464K, reserved 1114112K
  class space    used 4781K, committed 5184K, reserved 1048576K
}
Event: 30.412 GC heap before
{Heap before GC invocations=18 (full 2):
 PSYoungGen      total 24576K, used 23055K [0x00000000eab00000, 0x00000000ec580000, 0x0000000100000000)
  eden space 22016K, 100% used [0x00000000eab00000,0x00000000ec080000,0x00000000ec080000)
  from space 2560K, 40% used [0x00000000ec100000,0x00000000ec203cb0,0x00000000ec380000)
  to   space 1536K, 0% used [0x00000000ec400000,0x00000000ec400000,0x00000000ec580000)
 ParOldGen       total 68608K, used 17469K [0x00000000c0000000, 0x00000000c4300000, 0x00000000eab00000)
  object space 68608K, 25% used [0x00000000c0000000,0x00000000c110f6e8,0x00000000c4300000)
 Metaspace       used 47995K, committed 49024K, reserved 1114112K
  class space    used 5145K, committed 5568K, reserved 1048576K
}
Event: 30.420 GC heap after
{Heap after GC invocations=18 (full 2):
 PSYoungGen      total 23552K, used 1280K [0x00000000eab00000, 0x00000000ec580000, 0x0000000100000000)
  eden space 22016K, 0% used [0x00000000eab00000,0x00000000eab00000,0x00000000ec080000)
  from space 1536K, 83% used [0x00000000ec400000,0x00000000ec540000,0x00000000ec580000)
  to   space 1536K, 0% used [0x00000000ec280000,0x00000000ec280000,0x00000000ec400000)
 ParOldGen       total 68608K, used 18406K [0x00000000c0000000, 0x00000000c4300000, 0x00000000eab00000)
  object space 68608K, 26% used [0x00000000c0000000,0x00000000c11f98d8,0x00000000c4300000)
 Metaspace       used 47995K, committed 49024K, reserved 1114112K
  class space    used 5145K, committed 5568K, reserved 1048576K
}
Event: 32.439 GC heap before
{Heap before GC invocations=19 (full 2):
 PSYoungGen      total 23552K, used 23289K [0x00000000eab00000, 0x00000000ec580000, 0x0000000100000000)
  eden space 22016K, 99% used [0x00000000eab00000,0x00000000ec07e578,0x00000000ec080000)
  from space 1536K, 83% used [0x00000000ec400000,0x00000000ec540000,0x00000000ec580000)
  to   space 1536K, 0% used [0x00000000ec280000,0x00000000ec280000,0x00000000ec400000)
 ParOldGen       total 68608K, used 18406K [0x00000000c0000000, 0x00000000c4300000, 0x00000000eab00000)
  object space 68608K, 26% used [0x00000000c0000000,0x00000000c11f98d8,0x00000000c4300000)
 Metaspace       used 50472K, committed 51520K, reserved 1114112K
  class space    used 5455K, committed 5888K, reserved 1048576K
}
Event: 32.445 GC heap after
{Heap after GC invocations=19 (full 2):
 PSYoungGen      total 23552K, used 1517K [0x00000000eab00000, 0x00000000ec780000, 0x0000000100000000)
  eden space 22016K, 0% used [0x00000000eab00000,0x00000000eab00000,0x00000000ec080000)
  from space 1536K, 98% used [0x00000000ec280000,0x00000000ec3fb6d0,0x00000000ec400000)
  to   space 3584K, 0% used [0x00000000ec400000,0x00000000ec400000,0x00000000ec780000)
 ParOldGen       total 68608K, used 19935K [0x00000000c0000000, 0x00000000c4300000, 0x00000000eab00000)
  object space 68608K, 29% used [0x00000000c0000000,0x00000000c1377d98,0x00000000c4300000)
 Metaspace       used 50472K, committed 51520K, reserved 1114112K
  class space    used 5455K, committed 5888K, reserved 1048576K
}
Event: 34.615 GC heap before
{Heap before GC invocations=20 (full 2):
 PSYoungGen      total 23552K, used 23533K [0x00000000eab00000, 0x00000000ec780000, 0x0000000100000000)
  eden space 22016K, 100% used [0x00000000eab00000,0x00000000ec080000,0x00000000ec080000)
  from space 1536K, 98% used [0x00000000ec280000,0x00000000ec3fb6d0,0x00000000ec400000)
  to   space 3584K, 0% used [0x00000000ec400000,0x00000000ec400000,0x00000000ec780000)
 ParOldGen       total 68608K, used 19935K [0x00000000c0000000, 0x00000000c4300000, 0x00000000eab00000)
  object space 68608K, 29% used [0x00000000c0000000,0x00000000c1377d98,0x00000000c4300000)
 Metaspace       used 53099K, committed 54144K, reserved 1114112K
  class space    used 5744K, committed 6208K, reserved 1048576K
}
Event: 34.622 GC heap after
{Heap after GC invocations=20 (full 2):
 PSYoungGen      total 23552K, used 1520K [0x00000000eab00000, 0x00000000ec580000, 0x0000000100000000)
  eden space 22016K, 0% used [0x00000000eab00000,0x00000000eab00000,0x00000000ec080000)
  from space 1536K, 98% used [0x00000000ec400000,0x00000000ec57c030,0x00000000ec580000)
  to   space 2560K, 0% used [0x00000000ec080000,0x00000000ec080000,0x00000000ec300000)
 ParOldGen       total 68608K, used 21462K [0x00000000c0000000, 0x00000000c4300000, 0x00000000eab00000)
  object space 68608K, 31% used [0x00000000c0000000,0x00000000c14f5980,0x00000000c4300000)
 Metaspace       used 53099K, committed 54144K, reserved 1114112K
  class space    used 5744K, committed 6208K, reserved 1048576K
}
Event: 35.399 GC heap before
{Heap before GC invocations=21 (full 2):
 PSYoungGen      total 23552K, used 23536K [0x00000000eab00000, 0x00000000ec580000, 0x0000000100000000)
  eden space 22016K, 100% used [0x00000000eab00000,0x00000000ec080000,0x00000000ec080000)
  from space 1536K, 98% used [0x00000000ec400000,0x00000000ec57c030,0x00000000ec580000)
  to   space 2560K, 0% used [0x00000000ec080000,0x00000000ec080000,0x00000000ec300000)
 ParOldGen       total 68608K, used 21462K [0x00000000c0000000, 0x00000000c4300000, 0x00000000eab00000)
  object space 68608K, 31% used [0x00000000c0000000,0x00000000c14f5980,0x00000000c4300000)
 Metaspace       used 53390K, committed 54400K, reserved 1114112K
  class space    used 5780K, committed 6208K, reserved 1048576K
}
Event: 35.406 GC heap after
{Heap after GC invocations=21 (full 2):
 PSYoungGen      total 24576K, used 2176K [0x00000000eab00000, 0x00000000ec580000, 0x0000000100000000)
  eden space 22016K, 0% used [0x00000000eab00000,0x00000000eab00000,0x00000000ec080000)
  from space 2560K, 85% used [0x00000000ec080000,0x00000000ec2a0020,0x00000000ec300000)
  to   space 2560K, 0% used [0x00000000ec300000,0x00000000ec300000,0x00000000ec580000)
 ParOldGen       total 68608K, used 22898K [0x00000000c0000000, 0x00000000c4300000, 0x00000000eab00000)
  object space 68608K, 33% used [0x00000000c0000000,0x00000000c165ca60,0x00000000c4300000)
 Metaspace       used 53390K, committed 54400K, reserved 1114112K
  class space    used 5780K, committed 6208K, reserved 1048576K
}
Event: 36.805 GC heap before
{Heap before GC invocations=22 (full 2):
 PSYoungGen      total 24576K, used 24192K [0x00000000eab00000, 0x00000000ec580000, 0x0000000100000000)
  eden space 22016K, 100% used [0x00000000eab00000,0x00000000ec080000,0x00000000ec080000)
  from space 2560K, 85% used [0x00000000ec080000,0x00000000ec2a0020,0x00000000ec300000)
  to   space 2560K, 0% used [0x00000000ec300000,0x00000000ec300000,0x00000000ec580000)
 ParOldGen       total 68608K, used 22898K [0x00000000c0000000, 0x00000000c4300000, 0x00000000eab00000)
  object space 68608K, 33% used [0x00000000c0000000,0x00000000c165ca60,0x00000000c4300000)
 Metaspace       used 53509K, committed 54592K, reserved 1114112K
  class space    used 5787K, committed 6272K, reserved 1048576K
}
Event: 36.815 GC heap after
{Heap after GC invocations=22 (full 2):
 PSYoungGen      total 24064K, used 2512K [0x00000000eab00000, 0x00000000ec680000, 0x0000000100000000)
  eden space 21504K, 0% used [0x00000000eab00000,0x00000000eab00000,0x00000000ec000000)
  from space 2560K, 98% used [0x00000000ec300000,0x00000000ec574040,0x00000000ec580000)
  to   space 3072K, 0% used [0x00000000ec000000,0x00000000ec000000,0x00000000ec300000)
 ParOldGen       total 68608K, used 24954K [0x00000000c0000000, 0x00000000c4300000, 0x00000000eab00000)
  object space 68608K, 36% used [0x00000000c0000000,0x00000000c185ea70,0x00000000c4300000)
 Metaspace       used 53509K, committed 54592K, reserved 1114112K
  class space    used 5787K, committed 6272K, reserved 1048576K
}
Event: 39.846 GC heap before
{Heap before GC invocations=23 (full 2):
 PSYoungGen      total 24064K, used 24016K [0x00000000eab00000, 0x00000000ec680000, 0x0000000100000000)
  eden space 21504K, 100% used [0x00000000eab00000,0x00000000ec000000,0x00000000ec000000)
  from space 2560K, 98% used [0x00000000ec300000,0x00000000ec574040,0x00000000ec580000)
  to   space 3072K, 0% used [0x00000000ec000000,0x00000000ec000000,0x00000000ec300000)
 ParOldGen       total 68608K, used 24954K [0x00000000c0000000, 0x00000000c4300000, 0x00000000eab00000)
  object space 68608K, 36% used [0x00000000c0000000,0x00000000c185ea70,0x00000000c4300000)
 Metaspace       used 55473K, committed 56576K, reserved 1114112K
  class space    used 6049K, committed 6528K, reserved 1048576K
}
Event: 39.854 GC heap after
{Heap after GC invocations=23 (full 2):
 PSYoungGen      total 22528K, used 696K [0x00000000eab00000, 0x00000000ec380000, 0x0000000100000000)
  eden space 21504K, 0% used [0x00000000eab00000,0x00000000eab00000,0x00000000ec000000)
  from space 1024K, 68% used [0x00000000ec000000,0x00000000ec0ae1e8,0x00000000ec100000)
  to   space 1536K, 0% used [0x00000000ec200000,0x00000000ec200000,0x00000000ec380000)
 ParOldGen       total 68608K, used 27057K [0x00000000c0000000, 0x00000000c4300000, 0x00000000eab00000)
  object space 68608K, 39% used [0x00000000c0000000,0x00000000c1a6c458,0x00000000c4300000)
 Metaspace       used 55473K, committed 56576K, reserved 1114112K
  class space    used 6049K, committed 6528K, reserved 1048576K
}
Event: 43.084 GC heap before
{Heap before GC invocations=24 (full 2):
 PSYoungGen      total 22528K, used 22200K [0x00000000eab00000, 0x00000000ec380000, 0x0000000100000000)
  eden space 21504K, 100% used [0x00000000eab00000,0x00000000ec000000,0x00000000ec000000)
  from space 1024K, 68% used [0x00000000ec000000,0x00000000ec0ae1e8,0x00000000ec100000)
  to   space 1536K, 0% used [0x00000000ec200000,0x00000000ec200000,0x00000000ec380000)
 ParOldGen       total 68608K, used 27057K [0x00000000c0000000, 0x00000000c4300000, 0x00000000eab00000)
  object space 68608K, 39% used [0x00000000c0000000,0x00000000c1a6c458,0x00000000c4300000)
 Metaspace       used 56498K, committed 57600K, reserved 1114112K
  class space    used 6167K, committed 6656K, reserved 1048576K
}
Event: 43.087 GC heap after
{Heap after GC invocations=24 (full 2):
 PSYoungGen      total 22016K, used 320K [0x00000000eab00000, 0x00000000ec280000, 0x0000000100000000)
  eden space 21504K, 0% used [0x00000000eab00000,0x00000000eab00000,0x00000000ec000000)
  from space 512K, 62% used [0x00000000ec200000,0x00000000ec250000,0x00000000ec280000)
  to   space 1024K, 0% used [0x00000000ec080000,0x00000000ec080000,0x00000000ec180000)
 ParOldGen       total 68608K, used 27714K [0x00000000c0000000, 0x00000000c4300000, 0x00000000eab00000)
  object space 68608K, 40% used [0x00000000c0000000,0x00000000c1b10860,0x00000000c4300000)
 Metaspace       used 56498K, committed 57600K, reserved 1114112K
  class space    used 6167K, committed 6656K, reserved 1048576K
}

Dll operation events (10 events):
Event: 0.048 Loaded shared library c:\Users\PORT-DELL-EMILIO\.vscode\extensions\redhat.java-1.31.0-win32-x64\jre\17.0.11-win32-x86_64\bin\java.dll
Event: 1.050 Loaded shared library c:\Users\PORT-DELL-EMILIO\.vscode\extensions\redhat.java-1.31.0-win32-x64\jre\17.0.11-win32-x86_64\bin\zip.dll
Event: 1.107 Loaded shared library C:\Users\PORT-DELL-EMILIO\.vscode\extensions\redhat.java-1.31.0-win32-x64\jre\17.0.11-win32-x86_64\bin\instrument.dll
Event: 1.218 Loaded shared library C:\Users\PORT-DELL-EMILIO\.vscode\extensions\redhat.java-1.31.0-win32-x64\jre\17.0.11-win32-x86_64\bin\net.dll
Event: 1.247 Loaded shared library C:\Users\PORT-DELL-EMILIO\.vscode\extensions\redhat.java-1.31.0-win32-x64\jre\17.0.11-win32-x86_64\bin\nio.dll
Event: 1.340 Loaded shared library C:\Users\PORT-DELL-EMILIO\.vscode\extensions\redhat.java-1.31.0-win32-x64\jre\17.0.11-win32-x86_64\bin\zip.dll
Event: 1.444 Loaded shared library C:\Users\PORT-DELL-EMILIO\.vscode\extensions\redhat.java-1.31.0-win32-x64\jre\17.0.11-win32-x86_64\bin\jimage.dll
Event: 1.829 Loaded shared library c:\Users\PORT-DELL-EMILIO\.vscode\extensions\redhat.java-1.31.0-win32-x64\jre\17.0.11-win32-x86_64\bin\verify.dll
Event: 7.055 Loaded shared library C:\Users\PORT-DELL-EMILIO\AppData\Roaming\Code\User\globalStorage\redhat.java\1.31.0\config_win\org.eclipse.equinox.launcher\org.eclipse.equinox.launcher.win32.win32.x86_64_1.2.1000.v20240507-1834\eclipse_11902.dll
Event: 26.245 Loaded shared library C:\Users\PORT-DELL-EMILIO\AppData\Local\Temp\jna-886660209\jna17474664874473566402.dll

Deoptimization events (20 events):
Event: 43.138 Thread 0x0000022a671bbdf0 DEOPT PACKING pc=0x0000022a57484f68 sp=0x000000bbd4bfc190
Event: 43.138 Thread 0x0000022a671bbdf0 DEOPT UNPACKING pc=0x0000022a56c566a3 sp=0x000000bbd4bfc118 mode 2
Event: 43.138 Thread 0x0000022a671bbdf0 Uncommon trap: trap_request=0xffffffde fr.pc=0x0000022a57485268 relative=0x0000000000000068
Event: 43.138 Thread 0x0000022a671bbdf0 Uncommon trap: reason=class_check action=maybe_recompile pc=0x0000022a57485268 method=java.util.Collections$UnmodifiableMap$UnmodifiableEntrySet$UnmodifiableEntry.getValue()Ljava/lang/Object; @ 4 c2
Event: 43.138 Thread 0x0000022a671bbdf0 DEOPT PACKING pc=0x0000022a57485268 sp=0x000000bbd4bfc190
Event: 43.138 Thread 0x0000022a671bbdf0 DEOPT UNPACKING pc=0x0000022a56c566a3 sp=0x000000bbd4bfc118 mode 2
Event: 43.402 Thread 0x0000022a671bbdf0 Uncommon trap: trap_request=0xffffffc6 fr.pc=0x0000022a57245668 relative=0x0000000000000488
Event: 43.402 Thread 0x0000022a671bbdf0 Uncommon trap: reason=bimorphic_or_optimized_type_check action=maybe_recompile pc=0x0000022a57245668 method=java.util.HashMap.removeNode(ILjava/lang/Object;Ljava/lang/Object;ZZ)Ljava/util/HashMap$Node; @ 283 c2
Event: 43.402 Thread 0x0000022a671bbdf0 DEOPT PACKING pc=0x0000022a57245668 sp=0x000000bbd4bfdec0
Event: 43.402 Thread 0x0000022a671bbdf0 DEOPT UNPACKING pc=0x0000022a56c566a3 sp=0x000000bbd4bfde68 mode 2
Event: 43.402 Thread 0x0000022a671bbdf0 Uncommon trap: trap_request=0xffffffc6 fr.pc=0x0000022a57245668 relative=0x0000000000000488
Event: 43.402 Thread 0x0000022a671bbdf0 Uncommon trap: reason=bimorphic_or_optimized_type_check action=maybe_recompile pc=0x0000022a57245668 method=java.util.HashMap.removeNode(ILjava/lang/Object;Ljava/lang/Object;ZZ)Ljava/util/HashMap$Node; @ 283 c2
Event: 43.402 Thread 0x0000022a671bbdf0 DEOPT PACKING pc=0x0000022a57245668 sp=0x000000bbd4bfdec0
Event: 43.402 Thread 0x0000022a671bbdf0 DEOPT UNPACKING pc=0x0000022a56c566a3 sp=0x000000bbd4bfde68 mode 2
Event: 43.402 Thread 0x0000022a671bbdf0 Uncommon trap: trap_request=0xffffffc6 fr.pc=0x0000022a57245668 relative=0x0000000000000488
Event: 43.402 Thread 0x0000022a671bbdf0 Uncommon trap: reason=bimorphic_or_optimized_type_check action=maybe_recompile pc=0x0000022a57245668 method=java.util.HashMap.removeNode(ILjava/lang/Object;Ljava/lang/Object;ZZ)Ljava/util/HashMap$Node; @ 283 c2
Event: 43.402 Thread 0x0000022a671bbdf0 DEOPT PACKING pc=0x0000022a57245668 sp=0x000000bbd4bfdec0
Event: 43.402 Thread 0x0000022a671bbdf0 DEOPT UNPACKING pc=0x0000022a56c566a3 sp=0x000000bbd4bfde68 mode 2
Event: 43.608 Thread 0x0000022a671bbdf0 DEOPT PACKING pc=0x0000022a4f72400c sp=0x000000bbd4bf6c20
Event: 43.608 Thread 0x0000022a671bbdf0 DEOPT UNPACKING pc=0x0000022a56c56e43 sp=0x000000bbd4bf61a0 mode 0

Classes unloaded (8 events):
Event: 15.757 Thread 0x0000022a4cae9490 Unloading class 0x000000010024a400 'java/lang/invoke/LambdaForm$MH+0x000000010024a400'
Event: 15.757 Thread 0x0000022a4cae9490 Unloading class 0x000000010024a000 'java/lang/invoke/LambdaForm$MH+0x000000010024a000'
Event: 15.757 Thread 0x0000022a4cae9490 Unloading class 0x0000000100249c00 'java/lang/invoke/LambdaForm$MH+0x0000000100249c00'
Event: 15.757 Thread 0x0000022a4cae9490 Unloading class 0x0000000100249800 'java/lang/invoke/LambdaForm$MH+0x0000000100249800'
Event: 15.757 Thread 0x0000022a4cae9490 Unloading class 0x0000000100249400 'java/lang/invoke/LambdaForm$BMH+0x0000000100249400'
Event: 15.757 Thread 0x0000022a4cae9490 Unloading class 0x0000000100249000 'java/lang/invoke/LambdaForm$DMH+0x0000000100249000'
Event: 15.757 Thread 0x0000022a4cae9490 Unloading class 0x0000000100244400 'java/lang/invoke/LambdaForm$DMH+0x0000000100244400'
Event: 21.314 Thread 0x0000022a4cae9490 Unloading class 0x0000000100363c00 'java/lang/invoke/LambdaForm$DMH+0x0000000100363c00'

Classes redefined (0 events):
No events

Internal exceptions (20 events):
Event: 33.861 Thread 0x0000022a671bbdf0 Exception <a 'sun/nio/fs/WindowsException'{0x00000000eb496dc0}> (0x00000000eb496dc0) 
thrown [s\src\hotspot\share\prims\jni.cpp, line 516]
Event: 33.862 Thread 0x0000022a671bbdf0 Exception <a 'sun/nio/fs/WindowsException'{0x00000000eb497a90}> (0x00000000eb497a90) 
thrown [s\src\hotspot\share\prims\jni.cpp, line 516]
Event: 33.862 Thread 0x0000022a671bbdf0 Exception <a 'sun/nio/fs/WindowsException'{0x00000000eb498638}> (0x00000000eb498638) 
thrown [s\src\hotspot\share\prims\jni.cpp, line 516]
Event: 33.863 Thread 0x0000022a671bbdf0 Exception <a 'sun/nio/fs/WindowsException'{0x00000000eb499630}> (0x00000000eb499630) 
thrown [s\src\hotspot\share\prims\jni.cpp, line 516]
Event: 33.863 Thread 0x0000022a671bbdf0 Exception <a 'sun/nio/fs/WindowsException'{0x00000000eb49a1d8}> (0x00000000eb49a1d8) 
thrown [s\src\hotspot\share\prims\jni.cpp, line 516]
Event: 33.941 Thread 0x0000022a671bbdf0 Exception <a 'java/lang/NoSuchMethodError'{0x00000000eb4d6f60}: 'void java.lang.invoke.DirectMethodHandle$Holder.invokeVirtual(java.lang.Object, java.lang.Object, java.lang.Object, java.lang.Object)'> (0x00000000eb4d6f60) 
thrown [s\src\hotspot\share\interpreter\linkResolver.cpp, line 759]
Event: 34.030 Thread 0x0000022a671bbdf0 Exception <a 'sun/nio/fs/WindowsException'{0x00000000eb50fa10}> (0x00000000eb50fa10) 
thrown [s\src\hotspot\share\prims\jni.cpp, line 516]
Event: 34.030 Thread 0x0000022a671bbdf0 Exception <a 'sun/nio/fs/WindowsException'{0x00000000eb510590}> (0x00000000eb510590) 
thrown [s\src\hotspot\share\prims\jni.cpp, line 516]
Event: 34.032 Thread 0x0000022a671bbdf0 Exception <a 'sun/nio/fs/WindowsException'{0x00000000eb5198c0}> (0x00000000eb5198c0) 
thrown [s\src\hotspot\share\prims\jni.cpp, line 516]
Event: 34.032 Thread 0x0000022a671bbdf0 Exception <a 'sun/nio/fs/WindowsException'{0x00000000eb51a1c0}> (0x00000000eb51a1c0) 
thrown [s\src\hotspot\share\prims\jni.cpp, line 516]
Event: 34.033 Thread 0x0000022a671bbdf0 Exception <a 'sun/nio/fs/WindowsException'{0x00000000eb51c148}> (0x00000000eb51c148) 
thrown [s\src\hotspot\share\prims\jni.cpp, line 516]
Event: 34.033 Thread 0x0000022a671bbdf0 Exception <a 'sun/nio/fs/WindowsException'{0x00000000eb51ccc8}> (0x00000000eb51ccc8) 
thrown [s\src\hotspot\share\prims\jni.cpp, line 516]
Event: 34.043 Thread 0x0000022a671bbdf0 Exception <a 'sun/nio/fs/WindowsException'{0x00000000eb51f800}> (0x00000000eb51f800) 
thrown [s\src\hotspot\share\prims\jni.cpp, line 516]
Event: 34.043 Thread 0x0000022a671bbdf0 Exception <a 'sun/nio/fs/WindowsException'{0x00000000eb520100}> (0x00000000eb520100) 
thrown [s\src\hotspot\share\prims\jni.cpp, line 516]
Event: 34.061 Thread 0x0000022a671bbdf0 Exception <a 'sun/nio/fs/WindowsException'{0x00000000eb5771f0}> (0x00000000eb5771f0) 
thrown [s\src\hotspot\share\prims\jni.cpp, line 516]
Event: 34.061 Thread 0x0000022a671bbdf0 Exception <a 'sun/nio/fs/WindowsException'{0x00000000eb577d70}> (0x00000000eb577d70) 
thrown [s\src\hotspot\share\prims\jni.cpp, line 516]
Event: 34.066 Thread 0x0000022a671bbdf0 Exception <a 'sun/nio/fs/WindowsException'{0x00000000eb58d5b0}> (0x00000000eb58d5b0) 
thrown [s\src\hotspot\share\prims\jni.cpp, line 516]
Event: 34.067 Thread 0x0000022a671bbdf0 Exception <a 'sun/nio/fs/WindowsException'{0x00000000eb58e130}> (0x00000000eb58e130) 
thrown [s\src\hotspot\share\prims\jni.cpp, line 516]
Event: 34.208 Thread 0x0000022a671bbdf0 Exception <a 'java/lang/NoSuchMethodError'{0x00000000eb7c3470}: 'java.lang.Object java.lang.invoke.Invokers$Holder.invoke_MT(java.lang.Object, java.lang.Object, java.lang.Object)'> (0x00000000eb7c3470) 
thrown [s\src\hotspot\share\interpreter\linkResolver.cpp, line 759]
Event: 36.490 Thread 0x0000022a662824d0 Implicit null exception at 0x0000022a571cafe4 to 0x0000022a571cb300

VM Operations (20 events):
Event: 36.412 Executing VM operation: Cleanup
Event: 36.414 Executing VM operation: Cleanup done
Event: 36.711 Executing VM operation: ParallelGCFailedAllocation
Event: 36.824 Executing VM operation: ParallelGCFailedAllocation done
Event: 37.839 Executing VM operation: Cleanup
Event: 37.856 Executing VM operation: Cleanup done
Event: 38.449 Executing VM operation: HandshakeAllThreads
Event: 38.449 Executing VM operation: HandshakeAllThreads done
Event: 39.438 Executing VM operation: Cleanup
Event: 39.438 Executing VM operation: Cleanup done
Event: 39.846 Executing VM operation: ParallelGCFailedAllocation
Event: 39.854 Executing VM operation: ParallelGCFailedAllocation done
Event: 40.855 Executing VM operation: Cleanup
Event: 40.855 Executing VM operation: Cleanup done
Event: 41.864 Executing VM operation: Cleanup
Event: 41.864 Executing VM operation: Cleanup done
Event: 42.872 Executing VM operation: Cleanup
Event: 42.872 Executing VM operation: Cleanup done
Event: 43.084 Executing VM operation: ParallelGCFailedAllocation
Event: 43.087 Executing VM operation: ParallelGCFailedAllocation done

Events (20 events):
Event: 36.846 loading class sun/nio/cs/ThreadLocalCoders$1
Event: 36.846 loading class sun/nio/cs/ThreadLocalCoders$Cache
Event: 36.846 loading class sun/nio/cs/ThreadLocalCoders$Cache done
Event: 36.846 loading class sun/nio/cs/ThreadLocalCoders$1 done
Event: 36.846 loading class sun/nio/cs/ThreadLocalCoders$2
Event: 36.846 loading class sun/nio/cs/ThreadLocalCoders$2 done
Event: 36.882 Thread 0x0000022a666a1f90 Thread added: 0x0000022a666a1f90
Event: 37.580 Thread 0x0000022a666a1f90 Thread exited: 0x0000022a666a1f90
Event: 40.831 loading class java/util/Vector$1
Event: 40.831 loading class java/util/Vector$1 done
Event: 42.766 loading class java/util/Collections$UnmodifiableSortedSet
Event: 42.767 loading class java/util/Collections$UnmodifiableSortedSet done
Event: 43.089 loading class java/util/regex/Pattern$Caret
Event: 43.089 loading class java/util/regex/Pattern$Caret done
Event: 43.400 loading class java/util/Hashtable$ValueCollection
Event: 43.401 loading class java/util/Hashtable$ValueCollection done
Event: 43.929 loading class java/nio/charset/CharacterCodingException
Event: 43.930 loading class java/nio/charset/CharacterCodingException done
Event: 43.930 loading class java/io/SequenceInputStream
Event: 43.930 loading class java/io/SequenceInputStream done


Dynamic libraries:
0x00007ff664650000 - 0x00007ff66465e000 	c:\Users\PORT-DELL-EMILIO\.vscode\extensions\redhat.java-1.31.0-win32-x64\jre\17.0.11-win32-x86_64\bin\java.exe
0x00007ffc36f10000 - 0x00007ffc37108000 	C:\WINDOWS\SYSTEM32\ntdll.dll
0x00007ffc36d60000 - 0x00007ffc36e1d000 	C:\WINDOWS\System32\KERNEL32.DLL
0x00007ffc345a0000 - 0x00007ffc34896000 	C:\WINDOWS\System32\KERNELBASE.dll
0x00007ffc34bd0000 - 0x00007ffc34cd0000 	C:\WINDOWS\System32\ucrtbase.dll
0x00007ffc276f0000 - 0x00007ffc27707000 	c:\Users\PORT-DELL-EMILIO\.vscode\extensions\redhat.java-1.31.0-win32-x64\jre\17.0.11-win32-x86_64\bin\jli.dll
0x00007ffc36bc0000 - 0x00007ffc36d5f000 	C:\WINDOWS\System32\USER32.dll
0x00007ffc34ef0000 - 0x00007ffc34f12000 	C:\WINDOWS\System32\win32u.dll
0x00007ffc350d0000 - 0x00007ffc350fb000 	C:\WINDOWS\System32\GDI32.dll
0x00007ffc34a00000 - 0x00007ffc34b17000 	C:\WINDOWS\System32\gdi32full.dll
0x00007ffc34960000 - 0x00007ffc349fd000 	C:\WINDOWS\System32\msvcp_win.dll
0x00007ffc24ae0000 - 0x00007ffc24afb000 	c:\Users\PORT-DELL-EMILIO\.vscode\extensions\redhat.java-1.31.0-win32-x64\jre\17.0.11-win32-x86_64\bin\VCRUNTIME140.dll
0x00007ffc207c0000 - 0x00007ffc20a5a000 	C:\WINDOWS\WinSxS\amd64_microsoft.windows.common-controls_6595b64144ccf1df_6.0.19041.4355_none_60b8b9eb71f62e16\COMCTL32.dll
0x00007ffc35910000 - 0x00007ffc359ae000 	C:\WINDOWS\System32\msvcrt.dll
0x00007ffc35780000 - 0x00007ffc357af000 	C:\WINDOWS\System32\IMM32.DLL
0x00007ffc29610000 - 0x00007ffc2961c000 	c:\Users\PORT-DELL-EMILIO\.vscode\extensions\redhat.java-1.31.0-win32-x64\jre\17.0.11-win32-x86_64\bin\vcruntime140_1.dll
0x00007ffc12920000 - 0x00007ffc129ad000 	c:\Users\PORT-DELL-EMILIO\.vscode\extensions\redhat.java-1.31.0-win32-x64\jre\17.0.11-win32-x86_64\bin\msvcp140.dll
0x00007ffbf6c90000 - 0x00007ffbf78f2000 	c:\Users\PORT-DELL-EMILIO\.vscode\extensions\redhat.java-1.31.0-win32-x64\jre\17.0.11-win32-x86_64\bin\server\jvm.dll
0x00007ffc35640000 - 0x00007ffc356f0000 	C:\WINDOWS\System32\ADVAPI32.dll
0x00007ffc36820000 - 0x00007ffc368c0000 	C:\WINDOWS\System32\sechost.dll
0x00007ffc36300000 - 0x00007ffc36423000 	C:\WINDOWS\System32\RPCRT4.dll
0x00007ffc348a0000 - 0x00007ffc348c7000 	C:\WINDOWS\System32\bcrypt.dll
0x00007ffc34480000 - 0x00007ffc344cb000 	C:\WINDOWS\SYSTEM32\POWRPROF.dll
0x00007ffc27750000 - 0x00007ffc27759000 	C:\WINDOWS\SYSTEM32\WSOCK32.dll
0x00007ffc355d0000 - 0x00007ffc3563b000 	C:\WINDOWS\System32\WS2_32.dll
0x00007ffc21600000 - 0x00007ffc21627000 	C:\WINDOWS\SYSTEM32\WINMM.dll
0x00007ffc2cc20000 - 0x00007ffc2cc2a000 	C:\WINDOWS\SYSTEM32\VERSION.dll
0x00007ffc34460000 - 0x00007ffc34472000 	C:\WINDOWS\SYSTEM32\UMPDC.dll
0x00007ffc323e0000 - 0x00007ffc323f2000 	C:\WINDOWS\SYSTEM32\kernel.appcore.dll
0x00007ffc24b10000 - 0x00007ffc24b1a000 	c:\Users\PORT-DELL-EMILIO\.vscode\extensions\redhat.java-1.31.0-win32-x64\jre\17.0.11-win32-x86_64\bin\jimage.dll
0x00007ffc1d6f0000 - 0x00007ffc1d8d4000 	C:\WINDOWS\SYSTEM32\DBGHELP.DLL
0x00007ffc1b940000 - 0x00007ffc1b974000 	C:\WINDOWS\SYSTEM32\dbgcore.DLL
0x00007ffc348d0000 - 0x00007ffc34952000 	C:\WINDOWS\System32\bcryptPrimitives.dll
0x00007ffc24a50000 - 0x00007ffc24a5e000 	c:\Users\PORT-DELL-EMILIO\.vscode\extensions\redhat.java-1.31.0-win32-x64\jre\17.0.11-win32-x86_64\bin\instrument.dll
0x00007ffc1d120000 - 0x00007ffc1d145000 	c:\Users\PORT-DELL-EMILIO\.vscode\extensions\redhat.java-1.31.0-win32-x64\jre\17.0.11-win32-x86_64\bin\java.dll
0x00007ffc21ed0000 - 0x00007ffc21ee8000 	c:\Users\PORT-DELL-EMILIO\.vscode\extensions\redhat.java-1.31.0-win32-x64\jre\17.0.11-win32-x86_64\bin\zip.dll
0x00007ffc35ae0000 - 0x00007ffc3624c000 	C:\WINDOWS\System32\SHELL32.dll
0x00007ffc325e0000 - 0x00007ffc32d7d000 	C:\WINDOWS\SYSTEM32\windows.storage.dll
0x00007ffc36460000 - 0x00007ffc367b3000 	C:\WINDOWS\System32\combase.dll
0x00007ffc33e10000 - 0x00007ffc33e3e000 	C:\WINDOWS\SYSTEM32\Wldp.dll
0x00007ffc35a10000 - 0x00007ffc35add000 	C:\WINDOWS\System32\OLEAUT32.dll
0x00007ffc36250000 - 0x00007ffc362fd000 	C:\WINDOWS\System32\SHCORE.dll
0x00007ffc359b0000 - 0x00007ffc35a05000 	C:\WINDOWS\System32\shlwapi.dll
0x00007ffc344d0000 - 0x00007ffc344f4000 	C:\WINDOWS\SYSTEM32\profapi.dll
0x00007ffc1d100000 - 0x00007ffc1d119000 	C:\Users\PORT-DELL-EMILIO\.vscode\extensions\redhat.java-1.31.0-win32-x64\jre\17.0.11-win32-x86_64\bin\net.dll
0x00007ffc2f000000 - 0x00007ffc2f10a000 	C:\WINDOWS\SYSTEM32\WINHTTP.dll
0x00007ffc33bf0000 - 0x00007ffc33c5a000 	C:\WINDOWS\system32\mswsock.dll
0x00007ffc1ba60000 - 0x00007ffc1ba76000 	C:\Users\PORT-DELL-EMILIO\.vscode\extensions\redhat.java-1.31.0-win32-x64\jre\17.0.11-win32-x86_64\bin\nio.dll
0x00007ffc249c0000 - 0x00007ffc249d0000 	c:\Users\PORT-DELL-EMILIO\.vscode\extensions\redhat.java-1.31.0-win32-x64\jre\17.0.11-win32-x86_64\bin\verify.dll
0x00007ffc14330000 - 0x00007ffc14374000 	C:\Users\PORT-DELL-EMILIO\AppData\Roaming\Code\User\globalStorage\redhat.java\1.31.0\config_win\org.eclipse.equinox.launcher\org.eclipse.equinox.launcher.win32.win32.x86_64_1.2.1000.v20240507-1834\eclipse_11902.dll
0x00007ffc36a90000 - 0x00007ffc36bbb000 	C:\WINDOWS\System32\ole32.dll
0x00007ffc33e50000 - 0x00007ffc33e68000 	C:\WINDOWS\SYSTEM32\CRYPTSP.dll
0x00007ffc33530000 - 0x00007ffc33564000 	C:\WINDOWS\system32\rsaenh.dll
0x00007ffc34410000 - 0x00007ffc3443e000 	C:\WINDOWS\SYSTEM32\USERENV.dll
0x00007ffc33d80000 - 0x00007ffc33d8c000 	C:\WINDOWS\SYSTEM32\CRYPTBASE.dll
0x00007ffc338f0000 - 0x00007ffc3392b000 	C:\WINDOWS\SYSTEM32\IPHLPAPI.DLL
0x00007ffc36430000 - 0x00007ffc36438000 	C:\WINDOWS\System32\NSI.dll
0x00007ffc2ac40000 - 0x00007ffc2ac57000 	C:\WINDOWS\SYSTEM32\dhcpcsvc6.DLL
0x00007ffc2ac20000 - 0x00007ffc2ac3d000 	C:\WINDOWS\SYSTEM32\dhcpcsvc.DLL
0x00007ffc33980000 - 0x00007ffc33a4a000 	C:\WINDOWS\SYSTEM32\DNSAPI.dll
0x00007ffc14060000 - 0x00007ffc140a5000 	C:\Users\PORT-DELL-EMILIO\AppData\Local\Temp\jna-886660209\jna17474664874473566402.dll
0x00007ffc357b0000 - 0x00007ffc357b8000 	C:\WINDOWS\System32\PSAPI.DLL

dbghelp: loaded successfully - version: 4.0.5 - missing functions: none
symbol engine: initialized successfully - sym options: 0x614 - pdb path: .;c:\Users\PORT-DELL-EMILIO\.vscode\extensions\redhat.java-1.31.0-win32-x64\jre\17.0.11-win32-x86_64\bin;C:\WINDOWS\SYSTEM32;C:\WINDOWS\WinSxS\amd64_microsoft.windows.common-controls_6595b64144ccf1df_6.0.19041.4355_none_60b8b9eb71f62e16;c:\Users\PORT-DELL-EMILIO\.vscode\extensions\redhat.java-1.31.0-win32-x64\jre\17.0.11-win32-x86_64\bin\server;C:\Users\PORT-DELL-EMILIO\AppData\Roaming\Code\User\globalStorage\redhat.java\1.31.0\config_win\org.eclipse.equinox.launcher\org.eclipse.equinox.launcher.win32.win32.x86_64_1.2.1000.v20240507-1834;C:\Users\PORT-DELL-EMILIO\AppData\Local\Temp\jna-886660209

VM Arguments:
jvm_args: --add-modules=ALL-SYSTEM --add-opens=java.base/java.util=ALL-UNNAMED --add-opens=java.base/java.lang=ALL-UNNAMED --add-opens=java.base/sun.nio.fs=ALL-UNNAMED -Declipse.application=org.eclipse.jdt.ls.core.id1 -Dosgi.bundles.defaultStartLevel=4 -Declipse.product=org.eclipse.jdt.ls.core.product -Djava.import.generatesMetadataFilesAtProjectRoot=false -DDetectVMInstallationsJob.disabled=true -Dfile.encoding=utf8 -XX:+UseParallelGC -XX:GCTimeRatio=4 -XX:AdaptiveSizePolicyWeight=90 -Dsun.zip.disableMemoryMapping=true -Xmx1G -Xms100m -Xlog:disable -javaagent:c:\Users\PORT-DELL-EMILIO\.vscode\extensions\redhat.java-1.31.0-win32-x64\lombok\lombok-1.18.32.jar -XX:+HeapDumpOnOutOfMemoryError -XX:HeapDumpPath=c:\Users\PORT-DELL-EMILIO\AppData\Roaming\Code\User\workspaceStorage\9914ae774984ff7cd367b2d3b4f7f0e2\redhat.java -Daether.dependencyCollector.impl=bf 
java_command: c:\Users\PORT-DELL-EMILIO\.vscode\extensions\redhat.java-1.31.0-win32-x64\server\plugins\org.eclipse.equinox.launcher_1.6.800.v20240513-1750.jar -configuration c:\Users\PORT-DELL-EMILIO\AppData\Roaming\Code\User\globalStorage\redhat.java\1.31.0\config_win -data c:\Users\PORT-DELL-EMILIO\AppData\Roaming\Code\User\workspaceStorage\9914ae774984ff7cd367b2d3b4f7f0e2\redhat.java\jdt_ws --pipe=\\.\pipe\lsp-301774c684dd223f2a9ee4243b184869-sock
java_class_path (initial): c:\Users\PORT-DELL-EMILIO\.vscode\extensions\redhat.java-1.31.0-win32-x64\server\plugins\org.eclipse.equinox.launcher_1.6.800.v20240513-1750.jar
Launcher Type: SUN_STANDARD

[Global flags]
    uintx AdaptiveSizePolicyWeight                 = 90                                        {product} {command line}
     intx CICompilerCount                          = 3                                         {product} {ergonomic}
    uintx GCTimeRatio                              = 4                                         {product} {command line}
     bool HeapDumpOnOutOfMemoryError               = true                                   {manageable} {command line}
    ccstr HeapDumpPath                             = c:\Users\PORT-DELL-EMILIO\AppData\Roaming\Code\User\workspaceStorage\9914ae774984ff7cd367b2d3b4f7f0e2\redhat.java         {manageable} {command line}
   size_t InitialHeapSize                          = 104857600                                 {product} {command line}
   size_t MaxHeapSize                              = 1073741824                                {product} {command line}
   size_t MaxNewSize                               = 357564416                                 {product} {ergonomic}
   size_t MinHeapDeltaBytes                        = 524288                                    {product} {ergonomic}
   size_t MinHeapSize                              = 104857600                                 {product} {command line}
   size_t NewSize                                  = 34603008                                  {product} {ergonomic}
    uintx NonNMethodCodeHeapSize                   = 5832780                                {pd product} {ergonomic}
    uintx NonProfiledCodeHeapSize                  = 122912730                              {pd product} {ergonomic}
   size_t OldSize                                  = 70254592                                  {product} {ergonomic}
    uintx ProfiledCodeHeapSize                     = 122912730                              {pd product} {ergonomic}
    uintx ReservedCodeCacheSize                    = 251658240                              {pd product} {ergonomic}
     bool SegmentedCodeCache                       = true                                      {product} {ergonomic}
   size_t SoftMaxHeapSize                          = 1073741824                             {manageable} {ergonomic}
     bool UseCompressedClassPointers               = true                           {product lp64_product} {ergonomic}
     bool UseCompressedOops                        = true                           {product lp64_product} {ergonomic}
     bool UseLargePagesIndividualAllocation        = false                                  {pd product} {ergonomic}
     bool UseParallelGC                            = true                                      {product} {command line}

Logging:
Log output configuration:
 #0: stdout all=off uptime,level,tags
 #1: stderr all=off uptime,level,tags

Environment Variables:
PATH=C:\Program Files\Microsoft MPI\Bin\;C:\Program Files (x86)\Common Files\Oracle\Java\javapath;C:\WINDOWS\system32;C:\WINDOWS;C:\WINDOWS\System32\Wbem;C:\WINDOWS\System32\WindowsPowerShell\v1.0\;C:\WINDOWS\System32\OpenSSH\;C:\Program Files\Inkscape\bin;C:\Program Files\AutoFirma\AutoFirma;C:\Program Files\Microsoft SQL Server\Client SDK\ODBC\130\Tools\Binn\;C:\Program Files (x86)\Microsoft SQL Server\160\DTS\Binn\;C:\Program Files\Git\cmd;C:\Users\PORT-DELL-EMILIO\AppData\Local\Microsoft\WindowsApps;C:\Program Files\Azure Data Studio\bin;C:\Users\PORT-DELL-EMILIO\AppData\Local\Programs\Microsoft VS Code\bin
USERNAME=PORT-DELL-EMILIO
OS=Windows_NT
PROCESSOR_IDENTIFIER=Intel64 Family 6 Model 69 Stepping 1, GenuineIntel
TMP=C:\Users\PORT-D~1\AppData\Local\Temp
TEMP=C:\Users\PORT-D~1\AppData\Local\Temp



Periodic native trim disabled


---------------  S Y S T E M  ---------------

OS:
 Windows 10 , 64 bit Build 19041 (10.0.19041.3636)
OS uptime: 2 days 4:07 hours
Hyper-V role detected

CPU: total 4 (initial active 4) (2 cores per cpu, 2 threads per core) family 6 model 69 stepping 1 microcode 0x25, cx8, cmov, fxsr, ht, mmx, sse, sse2, sse3, ssse3, sse4.1, sse4.2, popcnt, lzcnt, tsc, tscinvbit, avx, avx2, aes, erms, clmul, bmi1, bmi2, fma, vzeroupper, clflush, hv
Processor Information for all 4 processors :
  Max Mhz: 1700, Current Mhz: 1700, Mhz Limit: 1700

Memory: 4k page, system-wide physical 8096M (649M free)
TotalPageFile size 8096M (AvailPageFile size 5M)
current process WorkingSet (physical memory assigned to process): 188M, peak: 203M
current process commit charge ("private bytes"): 259M, peak: 285M

vm_info: OpenJDK 64-Bit Server VM (17.0.11+9) for windows-amd64 JRE (17.0.11+9), built on Apr 17 2024 06:07:48 by "admin" with MS VC++ 16.10 / 16.11 (VS2019)

END.
