#
# There is insufficient memory for the Java Runtime Environment to continue.
# Native memory allocation (malloc) failed to allocate 54016 bytes. Error detail: Chunk::new
# Possible reasons:
#   The system is out of physical RAM or swap space
#   This process is running with CompressedOops enabled, and the Java Heap may be blocking the growth of the native heap
# Possible solutions:
#   Reduce memory load on the system
#   Increase physical memory or swap space
#   Check if swap backing store is full
#   Decrease Java heap size (-Xmx/-Xms)
#   Decrease number of Java threads
#   Decrease Java thread stack sizes (-Xss)
#   Set larger code cache with -XX:ReservedCodeCacheSize=
#   JVM is running with Unscaled Compressed Oops mode in which the Java heap is
#     placed in the first 4GB address space. The Java Heap base address is the
#     maximum limit for the native heap growth. Please use -XX:HeapBaseMinAddress
#     to set the Java Heap base and to place the Java Heap above 4GB virtual address.
# This output file may be truncated or incomplete.
#
#  Out of Memory Error (arena.cpp:191), pid=12700, tid=14088
#
# JRE version: OpenJDK Runtime Environment Temurin-17.0.11+9 (17.0.11+9) (build 17.0.11+9)
# Java VM: OpenJDK 64-Bit Server VM Temurin-17.0.11+9 (17.0.11+9, mixed mode, tiered, compressed oops, compressed class ptrs, parallel gc, windows-amd64)
# No core dump will be written. Minidumps are not enabled by default on client versions of Windows
#

---------------  S U M M A R Y ------------

Command Line: --add-modules=ALL-SYSTEM --add-opens=java.base/java.util=ALL-UNNAMED --add-opens=java.base/java.lang=ALL-UNNAMED --add-opens=java.base/sun.nio.fs=ALL-UNNAMED -Declipse.application=org.eclipse.jdt.ls.core.id1 -Dosgi.bundles.defaultStartLevel=4 -Declipse.product=org.eclipse.jdt.ls.core.product -Djava.import.generatesMetadataFilesAtProjectRoot=false -DDetectVMInstallationsJob.disabled=true -Dfile.encoding=utf8 -XX:+UseParallelGC -XX:GCTimeRatio=4 -XX:AdaptiveSizePolicyWeight=90 -Dsun.zip.disableMemoryMapping=true -Xmx1G -Xms100m -Xlog:disable -javaagent:c:\Users\PORT-DELL-EMILIO\.vscode\extensions\redhat.java-1.31.0-win32-x64\lombok\lombok-1.18.32.jar c:\Users\PORT-DELL-EMILIO\.vscode\extensions\redhat.java-1.31.0-win32-x64\server\plugins\org.eclipse.equinox.launcher_1.6.800.v20240513-1750.jar -configuration c:\Users\PORT-DELL-EMILIO\AppData\Roaming\Code\User\globalStorage\redhat.java\1.31.0\config_ss_win -data c:\Users\PORT-DELL-EMILIO\AppData\Roaming\Code\User\workspaceStorage\9914ae774984ff7cd367b2d3b4f7f0e2\redhat.java\ss_ws --pipe=\\.\pipe\lsp-2892772a883b481ab3c1db309436c739-sock

Host: Intel(R) Core(TM) i3-4005U CPU @ 1.70GHz, 4 cores, 7G,  Windows 10 , 64 bit Build 19041 (10.0.19041.3636)
Time: Thu Jun 20 13:01:12 2024 Hora de verano romance elapsed time: 56.290033 seconds (0d 0h 0m 56s)

---------------  T H R E A D  ---------------

Current thread (0x000001f4a7d66640):  JavaThread "C2 CompilerThread0" daemon [_thread_in_native, id=14088, stack(0x0000004ddde00000,0x0000004dddf00000)]


Current CompileTask:
C2:  56290 4205       4       org.eclipse.jface.text.DefaultLineTracker::nextDelimiterInfo (167 bytes)

Stack: [0x0000004ddde00000,0x0000004dddf00000]
Native frames: (J=compiled Java code, j=interpreted, Vv=VM code, C=native code)
V  [jvm.dll+0x67d429]
V  [jvm.dll+0x834b7a]
V  [jvm.dll+0x83663e]
V  [jvm.dll+0x836ca3]
V  [jvm.dll+0x247dbf]
V  [jvm.dll+0xac534]
V  [jvm.dll+0xacb7c]
V  [jvm.dll+0x2af2cf]
V  [jvm.dll+0x5848b7]
V  [jvm.dll+0x222d82]
V  [jvm.dll+0x21bf3f]
V  [jvm.dll+0x2197a1]
V  [jvm.dll+0x1a534d]
V  [jvm.dll+0x2295cd]
V  [jvm.dll+0x22779c]
V  [jvm.dll+0x7e9d07]
V  [jvm.dll+0x7e410a]
V  [jvm.dll+0x67c315]
C  [ucrtbase.dll+0x21bb2]
C  [KERNEL32.DLL+0x17344]
C  [ntdll.dll+0x4cc91]


---------------  P R O C E S S  ---------------

Threads class SMR info:
_java_thread_list=0x000001f4aee7bf60, length=32, elements={
0x000001f493eef580, 0x000001f4a7d34750, 0x000001f4a7d36e00, 0x000001f4a7d62280,
0x000001f4a7d62f00, 0x000001f4a7d63b80, 0x000001f4a7d65950, 0x000001f4a7d66640,
0x000001f4acf2b5c0, 0x000001f4a7d8e2b0, 0x000001f4acfd7250, 0x000001f4ad1f6010,
0x000001f4ada8c3c0, 0x000001f4adab2ca0, 0x000001f4adab3da0, 0x000001f4adcb56e0,
0x000001f4ad39a510, 0x000001f4ad399af0, 0x000001f4ad3995e0, 0x000001f4ad39be60,
0x000001f4ad39af30, 0x000001f4ad39b440, 0x000001f4ad39b950, 0x000001f4ad39aa20,
0x000001f4ad39c370, 0x000001f4ad39c880, 0x000001f4ae713860, 0x000001f4ae7100b0,
0x000001f4ae70dd40, 0x000001f4ae714790, 0x000001f4ae70d830, 0x000001f4ae70fba0
}

Java Threads: ( => current thread )
  0x000001f493eef580 JavaThread "main" [_thread_blocked, id=14424, stack(0x0000004ddd500000,0x0000004ddd600000)]
  0x000001f4a7d34750 JavaThread "Reference Handler" daemon [_thread_blocked, id=12888, stack(0x0000004ddd800000,0x0000004ddd900000)]
  0x000001f4a7d36e00 JavaThread "Finalizer" daemon [_thread_blocked, id=5264, stack(0x0000004ddd900000,0x0000004ddda00000)]
  0x000001f4a7d62280 JavaThread "Signal Dispatcher" daemon [_thread_blocked, id=1472, stack(0x0000004ddda00000,0x0000004dddb00000)]
  0x000001f4a7d62f00 JavaThread "Attach Listener" daemon [_thread_blocked, id=7128, stack(0x0000004dddb00000,0x0000004dddc00000)]
  0x000001f4a7d63b80 JavaThread "Service Thread" daemon [_thread_blocked, id=10152, stack(0x0000004dddc00000,0x0000004dddd00000)]
  0x000001f4a7d65950 JavaThread "Monitor Deflation Thread" daemon [_thread_blocked, id=3316, stack(0x0000004dddd00000,0x0000004ddde00000)]
=>0x000001f4a7d66640 JavaThread "C2 CompilerThread0" daemon [_thread_in_native, id=14088, stack(0x0000004ddde00000,0x0000004dddf00000)]
  0x000001f4acf2b5c0 JavaThread "C1 CompilerThread0" daemon [_thread_blocked, id=11988, stack(0x0000004dddf00000,0x0000004dde000000)]
  0x000001f4a7d8e2b0 JavaThread "Sweeper thread" daemon [_thread_blocked, id=4092, stack(0x0000004dde000000,0x0000004dde100000)]
  0x000001f4acfd7250 JavaThread "Common-Cleaner" daemon [_thread_blocked, id=12340, stack(0x0000004dde100000,0x0000004dde200000)]
  0x000001f4ad1f6010 JavaThread "Notification Thread" daemon [_thread_blocked, id=13156, stack(0x0000004dde200000,0x0000004dde300000)]
  0x000001f4ada8c3c0 JavaThread "Active Thread: Equinox Container: 6c765de7-0b25-4a6c-859e-a1b4bf063e07" [_thread_blocked, id=11932, stack(0x0000004dde800000,0x0000004dde900000)]
  0x000001f4adab2ca0 JavaThread "Framework Event Dispatcher: Equinox Container: 6c765de7-0b25-4a6c-859e-a1b4bf063e07" daemon [_thread_blocked, id=6880, stack(0x0000004dde900000,0x0000004ddea00000)]
  0x000001f4adab3da0 JavaThread "Start Level: Equinox Container: 6c765de7-0b25-4a6c-859e-a1b4bf063e07" daemon [_thread_blocked, id=4784, stack(0x0000004ddea00000,0x0000004ddeb00000)]
  0x000001f4adcb56e0 JavaThread "SCR Component Actor" daemon [_thread_blocked, id=10596, stack(0x0000004dde700000,0x0000004dde800000)]
  0x000001f4ad39a510 JavaThread "Worker-JM" [_thread_blocked, id=14072, stack(0x0000004ddec00000,0x0000004dded00000)]
  0x000001f4ad399af0 JavaThread "Worker-0" [_thread_blocked, id=3152, stack(0x0000004dded00000,0x0000004ddee00000)]
  0x000001f4ad3995e0 JavaThread "Worker-1" [_thread_blocked, id=5316, stack(0x0000004ddee00000,0x0000004ddef00000)]
  0x000001f4ad39be60 JavaThread "JNA Cleaner" daemon [_thread_blocked, id=3228, stack(0x0000004ddeb00000,0x0000004ddec00000)]
  0x000001f4ad39af30 JavaThread "Thread-2" daemon [_thread_in_native, id=10556, stack(0x0000004ddf100000,0x0000004ddf200000)]
  0x000001f4ad39b440 JavaThread "Thread-3" daemon [_thread_in_native, id=14852, stack(0x0000004ddf200000,0x0000004ddf300000)]
  0x000001f4ad39b950 JavaThread "Thread-4" daemon [_thread_in_native, id=10860, stack(0x0000004ddf300000,0x0000004ddf400000)]
  0x000001f4ad39aa20 JavaThread "Thread-5" daemon [_thread_in_native, id=7564, stack(0x0000004ddf400000,0x0000004ddf500000)]
  0x000001f4ad39c370 JavaThread "Thread-6" daemon [_thread_in_native, id=11860, stack(0x0000004ddf500000,0x0000004ddf600000)]
  0x000001f4ad39c880 JavaThread "pool-2-thread-1" [_thread_blocked, id=4188, stack(0x0000004ddf600000,0x0000004ddf700000)]
  0x000001f4ae713860 JavaThread "WorkspaceEventsHandler" [_thread_blocked, id=7912, stack(0x0000004ddf700000,0x0000004ddf800000)]
  0x000001f4ae7100b0 JavaThread "pool-1-thread-1" [_thread_blocked, id=5892, stack(0x0000004ddf800000,0x0000004ddf900000)]
  0x000001f4ae70dd40 JavaThread "ForkJoinPool.commonPool-worker-1" daemon [_thread_blocked, id=10936, stack(0x0000004ddf900000,0x0000004ddfa00000)]
  0x000001f4ae714790 JavaThread "ForkJoinPool.commonPool-worker-2" daemon [_thread_blocked, id=2076, stack(0x0000004ddfa00000,0x0000004ddfb00000)]
  0x000001f4ae70d830 JavaThread "Worker-2" [_thread_blocked, id=15176, stack(0x0000004ddfb00000,0x0000004ddfc00000)]
  0x000001f4ae70fba0 JavaThread "ForkJoinPool.commonPool-worker-3" daemon [_thread_blocked, id=3148, stack(0x0000004ddfc00000,0x0000004ddfd00000)]

Other Threads:
  0x000001f4a7d1d9c0 VMThread "VM Thread" [stack: 0x0000004ddd700000,0x0000004ddd800000] [id=11392]
  0x000001f4ad1f64f0 WatcherThread [stack: 0x0000004dde300000,0x0000004dde400000] [id=10064]
  0x000001f493f05810 GCTaskThread "GC Thread#0" [stack: 0x0000004ddd600000,0x0000004ddd700000] [id=11136]
  0x000001f4ad6a79b0 GCTaskThread "GC Thread#1" [stack: 0x0000004dde400000,0x0000004dde500000] [id=8756]
  0x000001f4ad62f4a0 GCTaskThread "GC Thread#2" [stack: 0x0000004dde500000,0x0000004dde600000] [id=15200]
  0x000001f4ad62f760 GCTaskThread "GC Thread#3" [stack: 0x0000004dde600000,0x0000004dde700000] [id=1940]

Threads with active compile tasks:
C2 CompilerThread0    56540 4205       4       org.eclipse.jface.text.DefaultLineTracker::nextDelimiterInfo (167 bytes)

VM state: not at safepoint (normal execution)

VM Mutex/Monitor currently owned by a thread: None

Heap address: 0x00000000c0000000, size: 1024 MB, Compressed Oops mode: 32-bit

CDS archive(s) not mapped
Compressed class space mapped at: 0x0000000100000000-0x0000000140000000, reserved size: 1073741824
Narrow klass base: 0x0000000000000000, Narrow klass shift: 3, Narrow klass range: 0x140000000

GC Precious Log:
 CPUs: 4 total, 4 available
 Memory: 8096M
 Large Page Support: Disabled
 NUMA Support: Disabled
 Compressed Oops: Enabled (32-bit)
 Alignments: Space 512K, Generation 512K, Heap 2M
 Heap Min Capacity: 100M
 Heap Initial Capacity: 100M
 Heap Max Capacity: 1G
 Pre-touch: Disabled
 Parallel Workers: 4

Heap:
 PSYoungGen      total 22528K, used 19088K [0x00000000eab00000, 0x00000000ec280000, 0x0000000100000000)
  eden space 20992K, 85% used [0x00000000eab00000,0x00000000ebc99328,0x00000000ebf80000)
  from space 1536K, 69% used [0x00000000ebf80000,0x00000000ec08ae70,0x00000000ec100000)
  to   space 1536K, 0% used [0x00000000ec100000,0x00000000ec100000,0x00000000ec280000)
 ParOldGen       total 68608K, used 29800K [0x00000000c0000000, 0x00000000c4300000, 0x00000000eab00000)
  object space 68608K, 43% used [0x00000000c0000000,0x00000000c1d1a0c8,0x00000000c4300000)
 Metaspace       used 46513K, committed 47296K, reserved 1114112K
  class space    used 4700K, committed 5056K, reserved 1048576K

Card table byte_map: [0x000001f4938c0000,0x000001f493ad0000] _byte_map_base: 0x000001f4932c0000

Marking Bits: (ParMarkBitMap*) 0x00007ffbf782d820
 Begin Bits: [0x000001f4a5b90000, 0x000001f4a6b90000)
 End Bits:   [0x000001f4a6b90000, 0x000001f4a7b90000)

Polling page: 0x000001f4936b0000

Metaspace:

Usage:
  Non-class:     40.83 MB used.
      Class:      4.59 MB used.
       Both:     45.42 MB used.

Virtual space:
  Non-class space:       64.00 MB reserved,      41.25 MB ( 64%) committed,  1 nodes.
      Class space:        1.00 GB reserved,       4.94 MB ( <1%) committed,  1 nodes.
             Both:        1.06 GB reserved,      46.19 MB (  4%) committed. 

Chunk freelists:
   Non-Class:  6.78 MB
       Class:  11.03 MB
        Both:  17.81 MB

MaxMetaspaceSize: unlimited
CompressedClassSpaceSize: 1.00 GB
Initial GC threshold: 21.00 MB
Current GC threshold: 58.38 MB
CDS: off
MetaspaceReclaimPolicy: balanced
 - commit_granule_bytes: 65536.
 - commit_granule_words: 8192.
 - virtual_space_node_default_size: 8388608.
 - enlarge_chunks_in_place: 1.
 - new_chunks_are_fully_committed: 0.
 - uncommit_free_chunks: 1.
 - use_allocation_guard: 0.
 - handle_deallocations: 1.


Internal statistics:

num_allocs_failed_limit: 6.
num_arena_births: 432.
num_arena_deaths: 14.
num_vsnodes_births: 2.
num_vsnodes_deaths: 0.
num_space_committed: 739.
num_space_uncommitted: 0.
num_chunks_returned_to_freelist: 20.
num_chunks_taken_from_freelist: 1987.
num_chunk_merges: 8.
num_chunk_splits: 1303.
num_chunks_enlarged: 892.
num_inconsistent_stats: 0.

CodeHeap 'non-profiled nmethods': size=120000Kb used=2646Kb max_used=2646Kb free=117353Kb
 bounds [0x000001f49e660000, 0x000001f49e900000, 0x000001f4a5b90000]
CodeHeap 'profiled nmethods': size=120000Kb used=9433Kb max_used=9433Kb free=110566Kb
 bounds [0x000001f496b90000, 0x000001f4974d0000, 0x000001f49e0c0000]
CodeHeap 'non-nmethods': size=5760Kb used=1334Kb max_used=1386Kb free=4426Kb
 bounds [0x000001f49e0c0000, 0x000001f49e330000, 0x000001f49e660000]
 total_blobs=4881 nmethods=4203 adapters=592
 compilation: enabled
              stopped_count=0, restarted_count=0
 full_count=0

Compilation events (20 events):
Event: 56.276 Thread 0x000001f4acf2b5c0 4195       3       org.eclipse.core.filesystem.provider.FileStore::<init> (5 bytes)
Event: 56.277 Thread 0x000001f4acf2b5c0 nmethod 4195 0x000001f4974bef90 code [0x000001f4974bf140, 0x000001f4974bf2f8]
Event: 56.277 Thread 0x000001f4acf2b5c0 4197       3       java.util.stream.ReferencePipeline::toArray (18 bytes)
Event: 56.277 Thread 0x000001f4acf2b5c0 nmethod 4197 0x000001f4974bf410 code [0x000001f4974bf5c0, 0x000001f4974bf808]
Event: 56.277 Thread 0x000001f4acf2b5c0 4198       3       java.util.stream.AbstractPipeline::evaluateToArrayNode (78 bytes)
Event: 56.278 Thread 0x000001f4acf2b5c0 nmethod 4198 0x000001f4974bf910 code [0x000001f4974bfb20, 0x000001f4974c00d8]
Event: 56.279 Thread 0x000001f4acf2b5c0 4199       1       org.eclipse.jdt.internal.core.JavaProject::getElementType (2 bytes)
Event: 56.279 Thread 0x000001f4acf2b5c0 nmethod 4199 0x000001f49e8f5290 code [0x000001f49e8f5420, 0x000001f49e8f54f8]
Event: 56.279 Thread 0x000001f4acf2b5c0 4200       3       java.lang.StringBuilder::append (8 bytes)
Event: 56.279 Thread 0x000001f4acf2b5c0 nmethod 4200 0x000001f4974c0290 code [0x000001f4974c0420, 0x000001f4974c0568]
Event: 56.279 Thread 0x000001f4acf2b5c0 4201       3       java.lang.AbstractStringBuilder::append (54 bytes)
Event: 56.280 Thread 0x000001f4acf2b5c0 nmethod 4201 0x000001f4974c0610 code [0x000001f4974c0840, 0x000001f4974c1148]
Event: 56.280 Thread 0x000001f4acf2b5c0 4202       1       org.eclipse.jdt.internal.core.SourceType::getElementType (3 bytes)
Event: 56.280 Thread 0x000001f4acf2b5c0 nmethod 4202 0x000001f49e8f5590 code [0x000001f49e8f5720, 0x000001f49e8f57f8]
Event: 56.282 Thread 0x000001f4acf2b5c0 4203       3       org.eclipse.core.internal.resources.Resource::getLocalManager (8 bytes)
Event: 56.282 Thread 0x000001f4acf2b5c0 nmethod 4203 0x000001f4974c1290 code [0x000001f4974c1420, 0x000001f4974c1558]
Event: 56.283 Thread 0x000001f4acf2b5c0 4204       1       java.net.URI::getRawAuthority (5 bytes)
Event: 56.283 Thread 0x000001f4acf2b5c0 nmethod 4204 0x000001f49e8f5890 code [0x000001f49e8f5a20, 0x000001f49e8f5af8]
Event: 56.283 Thread 0x000001f4a7d66640 4205       4       org.eclipse.jface.text.DefaultLineTracker::nextDelimiterInfo (167 bytes)
Event: 56.284 Thread 0x000001f4acf2b5c0 4206       3       com.google.gson.internal.$Gson$Types::equals (283 bytes)

GC Heap History (20 events):
Event: 40.372 GC heap before
{Heap before GC invocations=26 (full 2):
 PSYoungGen      total 23040K, used 22656K [0x00000000eab00000, 0x00000000ec380000, 0x0000000100000000)
  eden space 22016K, 100% used [0x00000000eab00000,0x00000000ec080000,0x00000000ec080000)
  from space 1024K, 62% used [0x00000000ec200000,0x00000000ec2a0000,0x00000000ec300000)
  to   space 512K, 0% used [0x00000000ec300000,0x00000000ec300000,0x00000000ec380000)
 ParOldGen       total 68608K, used 23606K [0x00000000c0000000, 0x00000000c4300000, 0x00000000eab00000)
  object space 68608K, 34% used [0x00000000c0000000,0x00000000c170db08,0x00000000c4300000)
 Metaspace       used 43003K, committed 43776K, reserved 1114112K
  class space    used 4346K, committed 4672K, reserved 1048576K
}
Event: 40.374 GC heap after
{Heap after GC invocations=26 (full 2):
 PSYoungGen      total 22528K, used 480K [0x00000000eab00000, 0x00000000ec380000, 0x0000000100000000)
  eden space 22016K, 0% used [0x00000000eab00000,0x00000000eab00000,0x00000000ec080000)
  from space 512K, 93% used [0x00000000ec300000,0x00000000ec378000,0x00000000ec380000)
  to   space 1024K, 0% used [0x00000000ec180000,0x00000000ec180000,0x00000000ec280000)
 ParOldGen       total 68608K, used 24163K [0x00000000c0000000, 0x00000000c4300000, 0x00000000eab00000)
  object space 68608K, 35% used [0x00000000c0000000,0x00000000c1798d08,0x00000000c4300000)
 Metaspace       used 43003K, committed 43776K, reserved 1114112K
  class space    used 4346K, committed 4672K, reserved 1048576K
}
Event: 40.479 GC heap before
{Heap before GC invocations=27 (full 2):
 PSYoungGen      total 22528K, used 22496K [0x00000000eab00000, 0x00000000ec380000, 0x0000000100000000)
  eden space 22016K, 100% used [0x00000000eab00000,0x00000000ec080000,0x00000000ec080000)
  from space 512K, 93% used [0x00000000ec300000,0x00000000ec378000,0x00000000ec380000)
  to   space 1024K, 0% used [0x00000000ec180000,0x00000000ec180000,0x00000000ec280000)
 ParOldGen       total 68608K, used 24163K [0x00000000c0000000, 0x00000000c4300000, 0x00000000eab00000)
  object space 68608K, 35% used [0x00000000c0000000,0x00000000c1798d08,0x00000000c4300000)
 Metaspace       used 43003K, committed 43776K, reserved 1114112K
  class space    used 4346K, committed 4672K, reserved 1048576K
}
Event: 40.483 GC heap after
{Heap after GC invocations=27 (full 2):
 PSYoungGen      total 23040K, used 576K [0x00000000eab00000, 0x00000000ec380000, 0x0000000100000000)
  eden space 22016K, 0% used [0x00000000eab00000,0x00000000eab00000,0x00000000ec080000)
  from space 1024K, 56% used [0x00000000ec180000,0x00000000ec210000,0x00000000ec280000)
  to   space 1024K, 0% used [0x00000000ec280000,0x00000000ec280000,0x00000000ec380000)
 ParOldGen       total 68608K, used 24595K [0x00000000c0000000, 0x00000000c4300000, 0x00000000eab00000)
  object space 68608K, 35% used [0x00000000c0000000,0x00000000c1804d08,0x00000000c4300000)
 Metaspace       used 43003K, committed 43776K, reserved 1114112K
  class space    used 4346K, committed 4672K, reserved 1048576K
}
Event: 40.639 GC heap before
{Heap before GC invocations=28 (full 2):
 PSYoungGen      total 23040K, used 22592K [0x00000000eab00000, 0x00000000ec380000, 0x0000000100000000)
  eden space 22016K, 100% used [0x00000000eab00000,0x00000000ec080000,0x00000000ec080000)
  from space 1024K, 56% used [0x00000000ec180000,0x00000000ec210000,0x00000000ec280000)
  to   space 1024K, 0% used [0x00000000ec280000,0x00000000ec280000,0x00000000ec380000)
 ParOldGen       total 68608K, used 24595K [0x00000000c0000000, 0x00000000c4300000, 0x00000000eab00000)
  object space 68608K, 35% used [0x00000000c0000000,0x00000000c1804d08,0x00000000c4300000)
 Metaspace       used 43003K, committed 43776K, reserved 1114112K
  class space    used 4346K, committed 4672K, reserved 1048576K
}
Event: 40.642 GC heap after
{Heap after GC invocations=28 (full 2):
 PSYoungGen      total 23040K, used 576K [0x00000000eab00000, 0x00000000ec380000, 0x0000000100000000)
  eden space 22016K, 0% used [0x00000000eab00000,0x00000000eab00000,0x00000000ec080000)
  from space 1024K, 56% used [0x00000000ec280000,0x00000000ec310000,0x00000000ec380000)
  to   space 1024K, 0% used [0x00000000ec180000,0x00000000ec180000,0x00000000ec280000)
 ParOldGen       total 68608K, used 25110K [0x00000000c0000000, 0x00000000c4300000, 0x00000000eab00000)
  object space 68608K, 36% used [0x00000000c0000000,0x00000000c1885bc8,0x00000000c4300000)
 Metaspace       used 43003K, committed 43776K, reserved 1114112K
  class space    used 4346K, committed 4672K, reserved 1048576K
}
Event: 40.738 GC heap before
{Heap before GC invocations=29 (full 2):
 PSYoungGen      total 23040K, used 22592K [0x00000000eab00000, 0x00000000ec380000, 0x0000000100000000)
  eden space 22016K, 100% used [0x00000000eab00000,0x00000000ec080000,0x00000000ec080000)
  from space 1024K, 56% used [0x00000000ec280000,0x00000000ec310000,0x00000000ec380000)
  to   space 1024K, 0% used [0x00000000ec180000,0x00000000ec180000,0x00000000ec280000)
 ParOldGen       total 68608K, used 25110K [0x00000000c0000000, 0x00000000c4300000, 0x00000000eab00000)
  object space 68608K, 36% used [0x00000000c0000000,0x00000000c1885bc8,0x00000000c4300000)
 Metaspace       used 43003K, committed 43776K, reserved 1114112K
  class space    used 4346K, committed 4672K, reserved 1048576K
}
Event: 40.740 GC heap after
{Heap after GC invocations=29 (full 2):
 PSYoungGen      total 23040K, used 576K [0x00000000eab00000, 0x00000000ec300000, 0x0000000100000000)
  eden space 22016K, 0% used [0x00000000eab00000,0x00000000eab00000,0x00000000ec080000)
  from space 1024K, 56% used [0x00000000ec180000,0x00000000ec210000,0x00000000ec280000)
  to   space 512K, 0% used [0x00000000ec280000,0x00000000ec280000,0x00000000ec300000)
 ParOldGen       total 68608K, used 25646K [0x00000000c0000000, 0x00000000c4300000, 0x00000000eab00000)
  object space 68608K, 37% used [0x00000000c0000000,0x00000000c190bbc8,0x00000000c4300000)
 Metaspace       used 43003K, committed 43776K, reserved 1114112K
  class space    used 4346K, committed 4672K, reserved 1048576K
}
Event: 40.907 GC heap before
{Heap before GC invocations=30 (full 2):
 PSYoungGen      total 23040K, used 22592K [0x00000000eab00000, 0x00000000ec300000, 0x0000000100000000)
  eden space 22016K, 100% used [0x00000000eab00000,0x00000000ec080000,0x00000000ec080000)
  from space 1024K, 56% used [0x00000000ec180000,0x00000000ec210000,0x00000000ec280000)
  to   space 512K, 0% used [0x00000000ec280000,0x00000000ec280000,0x00000000ec300000)
 ParOldGen       total 68608K, used 25646K [0x00000000c0000000, 0x00000000c4300000, 0x00000000eab00000)
  object space 68608K, 37% used [0x00000000c0000000,0x00000000c190bbc8,0x00000000c4300000)
 Metaspace       used 43004K, committed 43776K, reserved 1114112K
  class space    used 4346K, committed 4672K, reserved 1048576K
}
Event: 40.909 GC heap after
{Heap after GC invocations=30 (full 2):
 PSYoungGen      total 22528K, used 512K [0x00000000eab00000, 0x00000000ec380000, 0x0000000100000000)
  eden space 22016K, 0% used [0x00000000eab00000,0x00000000eab00000,0x00000000ec080000)
  from space 512K, 100% used [0x00000000ec280000,0x00000000ec300000,0x00000000ec300000)
  to   space 1536K, 0% used [0x00000000ec080000,0x00000000ec080000,0x00000000ec200000)
 ParOldGen       total 68608K, used 26276K [0x00000000c0000000, 0x00000000c4300000, 0x00000000eab00000)
  object space 68608K, 38% used [0x00000000c0000000,0x00000000c19a9048,0x00000000c4300000)
 Metaspace       used 43004K, committed 43776K, reserved 1114112K
  class space    used 4346K, committed 4672K, reserved 1048576K
}
Event: 41.016 GC heap before
{Heap before GC invocations=31 (full 2):
 PSYoungGen      total 22528K, used 22528K [0x00000000eab00000, 0x00000000ec380000, 0x0000000100000000)
  eden space 22016K, 100% used [0x00000000eab00000,0x00000000ec080000,0x00000000ec080000)
  from space 512K, 100% used [0x00000000ec280000,0x00000000ec300000,0x00000000ec300000)
  to   space 1536K, 0% used [0x00000000ec080000,0x00000000ec080000,0x00000000ec200000)
 ParOldGen       total 68608K, used 26276K [0x00000000c0000000, 0x00000000c4300000, 0x00000000eab00000)
  object space 68608K, 38% used [0x00000000c0000000,0x00000000c19a9048,0x00000000c4300000)
 Metaspace       used 43019K, committed 43776K, reserved 1114112K
  class space    used 4346K, committed 4672K, reserved 1048576K
}
Event: 41.018 GC heap after
{Heap after GC invocations=31 (full 2):
 PSYoungGen      total 23552K, used 512K [0x00000000eab00000, 0x00000000ec300000, 0x0000000100000000)
  eden space 22016K, 0% used [0x00000000eab00000,0x00000000eab00000,0x00000000ec080000)
  from space 1536K, 33% used [0x00000000ec080000,0x00000000ec100000,0x00000000ec200000)
  to   space 1024K, 0% used [0x00000000ec200000,0x00000000ec200000,0x00000000ec300000)
 ParOldGen       total 68608K, used 26803K [0x00000000c0000000, 0x00000000c4300000, 0x00000000eab00000)
  object space 68608K, 39% used [0x00000000c0000000,0x00000000c1a2cdc8,0x00000000c4300000)
 Metaspace       used 43019K, committed 43776K, reserved 1114112K
  class space    used 4346K, committed 4672K, reserved 1048576K
}
Event: 41.203 GC heap before
{Heap before GC invocations=32 (full 2):
 PSYoungGen      total 23552K, used 22528K [0x00000000eab00000, 0x00000000ec300000, 0x0000000100000000)
  eden space 22016K, 100% used [0x00000000eab00000,0x00000000ec080000,0x00000000ec080000)
  from space 1536K, 33% used [0x00000000ec080000,0x00000000ec100000,0x00000000ec200000)
  to   space 1024K, 0% used [0x00000000ec200000,0x00000000ec200000,0x00000000ec300000)
 ParOldGen       total 68608K, used 26803K [0x00000000c0000000, 0x00000000c4300000, 0x00000000eab00000)
  object space 68608K, 39% used [0x00000000c0000000,0x00000000c1a2cdc8,0x00000000c4300000)
 Metaspace       used 43019K, committed 43776K, reserved 1114112K
  class space    used 4346K, committed 4672K, reserved 1048576K
}
Event: 41.205 GC heap after
{Heap after GC invocations=32 (full 2):
 PSYoungGen      total 23040K, used 544K [0x00000000eab00000, 0x00000000ec300000, 0x0000000100000000)
  eden space 22016K, 0% used [0x00000000eab00000,0x00000000eab00000,0x00000000ec080000)
  from space 1024K, 53% used [0x00000000ec200000,0x00000000ec288000,0x00000000ec300000)
  to   space 1024K, 0% used [0x00000000ec100000,0x00000000ec100000,0x00000000ec200000)
 ParOldGen       total 68608K, used 27251K [0x00000000c0000000, 0x00000000c4300000, 0x00000000eab00000)
  object space 68608K, 39% used [0x00000000c0000000,0x00000000c1a9cdc8,0x00000000c4300000)
 Metaspace       used 43019K, committed 43776K, reserved 1114112K
  class space    used 4346K, committed 4672K, reserved 1048576K
}
Event: 41.339 GC heap before
{Heap before GC invocations=33 (full 2):
 PSYoungGen      total 23040K, used 22560K [0x00000000eab00000, 0x00000000ec300000, 0x0000000100000000)
  eden space 22016K, 100% used [0x00000000eab00000,0x00000000ec080000,0x00000000ec080000)
  from space 1024K, 53% used [0x00000000ec200000,0x00000000ec288000,0x00000000ec300000)
  to   space 1024K, 0% used [0x00000000ec100000,0x00000000ec100000,0x00000000ec200000)
 ParOldGen       total 68608K, used 27251K [0x00000000c0000000, 0x00000000c4300000, 0x00000000eab00000)
  object space 68608K, 39% used [0x00000000c0000000,0x00000000c1a9cdc8,0x00000000c4300000)
 Metaspace       used 43022K, committed 43776K, reserved 1114112K
  class space    used 4346K, committed 4672K, reserved 1048576K
}
Event: 41.341 GC heap after
{Heap after GC invocations=33 (full 2):
 PSYoungGen      total 23040K, used 544K [0x00000000eab00000, 0x00000000ec280000, 0x0000000100000000)
  eden space 22016K, 0% used [0x00000000eab00000,0x00000000eab00000,0x00000000ec080000)
  from space 1024K, 53% used [0x00000000ec100000,0x00000000ec188000,0x00000000ec200000)
  to   space 512K, 0% used [0x00000000ec200000,0x00000000ec200000,0x00000000ec280000)
 ParOldGen       total 68608K, used 27731K [0x00000000c0000000, 0x00000000c4300000, 0x00000000eab00000)
  object space 68608K, 40% used [0x00000000c0000000,0x00000000c1b14dc8,0x00000000c4300000)
 Metaspace       used 43022K, committed 43776K, reserved 1114112K
  class space    used 4346K, committed 4672K, reserved 1048576K
}
Event: 42.385 GC heap before
{Heap before GC invocations=34 (full 2):
 PSYoungGen      total 23040K, used 22560K [0x00000000eab00000, 0x00000000ec280000, 0x0000000100000000)
  eden space 22016K, 100% used [0x00000000eab00000,0x00000000ec080000,0x00000000ec080000)
  from space 1024K, 53% used [0x00000000ec100000,0x00000000ec188000,0x00000000ec200000)
  to   space 512K, 0% used [0x00000000ec200000,0x00000000ec200000,0x00000000ec280000)
 ParOldGen       total 68608K, used 27731K [0x00000000c0000000, 0x00000000c4300000, 0x00000000eab00000)
  object space 68608K, 40% used [0x00000000c0000000,0x00000000c1b14dc8,0x00000000c4300000)
 Metaspace       used 44726K, committed 45440K, reserved 1114112K
  class space    used 4534K, committed 4864K, reserved 1048576K
}
Event: 42.390 GC heap after
{Heap after GC invocations=34 (full 2):
 PSYoungGen      total 21504K, used 500K [0x00000000eab00000, 0x00000000ec580000, 0x0000000100000000)
  eden space 20992K, 0% used [0x00000000eab00000,0x00000000eab00000,0x00000000ebf80000)
  from space 512K, 97% used [0x00000000ec200000,0x00000000ec27d1e0,0x00000000ec280000)
  to   space 2560K, 0% used [0x00000000ebf80000,0x00000000ebf80000,0x00000000ec200000)
 ParOldGen       total 68608K, used 29378K [0x00000000c0000000, 0x00000000c4300000, 0x00000000eab00000)
  object space 68608K, 42% used [0x00000000c0000000,0x00000000c1cb09d8,0x00000000c4300000)
 Metaspace       used 44726K, committed 45440K, reserved 1114112K
  class space    used 4534K, committed 4864K, reserved 1048576K
}
Event: 42.948 GC heap before
{Heap before GC invocations=35 (full 2):
 PSYoungGen      total 21504K, used 21492K [0x00000000eab00000, 0x00000000ec580000, 0x0000000100000000)
  eden space 20992K, 100% used [0x00000000eab00000,0x00000000ebf80000,0x00000000ebf80000)
  from space 512K, 97% used [0x00000000ec200000,0x00000000ec27d1e0,0x00000000ec280000)
  to   space 2560K, 0% used [0x00000000ebf80000,0x00000000ebf80000,0x00000000ec200000)
 ParOldGen       total 68608K, used 29378K [0x00000000c0000000, 0x00000000c4300000, 0x00000000eab00000)
  object space 68608K, 42% used [0x00000000c0000000,0x00000000c1cb09d8,0x00000000c4300000)
 Metaspace       used 44868K, committed 45632K, reserved 1114112K
  class space    used 4544K, committed 4864K, reserved 1048576K
}
Event: 42.951 GC heap after
{Heap after GC invocations=35 (full 2):
 PSYoungGen      total 22528K, used 1067K [0x00000000eab00000, 0x00000000ec280000, 0x0000000100000000)
  eden space 20992K, 0% used [0x00000000eab00000,0x00000000eab00000,0x00000000ebf80000)
  from space 1536K, 69% used [0x00000000ebf80000,0x00000000ec08ae70,0x00000000ec100000)
  to   space 1536K, 0% used [0x00000000ec100000,0x00000000ec100000,0x00000000ec280000)
 ParOldGen       total 68608K, used 29800K [0x00000000c0000000, 0x00000000c4300000, 0x00000000eab00000)
  object space 68608K, 43% used [0x00000000c0000000,0x00000000c1d1a0c8,0x00000000c4300000)
 Metaspace       used 44868K, committed 45632K, reserved 1114112K
  class space    used 4544K, committed 4864K, reserved 1048576K
}

Dll operation events (10 events):
Event: 0.061 Loaded shared library c:\Users\PORT-DELL-EMILIO\.vscode\extensions\redhat.java-1.31.0-win32-x64\jre\17.0.11-win32-x86_64\bin\java.dll
Event: 0.806 Loaded shared library c:\Users\PORT-DELL-EMILIO\.vscode\extensions\redhat.java-1.31.0-win32-x64\jre\17.0.11-win32-x86_64\bin\zip.dll
Event: 0.822 Loaded shared library C:\Users\PORT-DELL-EMILIO\.vscode\extensions\redhat.java-1.31.0-win32-x64\jre\17.0.11-win32-x86_64\bin\instrument.dll
Event: 0.921 Loaded shared library C:\Users\PORT-DELL-EMILIO\.vscode\extensions\redhat.java-1.31.0-win32-x64\jre\17.0.11-win32-x86_64\bin\net.dll
Event: 0.974 Loaded shared library C:\Users\PORT-DELL-EMILIO\.vscode\extensions\redhat.java-1.31.0-win32-x64\jre\17.0.11-win32-x86_64\bin\nio.dll
Event: 0.993 Loaded shared library C:\Users\PORT-DELL-EMILIO\.vscode\extensions\redhat.java-1.31.0-win32-x64\jre\17.0.11-win32-x86_64\bin\zip.dll
Event: 1.053 Loaded shared library C:\Users\PORT-DELL-EMILIO\.vscode\extensions\redhat.java-1.31.0-win32-x64\jre\17.0.11-win32-x86_64\bin\jimage.dll
Event: 1.599 Loaded shared library c:\Users\PORT-DELL-EMILIO\.vscode\extensions\redhat.java-1.31.0-win32-x64\jre\17.0.11-win32-x86_64\bin\verify.dll
Event: 7.064 Loaded shared library C:\Users\PORT-DELL-EMILIO\AppData\Roaming\Code\User\globalStorage\redhat.java\1.31.0\config_ss_win\org.eclipse.equinox.launcher\org.eclipse.equinox.launcher.win32.win32.x86_64_1.2.1000.v20240507-1834\eclipse_11902.dll
Event: 17.655 Loaded shared library C:\Users\PORT-DELL-EMILIO\AppData\Local\Temp\jna-886660209\jna1623298481508352624.dll

Deoptimization events (20 events):
Event: 42.503 Thread 0x000001f4ad3995e0 DEOPT PACKING pc=0x000001f49e82528c sp=0x0000004ddeefec20
Event: 42.503 Thread 0x000001f4ad3995e0 DEOPT UNPACKING pc=0x000001f49e1166a3 sp=0x0000004ddeefeba0 mode 2
Event: 42.599 Thread 0x000001f4ae714790 DEOPT PACKING pc=0x000001f49703ad9b sp=0x0000004ddfafc0f0
Event: 42.599 Thread 0x000001f4ae714790 DEOPT UNPACKING pc=0x000001f49e116e43 sp=0x0000004ddfafb5f0 mode 0
Event: 42.601 Thread 0x000001f4ae714790 Uncommon trap: trap_request=0xffffffde fr.pc=0x000001f49e7f5bf0 relative=0x0000000000008f50
Event: 42.601 Thread 0x000001f4ae714790 Uncommon trap: reason=class_check action=maybe_recompile pc=0x000001f49e7f5bf0 method=lombok.patcher.PatchScript$MethodPatcher.visitMethod(ILjava/lang/String;Ljava/lang/String;Ljava/lang/String;[Ljava/lang/String;)Lorg/lombokweb/asm/MethodVisitor; @ 101 c
Event: 42.601 Thread 0x000001f4ae714790 DEOPT PACKING pc=0x000001f49e7f5bf0 sp=0x0000004ddfafbf50
Event: 42.601 Thread 0x000001f4ae714790 DEOPT UNPACKING pc=0x000001f49e1166a3 sp=0x0000004ddfafbf08 mode 2
Event: 42.602 Thread 0x000001f4ae714790 Uncommon trap: trap_request=0xffffffde fr.pc=0x000001f49e7f5bf0 relative=0x0000000000008f50
Event: 42.602 Thread 0x000001f4ae714790 Uncommon trap: reason=class_check action=maybe_recompile pc=0x000001f49e7f5bf0 method=lombok.patcher.PatchScript$MethodPatcher.visitMethod(ILjava/lang/String;Ljava/lang/String;Ljava/lang/String;[Ljava/lang/String;)Lorg/lombokweb/asm/MethodVisitor; @ 101 c
Event: 42.602 Thread 0x000001f4ae714790 DEOPT PACKING pc=0x000001f49e7f5bf0 sp=0x0000004ddfafbf50
Event: 42.602 Thread 0x000001f4ae714790 DEOPT UNPACKING pc=0x000001f49e1166a3 sp=0x0000004ddfafbf08 mode 2
Event: 42.602 Thread 0x000001f4ae714790 Uncommon trap: trap_request=0xffffffde fr.pc=0x000001f49e7f5bf0 relative=0x0000000000008f50
Event: 42.602 Thread 0x000001f4ae714790 Uncommon trap: reason=class_check action=maybe_recompile pc=0x000001f49e7f5bf0 method=lombok.patcher.PatchScript$MethodPatcher.visitMethod(ILjava/lang/String;Ljava/lang/String;Ljava/lang/String;[Ljava/lang/String;)Lorg/lombokweb/asm/MethodVisitor; @ 101 c
Event: 42.602 Thread 0x000001f4ae714790 DEOPT PACKING pc=0x000001f49e7f5bf0 sp=0x0000004ddfafbf50
Event: 42.602 Thread 0x000001f4ae714790 DEOPT UNPACKING pc=0x000001f49e1166a3 sp=0x0000004ddfafbf08 mode 2
Event: 42.602 Thread 0x000001f4ae714790 Uncommon trap: trap_request=0xffffffde fr.pc=0x000001f49e7f5bf0 relative=0x0000000000008f50
Event: 42.602 Thread 0x000001f4ae714790 Uncommon trap: reason=class_check action=maybe_recompile pc=0x000001f49e7f5bf0 method=lombok.patcher.PatchScript$MethodPatcher.visitMethod(ILjava/lang/String;Ljava/lang/String;Ljava/lang/String;[Ljava/lang/String;)Lorg/lombokweb/asm/MethodVisitor; @ 101 c
Event: 42.602 Thread 0x000001f4ae714790 DEOPT PACKING pc=0x000001f49e7f5bf0 sp=0x0000004ddfafbf50
Event: 42.602 Thread 0x000001f4ae714790 DEOPT UNPACKING pc=0x000001f49e1166a3 sp=0x0000004ddfafbf08 mode 2

Classes unloaded (7 events):
Event: 10.371 Thread 0x000001f4a7d1d9c0 Unloading class 0x0000000100216400 'java/lang/invoke/LambdaForm$MH+0x0000000100216400'
Event: 10.371 Thread 0x000001f4a7d1d9c0 Unloading class 0x0000000100216000 'java/lang/invoke/LambdaForm$MH+0x0000000100216000'
Event: 10.371 Thread 0x000001f4a7d1d9c0 Unloading class 0x0000000100215c00 'java/lang/invoke/LambdaForm$MH+0x0000000100215c00'
Event: 10.371 Thread 0x000001f4a7d1d9c0 Unloading class 0x0000000100215800 'java/lang/invoke/LambdaForm$MH+0x0000000100215800'
Event: 10.371 Thread 0x000001f4a7d1d9c0 Unloading class 0x0000000100215400 'java/lang/invoke/LambdaForm$BMH+0x0000000100215400'
Event: 10.372 Thread 0x000001f4a7d1d9c0 Unloading class 0x0000000100215000 'java/lang/invoke/LambdaForm$DMH+0x0000000100215000'
Event: 10.372 Thread 0x000001f4a7d1d9c0 Unloading class 0x0000000100210400 'java/lang/invoke/LambdaForm$DMH+0x0000000100210400'

Classes redefined (0 events):
No events

Internal exceptions (20 events):
Event: 27.868 Thread 0x000001f4ae714790 Exception <a 'java/lang/NoSuchMethodError'{0x00000000eb1ff780}: 'void java.lang.invoke.DirectMethodHandle$Holder.invokeVirtual(java.lang.Object, java.lang.Object, java.lang.Object, java.lang.Object)'> (0x00000000eb1ff780) 
thrown [s\src\hotspot\share\interpreter\linkResolver.cpp, line 759]
Event: 30.148 Thread 0x000001f4ad399af0 Exception <a 'java/io/FileNotFoundException'{0x00000000ec196188}> (0x00000000ec196188) 
thrown [s\src\hotspot\share\prims\jni.cpp, line 516]
Event: 30.206 Thread 0x000001f4ad399af0 Exception <a 'java/io/FileNotFoundException'{0x00000000eac21c80}> (0x00000000eac21c80) 
thrown [s\src\hotspot\share\prims\jni.cpp, line 516]
Event: 30.207 Thread 0x000001f4ad399af0 Exception <a 'java/io/FileNotFoundException'{0x00000000eac22d00}> (0x00000000eac22d00) 
thrown [s\src\hotspot\share\prims\jni.cpp, line 516]
Event: 30.207 Thread 0x000001f4ad399af0 Exception <a 'java/io/FileNotFoundException'{0x00000000eac23af8}> (0x00000000eac23af8) 
thrown [s\src\hotspot\share\prims\jni.cpp, line 516]
Event: 34.450 Thread 0x000001f4ae7100b0 Implicit null exception at 0x000001f49e79584c to 0x000001f49e7964b0
Event: 36.124 Thread 0x000001f4ae70fba0 Exception <a 'java/lang/NoSuchMethodError'{0x00000000ebf412b0}: 'int java.lang.invoke.DirectMethodHandle$Holder.invokeVirtual(java.lang.Object, java.lang.Object)'> (0x00000000ebf412b0) 
thrown [s\src\hotspot\share\interpreter\linkResolver.cpp, line 759]
Event: 36.532 Thread 0x000001f4ae70fba0 Exception <a 'java/lang/ArrayIndexOutOfBoundsException'{0x00000000ec02cca8}: Index 336 out of bounds for length 335> (0x00000000ec02cca8) 
thrown [s\src\hotspot\share\interpreter\interpreterRuntime.cpp, line 428]
Event: 40.037 Thread 0x000001f4ae714790 Exception <a 'java/lang/NoSuchMethodError'{0x00000000eafa00c8}: 'int java.lang.invoke.DirectMethodHandle$Holder.invokeInterface(java.lang.Object, java.lang.Object)'> (0x00000000eafa00c8) 
thrown [s\src\hotspot\share\interpreter\linkResolver.cpp, line 759]
Event: 40.038 Thread 0x000001f4ae714790 Exception <a 'java/lang/IncompatibleClassChangeError'{0x00000000eafa3658}: Found class java.lang.Object, but interface was expected> (0x00000000eafa3658) 
thrown [s\src\hotspot\share\interpreter\linkResolver.cpp, line 826]
Event: 41.635 Thread 0x000001f4ae714790 Exception <a 'java/lang/NoSuchMethodError'{0x00000000eb55edd8}: 'int java.lang.invoke.DirectMethodHandle$Holder.invokeStatic(java.lang.Object, java.lang.Object, java.lang.Object, int)'> (0x00000000eb55edd8) 
thrown [s\src\hotspot\share\interpreter\linkResolver.cpp, line 759]
Event: 41.636 Thread 0x000001f4ad3995e0 Exception <a 'java/lang/NoSuchMethodError'{0x00000000eb542100}: 'int java.lang.invoke.DirectMethodHandle$Holder.invokeStatic(java.lang.Object, java.lang.Object, java.lang.Object, int)'> (0x00000000eb542100) 
thrown [s\src\hotspot\share\interpreter\linkResolver.cpp, line 759]
Event: 41.809 Thread 0x000001f4ae714790 Exception <a 'java/io/FileNotFoundException'{0x00000000eb768aa8}> (0x00000000eb768aa8) 
thrown [s\src\hotspot\share\prims\jni.cpp, line 516]
Event: 41.812 Thread 0x000001f4ae714790 Exception <a 'java/io/FileNotFoundException'{0x00000000eb769b28}> (0x00000000eb769b28) 
thrown [s\src\hotspot\share\prims\jni.cpp, line 516]
Event: 41.855 Thread 0x000001f4ad3995e0 Exception <a 'java/lang/LinkageError'{0x00000000eb6d4de8}: loader lombok.launch.ShadowClassLoader @6e1a499e attempted duplicate class definition for lombok.launch.PatchFixesHider$Delegate. (lombok.launch.PatchFixesHider$Delegate is in unnamed module of loader lombok.launch.ShadowClassLoader @6e1a499e, parent loader org.eclipse.osgi.internal.loader.EquinoxClassLoader @8946927)> (0x00000000eb6d4de8) 
thrown [s\src\hotspot\share\classfile\systemDictionary.cpp, line 1723]
Event: 42.180 Thread 0x000001f4ae714790 Exception <a 'java/lang/LinkageError'{0x00000000eba71370}: loader lombok.launch.ShadowClassLoader @6e1a499e attempted duplicate class definition for lombok.launch.PatchFixesHider$ExtensionMethod. (lombok.launch.PatchFixesHider$ExtensionMethod is in unnamed module of loader lombok.launch.ShadowClassLoader @6e1a499e, parent loader org.eclipse.osgi.internal.loader.EquinoxClassLoader @8946927)> (0x00000000eba71370) 
thrown [s\src\hotspot\share\classfile\systemDictionary.cpp, line 1723]
Event: 42.400 Thread 0x000001f4ad3995e0 Exception <a 'java/io/FileNotFoundException'{0x00000000eab31c28}> (0x00000000eab31c28) 
thrown [s\src\hotspot\share\prims\jni.cpp, line 516]
Event: 42.400 Thread 0x000001f4ad3995e0 Exception <a 'java/io/FileNotFoundException'{0x00000000eab32cb0}> (0x00000000eab32cb0) 
thrown [s\src\hotspot\share\prims\jni.cpp, line 516]
Event: 42.401 Thread 0x000001f4ad3995e0 Exception <a 'java/io/FileNotFoundException'{0x00000000eab33aa8}> (0x00000000eab33aa8) 
thrown [s\src\hotspot\share\prims\jni.cpp, line 516]
Event: 49.051 Thread 0x000001f4ae714790 Exception <a 'java/lang/ArrayIndexOutOfBoundsException'{0x00000000ebbe05d8}: Index 336 out of bounds for length 335> (0x00000000ebbe05d8) 
thrown [s\src\hotspot\share\interpreter\interpreterRuntime.cpp, line 428]

VM Operations (20 events):
Event: 40.738 Executing VM operation: ParallelGCFailedAllocation
Event: 40.740 Executing VM operation: ParallelGCFailedAllocation done
Event: 40.906 Executing VM operation: ParallelGCFailedAllocation
Event: 40.909 Executing VM operation: ParallelGCFailedAllocation done
Event: 41.016 Executing VM operation: ParallelGCFailedAllocation
Event: 41.018 Executing VM operation: ParallelGCFailedAllocation done
Event: 41.203 Executing VM operation: ParallelGCFailedAllocation
Event: 41.205 Executing VM operation: ParallelGCFailedAllocation done
Event: 41.339 Executing VM operation: ParallelGCFailedAllocation
Event: 41.342 Executing VM operation: ParallelGCFailedAllocation done
Event: 41.725 Executing VM operation: HandshakeAllThreads
Event: 41.725 Executing VM operation: HandshakeAllThreads done
Event: 42.384 Executing VM operation: ParallelGCFailedAllocation
Event: 42.396 Executing VM operation: ParallelGCFailedAllocation done
Event: 42.948 Executing VM operation: ParallelGCFailedAllocation
Event: 42.951 Executing VM operation: ParallelGCFailedAllocation done
Event: 43.957 Executing VM operation: Cleanup
Event: 43.957 Executing VM operation: Cleanup done
Event: 50.015 Executing VM operation: Cleanup
Event: 50.015 Executing VM operation: Cleanup done

Events (20 events):
Event: 39.945 Thread 0x000001f4b0bb1a00 Thread added: 0x000001f4b0bb1a00
Event: 40.038 loading class java/util/stream/MatchOps$MatchKind
Event: 40.039 loading class java/util/stream/MatchOps$MatchKind done
Event: 40.039 loading class java/util/stream/MatchOps
Event: 40.039 loading class java/util/stream/MatchOps done
Event: 40.039 loading class java/util/stream/MatchOps$MatchOp
Event: 40.040 loading class java/util/stream/MatchOps$MatchOp done
Event: 40.040 loading class java/util/stream/MatchOps$BooleanTerminalSink
Event: 40.040 loading class java/util/stream/MatchOps$BooleanTerminalSink done
Event: 40.041 loading class java/util/stream/MatchOps$1MatchSink
Event: 40.041 loading class java/util/stream/MatchOps$1MatchSink done
Event: 40.424 Thread 0x000001f4b0bb1a00 Thread exited: 0x000001f4b0bb1a00
Event: 41.434 Thread 0x000001f4aedaaf10 Thread added: 0x000001f4aedaaf10
Event: 42.223 loading class java/util/function/BiPredicate
Event: 42.223 loading class java/util/function/BiPredicate done
Event: 42.286 Thread 0x000001f4aedaaf10 Thread exited: 0x000001f4aedaaf10
Event: 42.434 Thread 0x000001f4ae68c140 Thread added: 0x000001f4ae68c140
Event: 43.459 loading class java/util/AbstractList$ListItr
Event: 43.489 loading class java/util/AbstractList$ListItr done
Event: 49.050 Thread 0x000001f4ae68c140 Thread exited: 0x000001f4ae68c140


Dynamic libraries:
0x00007ff664650000 - 0x00007ff66465e000 	c:\Users\PORT-DELL-EMILIO\.vscode\extensions\redhat.java-1.31.0-win32-x64\jre\17.0.11-win32-x86_64\bin\java.exe
0x00007ffc36f10000 - 0x00007ffc37108000 	C:\WINDOWS\SYSTEM32\ntdll.dll
0x00007ffc36d60000 - 0x00007ffc36e1d000 	C:\WINDOWS\System32\KERNEL32.DLL
0x00007ffc345a0000 - 0x00007ffc34896000 	C:\WINDOWS\System32\KERNELBASE.dll
0x00007ffc34bd0000 - 0x00007ffc34cd0000 	C:\WINDOWS\System32\ucrtbase.dll
0x00007ffc276f0000 - 0x00007ffc27707000 	c:\Users\PORT-DELL-EMILIO\.vscode\extensions\redhat.java-1.31.0-win32-x64\jre\17.0.11-win32-x86_64\bin\jli.dll
0x00007ffc36bc0000 - 0x00007ffc36d5f000 	C:\WINDOWS\System32\USER32.dll
0x00007ffc34ef0000 - 0x00007ffc34f12000 	C:\WINDOWS\System32\win32u.dll
0x00007ffc350d0000 - 0x00007ffc350fb000 	C:\WINDOWS\System32\GDI32.dll
0x00007ffc34a00000 - 0x00007ffc34b17000 	C:\WINDOWS\System32\gdi32full.dll
0x00007ffc34960000 - 0x00007ffc349fd000 	C:\WINDOWS\System32\msvcp_win.dll
0x00007ffc24ae0000 - 0x00007ffc24afb000 	c:\Users\PORT-DELL-EMILIO\.vscode\extensions\redhat.java-1.31.0-win32-x64\jre\17.0.11-win32-x86_64\bin\VCRUNTIME140.dll
0x00007ffc207c0000 - 0x00007ffc20a5a000 	C:\WINDOWS\WinSxS\amd64_microsoft.windows.common-controls_6595b64144ccf1df_6.0.19041.4355_none_60b8b9eb71f62e16\COMCTL32.dll
0x00007ffc35910000 - 0x00007ffc359ae000 	C:\WINDOWS\System32\msvcrt.dll
0x00007ffc35780000 - 0x00007ffc357af000 	C:\WINDOWS\System32\IMM32.DLL
0x00007ffc29610000 - 0x00007ffc2961c000 	c:\Users\PORT-DELL-EMILIO\.vscode\extensions\redhat.java-1.31.0-win32-x64\jre\17.0.11-win32-x86_64\bin\vcruntime140_1.dll
0x00007ffc12920000 - 0x00007ffc129ad000 	c:\Users\PORT-DELL-EMILIO\.vscode\extensions\redhat.java-1.31.0-win32-x64\jre\17.0.11-win32-x86_64\bin\msvcp140.dll
0x00007ffbf6c90000 - 0x00007ffbf78f2000 	c:\Users\PORT-DELL-EMILIO\.vscode\extensions\redhat.java-1.31.0-win32-x64\jre\17.0.11-win32-x86_64\bin\server\jvm.dll
0x00007ffc35640000 - 0x00007ffc356f0000 	C:\WINDOWS\System32\ADVAPI32.dll
0x00007ffc36820000 - 0x00007ffc368c0000 	C:\WINDOWS\System32\sechost.dll
0x00007ffc36300000 - 0x00007ffc36423000 	C:\WINDOWS\System32\RPCRT4.dll
0x00007ffc348a0000 - 0x00007ffc348c7000 	C:\WINDOWS\System32\bcrypt.dll
0x00007ffc34480000 - 0x00007ffc344cb000 	C:\WINDOWS\SYSTEM32\POWRPROF.dll
0x00007ffc27750000 - 0x00007ffc27759000 	C:\WINDOWS\SYSTEM32\WSOCK32.dll
0x00007ffc355d0000 - 0x00007ffc3563b000 	C:\WINDOWS\System32\WS2_32.dll
0x00007ffc21600000 - 0x00007ffc21627000 	C:\WINDOWS\SYSTEM32\WINMM.dll
0x00007ffc2cc20000 - 0x00007ffc2cc2a000 	C:\WINDOWS\SYSTEM32\VERSION.dll
0x00007ffc34460000 - 0x00007ffc34472000 	C:\WINDOWS\SYSTEM32\UMPDC.dll
0x00007ffc323e0000 - 0x00007ffc323f2000 	C:\WINDOWS\SYSTEM32\kernel.appcore.dll
0x00007ffc24b10000 - 0x00007ffc24b1a000 	c:\Users\PORT-DELL-EMILIO\.vscode\extensions\redhat.java-1.31.0-win32-x64\jre\17.0.11-win32-x86_64\bin\jimage.dll
0x00007ffc1d6f0000 - 0x00007ffc1d8d4000 	C:\WINDOWS\SYSTEM32\DBGHELP.DLL
0x00007ffc1b940000 - 0x00007ffc1b974000 	C:\WINDOWS\SYSTEM32\dbgcore.DLL
0x00007ffc348d0000 - 0x00007ffc34952000 	C:\WINDOWS\System32\bcryptPrimitives.dll
0x00007ffc24a50000 - 0x00007ffc24a5e000 	c:\Users\PORT-DELL-EMILIO\.vscode\extensions\redhat.java-1.31.0-win32-x64\jre\17.0.11-win32-x86_64\bin\instrument.dll
0x00007ffc1d120000 - 0x00007ffc1d145000 	c:\Users\PORT-DELL-EMILIO\.vscode\extensions\redhat.java-1.31.0-win32-x64\jre\17.0.11-win32-x86_64\bin\java.dll
0x00007ffc21ed0000 - 0x00007ffc21ee8000 	c:\Users\PORT-DELL-EMILIO\.vscode\extensions\redhat.java-1.31.0-win32-x64\jre\17.0.11-win32-x86_64\bin\zip.dll
0x00007ffc35ae0000 - 0x00007ffc3624c000 	C:\WINDOWS\System32\SHELL32.dll
0x00007ffc325e0000 - 0x00007ffc32d7d000 	C:\WINDOWS\SYSTEM32\windows.storage.dll
0x00007ffc36460000 - 0x00007ffc367b3000 	C:\WINDOWS\System32\combase.dll
0x00007ffc33e10000 - 0x00007ffc33e3e000 	C:\WINDOWS\SYSTEM32\Wldp.dll
0x00007ffc35a10000 - 0x00007ffc35add000 	C:\WINDOWS\System32\OLEAUT32.dll
0x00007ffc36250000 - 0x00007ffc362fd000 	C:\WINDOWS\System32\SHCORE.dll
0x00007ffc359b0000 - 0x00007ffc35a05000 	C:\WINDOWS\System32\shlwapi.dll
0x00007ffc344d0000 - 0x00007ffc344f4000 	C:\WINDOWS\SYSTEM32\profapi.dll
0x00007ffc1d100000 - 0x00007ffc1d119000 	C:\Users\PORT-DELL-EMILIO\.vscode\extensions\redhat.java-1.31.0-win32-x64\jre\17.0.11-win32-x86_64\bin\net.dll
0x00007ffc2f000000 - 0x00007ffc2f10a000 	C:\WINDOWS\SYSTEM32\WINHTTP.dll
0x00007ffc33bf0000 - 0x00007ffc33c5a000 	C:\WINDOWS\system32\mswsock.dll
0x00007ffc1ba60000 - 0x00007ffc1ba76000 	C:\Users\PORT-DELL-EMILIO\.vscode\extensions\redhat.java-1.31.0-win32-x64\jre\17.0.11-win32-x86_64\bin\nio.dll
0x00007ffc249c0000 - 0x00007ffc249d0000 	c:\Users\PORT-DELL-EMILIO\.vscode\extensions\redhat.java-1.31.0-win32-x64\jre\17.0.11-win32-x86_64\bin\verify.dll
0x00007ffc152a0000 - 0x00007ffc152e4000 	C:\Users\PORT-DELL-EMILIO\AppData\Roaming\Code\User\globalStorage\redhat.java\1.31.0\config_ss_win\org.eclipse.equinox.launcher\org.eclipse.equinox.launcher.win32.win32.x86_64_1.2.1000.v20240507-1834\eclipse_11902.dll
0x00007ffc36a90000 - 0x00007ffc36bbb000 	C:\WINDOWS\System32\ole32.dll
0x00007ffc33e50000 - 0x00007ffc33e68000 	C:\WINDOWS\SYSTEM32\CRYPTSP.dll
0x00007ffc33530000 - 0x00007ffc33564000 	C:\WINDOWS\system32\rsaenh.dll
0x00007ffc34410000 - 0x00007ffc3443e000 	C:\WINDOWS\SYSTEM32\USERENV.dll
0x00007ffc33d80000 - 0x00007ffc33d8c000 	C:\WINDOWS\SYSTEM32\CRYPTBASE.dll
0x00007ffc338f0000 - 0x00007ffc3392b000 	C:\WINDOWS\SYSTEM32\IPHLPAPI.DLL
0x00007ffc36430000 - 0x00007ffc36438000 	C:\WINDOWS\System32\NSI.dll
0x00007ffc2ac40000 - 0x00007ffc2ac57000 	C:\WINDOWS\SYSTEM32\dhcpcsvc6.DLL
0x00007ffc2ac20000 - 0x00007ffc2ac3d000 	C:\WINDOWS\SYSTEM32\dhcpcsvc.DLL
0x00007ffc33980000 - 0x00007ffc33a4a000 	C:\WINDOWS\SYSTEM32\DNSAPI.dll
0x00007ffc14180000 - 0x00007ffc141c5000 	C:\Users\PORT-DELL-EMILIO\AppData\Local\Temp\jna-886660209\jna1623298481508352624.dll
0x00007ffc357b0000 - 0x00007ffc357b8000 	C:\WINDOWS\System32\PSAPI.DLL

dbghelp: loaded successfully - version: 4.0.5 - missing functions: none
symbol engine: initialized successfully - sym options: 0x614 - pdb path: .;c:\Users\PORT-DELL-EMILIO\.vscode\extensions\redhat.java-1.31.0-win32-x64\jre\17.0.11-win32-x86_64\bin;C:\WINDOWS\SYSTEM32;C:\WINDOWS\WinSxS\amd64_microsoft.windows.common-controls_6595b64144ccf1df_6.0.19041.4355_none_60b8b9eb71f62e16;c:\Users\PORT-DELL-EMILIO\.vscode\extensions\redhat.java-1.31.0-win32-x64\jre\17.0.11-win32-x86_64\bin\server;C:\Users\PORT-DELL-EMILIO\AppData\Roaming\Code\User\globalStorage\redhat.java\1.31.0\config_ss_win\org.eclipse.equinox.launcher\org.eclipse.equinox.launcher.win32.win32.x86_64_1.2.1000.v20240507-1834;C:\Users\PORT-DELL-EMILIO\AppData\Local\Temp\jna-886660209

VM Arguments:
jvm_args: --add-modules=ALL-SYSTEM --add-opens=java.base/java.util=ALL-UNNAMED --add-opens=java.base/java.lang=ALL-UNNAMED --add-opens=java.base/sun.nio.fs=ALL-UNNAMED -Declipse.application=org.eclipse.jdt.ls.core.id1 -Dosgi.bundles.defaultStartLevel=4 -Declipse.product=org.eclipse.jdt.ls.core.product -Djava.import.generatesMetadataFilesAtProjectRoot=false -DDetectVMInstallationsJob.disabled=true -Dfile.encoding=utf8 -XX:+UseParallelGC -XX:GCTimeRatio=4 -XX:AdaptiveSizePolicyWeight=90 -Dsun.zip.disableMemoryMapping=true -Xmx1G -Xms100m -Xlog:disable -javaagent:c:\Users\PORT-DELL-EMILIO\.vscode\extensions\redhat.java-1.31.0-win32-x64\lombok\lombok-1.18.32.jar 
java_command: c:\Users\PORT-DELL-EMILIO\.vscode\extensions\redhat.java-1.31.0-win32-x64\server\plugins\org.eclipse.equinox.launcher_1.6.800.v20240513-1750.jar -configuration c:\Users\PORT-DELL-EMILIO\AppData\Roaming\Code\User\globalStorage\redhat.java\1.31.0\config_ss_win -data c:\Users\PORT-DELL-EMILIO\AppData\Roaming\Code\User\workspaceStorage\9914ae774984ff7cd367b2d3b4f7f0e2\redhat.java\ss_ws --pipe=\\.\pipe\lsp-2892772a883b481ab3c1db309436c739-sock
java_class_path (initial): c:\Users\PORT-DELL-EMILIO\.vscode\extensions\redhat.java-1.31.0-win32-x64\server\plugins\org.eclipse.equinox.launcher_1.6.800.v20240513-1750.jar
Launcher Type: SUN_STANDARD

[Global flags]
    uintx AdaptiveSizePolicyWeight                 = 90                                        {product} {command line}
     intx CICompilerCount                          = 3                                         {product} {ergonomic}
    uintx GCTimeRatio                              = 4                                         {product} {command line}
   size_t InitialHeapSize                          = 104857600                                 {product} {command line}
   size_t MaxHeapSize                              = 1073741824                                {product} {command line}
   size_t MaxNewSize                               = 357564416                                 {product} {ergonomic}
   size_t MinHeapDeltaBytes                        = 524288                                    {product} {ergonomic}
   size_t MinHeapSize                              = 104857600                                 {product} {command line}
   size_t NewSize                                  = 34603008                                  {product} {ergonomic}
    uintx NonNMethodCodeHeapSize                   = 5832780                                {pd product} {ergonomic}
    uintx NonProfiledCodeHeapSize                  = 122912730                              {pd product} {ergonomic}
   size_t OldSize                                  = 70254592                                  {product} {ergonomic}
    uintx ProfiledCodeHeapSize                     = 122912730                              {pd product} {ergonomic}
    uintx ReservedCodeCacheSize                    = 251658240                              {pd product} {ergonomic}
     bool SegmentedCodeCache                       = true                                      {product} {ergonomic}
   size_t SoftMaxHeapSize                          = 1073741824                             {manageable} {ergonomic}
     bool UseCompressedClassPointers               = true                           {product lp64_product} {ergonomic}
     bool UseCompressedOops                        = true                           {product lp64_product} {ergonomic}
     bool UseLargePagesIndividualAllocation        = false                                  {pd product} {ergonomic}
     bool UseParallelGC                            = true                                      {product} {command line}

Logging:
Log output configuration:
 #0: stdout all=off uptime,level,tags
 #1: stderr all=off uptime,level,tags

Environment Variables:
PATH=C:\Program Files\Microsoft MPI\Bin\;C:\Program Files (x86)\Common Files\Oracle\Java\javapath;C:\WINDOWS\system32;C:\WINDOWS;C:\WINDOWS\System32\Wbem;C:\WINDOWS\System32\WindowsPowerShell\v1.0\;C:\WINDOWS\System32\OpenSSH\;C:\Program Files\Inkscape\bin;C:\Program Files\AutoFirma\AutoFirma;C:\Program Files\Microsoft SQL Server\Client SDK\ODBC\130\Tools\Binn\;C:\Program Files (x86)\Microsoft SQL Server\160\DTS\Binn\;C:\Program Files\Git\cmd;C:\Users\PORT-DELL-EMILIO\AppData\Local\Microsoft\WindowsApps;C:\Program Files\Azure Data Studio\bin;C:\Users\PORT-DELL-EMILIO\AppData\Local\Programs\Microsoft VS Code\bin
USERNAME=PORT-DELL-EMILIO
OS=Windows_NT
PROCESSOR_IDENTIFIER=Intel64 Family 6 Model 69 Stepping 1, GenuineIntel
TMP=C:\Users\PORT-D~1\AppData\Local\Temp
TEMP=C:\Users\PORT-D~1\AppData\Local\Temp



Periodic native trim disabled


---------------  S Y S T E M  ---------------

OS:
 Windows 10 , 64 bit Build 19041 (10.0.19041.3636)
OS uptime: 2 days 4:08 hours
Hyper-V role detected

CPU: total 4 (initial active 4) (2 cores per cpu, 2 threads per core) family 6 model 69 stepping 1 microcode 0x25, cx8, cmov, fxsr, ht, mmx, sse, sse2, sse3, ssse3, sse4.1, sse4.2, popcnt, lzcnt, tsc, tscinvbit, avx, avx2, aes, erms, clmul, bmi1, bmi2, fma, vzeroupper, clflush, hv
Processor Information for all 4 processors :
  Max Mhz: 1700, Current Mhz: 1700, Mhz Limit: 1700

Memory: 4k page, system-wide physical 8096M (1079M free)
TotalPageFile size 8096M (AvailPageFile size 521M)
current process WorkingSet (physical memory assigned to process): 162M, peak: 206M
current process commit charge ("private bytes"): 234M, peak: 276M

vm_info: OpenJDK 64-Bit Server VM (17.0.11+9) for windows-amd64 JRE (17.0.11+9), built on Apr 17 2024 06:07:48 by "admin" with MS VC++ 16.10 / 16.11 (VS2019)

END.
