#
# There is insufficient memory for the Java Runtime Environment to continue.
# Native memory allocation (malloc) failed to allocate 85616 bytes. Error detail: Chunk::new
# Possible reasons:
#   The system is out of physical RAM or swap space
#   This process is running with CompressedOops enabled, and the Java Heap may be blocking the growth of the native heap
# Possible solutions:
#   Reduce memory load on the system
#   Increase physical memory or swap space
#   Check if swap backing store is full
#   Decrease Java heap size (-Xmx/-Xms)
#   Decrease number of Java threads
#   Decrease Java thread stack sizes (-Xss)
#   Set larger code cache with -XX:ReservedCodeCacheSize=
#   JVM is running with Unscaled Compressed Oops mode in which the Java heap is
#     placed in the first 4GB address space. The Java Heap base address is the
#     maximum limit for the native heap growth. Please use -XX:HeapBaseMinAddress
#     to set the Java Heap base and to place the Java Heap above 4GB virtual address.
# This output file may be truncated or incomplete.
#
#  Out of Memory Error (arena.cpp:191), pid=16120, tid=15684
#
# JRE version: OpenJDK Runtime Environment Temurin-17.0.11+9 (17.0.11+9) (build 17.0.11+9)
# Java VM: OpenJDK 64-Bit Server VM Temurin-17.0.11+9 (17.0.11+9, mixed mode, tiered, compressed oops, compressed class ptrs, parallel gc, windows-amd64)
# No core dump will be written. Minidumps are not enabled by default on client versions of Windows
#

---------------  S U M M A R Y ------------

Command Line: --add-modules=ALL-SYSTEM --add-opens=java.base/java.util=ALL-UNNAMED --add-opens=java.base/java.lang=ALL-UNNAMED --add-opens=java.base/sun.nio.fs=ALL-UNNAMED -Declipse.application=org.eclipse.jdt.ls.core.id1 -Dosgi.bundles.defaultStartLevel=4 -Declipse.product=org.eclipse.jdt.ls.core.product -Djava.import.generatesMetadataFilesAtProjectRoot=false -DDetectVMInstallationsJob.disabled=true -Dfile.encoding=utf8 -XX:+UseParallelGC -XX:GCTimeRatio=4 -XX:AdaptiveSizePolicyWeight=90 -Dsun.zip.disableMemoryMapping=true -Xmx1G -Xms100m -Xlog:disable -javaagent:c:\Users\PORT-DELL-EMILIO\.vscode\extensions\redhat.java-1.31.0-win32-x64\lombok\lombok-1.18.32.jar c:\Users\PORT-DELL-EMILIO\.vscode\extensions\redhat.java-1.31.0-win32-x64\server\plugins\org.eclipse.equinox.launcher_1.6.800.v20240513-1750.jar -configuration c:\Users\PORT-DELL-EMILIO\AppData\Roaming\Code\User\globalStorage\redhat.java\1.31.0\config_ss_win -data c:\Users\PORT-DELL-EMILIO\AppData\Roaming\Code\User\workspaceStorage\9914ae774984ff7cd367b2d3b4f7f0e2\redhat.java\ss_ws --pipe=\\.\pipe\lsp-b58f42cd1becbebd86eab6e8f9282309-sock

Host: Intel(R) Core(TM) i3-4005U CPU @ 1.70GHz, 4 cores, 7G,  Windows 10 , 64 bit Build 19041 (10.0.19041.3636)
Time: Thu Jun 20 13:09:26 2024 Hora de verano romance elapsed time: 2.683500 seconds (0d 0h 0m 2s)

---------------  T H R E A D  ---------------

Current thread (0x0000020791db2040):  JavaThread "C2 CompilerThread0" daemon [_thread_in_native, id=15684, stack(0x000000d179b00000,0x000000d179c00000)]


Current CompileTask:
C2:   2683  505       4       lombok.patcher.PatchScript::classMatches (41 bytes)

Stack: [0x000000d179b00000,0x000000d179c00000]
Native frames: (J=compiled Java code, j=interpreted, Vv=VM code, C=native code)
V  [jvm.dll+0x67d429]
V  [jvm.dll+0x834b7a]
V  [jvm.dll+0x83663e]
V  [jvm.dll+0x836ca3]
V  [jvm.dll+0x247dbf]
V  [jvm.dll+0xac534]
V  [jvm.dll+0xacb7c]
V  [jvm.dll+0x3665f2]
V  [jvm.dll+0x1bcd1d]
V  [jvm.dll+0x21a5c9]
V  [jvm.dll+0x2198b1]
V  [jvm.dll+0x1a534d]
V  [jvm.dll+0x2295cd]
V  [jvm.dll+0x22779c]
V  [jvm.dll+0x7e9d07]
V  [jvm.dll+0x7e410a]
V  [jvm.dll+0x67c315]
C  [ucrtbase.dll+0x21bb2]
C  [KERNEL32.DLL+0x17344]
C  [ntdll.dll+0x4cc91]


---------------  P R O C E S S  ---------------

Threads class SMR info:
_java_thread_list=0x000002079722b750, length=13, elements={
0x00000207fde9de30, 0x00000207fdf5a4c0, 0x00000207fdf5cb70, 0x0000020791dad160,
0x0000020791dadde0, 0x0000020791daea60, 0x0000020791db0430, 0x0000020791db2040,
0x0000020796f45970, 0x0000020796f4ca60, 0x0000020797011000, 0x000002079722dfd0,
0x0000020797196cb0
}

Java Threads: ( => current thread )
  0x00000207fde9de30 JavaThread "main" [_thread_in_vm, id=11216, stack(0x000000d179200000,0x000000d179300000)]
  0x00000207fdf5a4c0 JavaThread "Reference Handler" daemon [_thread_blocked, id=7520, stack(0x000000d179500000,0x000000d179600000)]
  0x00000207fdf5cb70 JavaThread "Finalizer" daemon [_thread_blocked, id=12700, stack(0x000000d179600000,0x000000d179700000)]
  0x0000020791dad160 JavaThread "Signal Dispatcher" daemon [_thread_blocked, id=16288, stack(0x000000d179700000,0x000000d179800000)]
  0x0000020791dadde0 JavaThread "Attach Listener" daemon [_thread_blocked, id=16164, stack(0x000000d179800000,0x000000d179900000)]
  0x0000020791daea60 JavaThread "Service Thread" daemon [_thread_blocked, id=10628, stack(0x000000d179900000,0x000000d179a00000)]
  0x0000020791db0430 JavaThread "Monitor Deflation Thread" daemon [_thread_blocked, id=7860, stack(0x000000d179a00000,0x000000d179b00000)]
=>0x0000020791db2040 JavaThread "C2 CompilerThread0" daemon [_thread_in_native, id=15684, stack(0x000000d179b00000,0x000000d179c00000)]
  0x0000020796f45970 JavaThread "C1 CompilerThread0" daemon [_thread_blocked, id=7804, stack(0x000000d179c00000,0x000000d179d00000)]
  0x0000020796f4ca60 JavaThread "Sweeper thread" daemon [_thread_blocked, id=14476, stack(0x000000d179d00000,0x000000d179e00000)]
  0x0000020797011000 JavaThread "Common-Cleaner" daemon [_thread_blocked, id=2072, stack(0x000000d179e00000,0x000000d179f00000)]
  0x000002079722dfd0 JavaThread "Notification Thread" daemon [_thread_blocked, id=1480, stack(0x000000d179f00000,0x000000d17a000000)]
  0x0000020797196cb0 JavaThread "C2 CompilerThread1" daemon [_thread_in_native, id=5892, stack(0x000000d17a100000,0x000000d17a200000)]

Other Threads:
  0x00000207fdf4fc40 VMThread "VM Thread" [stack: 0x000000d179400000,0x000000d179500000] [id=748]
  0x0000020797202e20 WatcherThread [stack: 0x000000d17a000000,0x000000d17a100000] [id=12940]
  0x00000207fdeb40c0 GCTaskThread "GC Thread#0" [stack: 0x000000d179300000,0x000000d179400000] [id=12688]

Threads with active compile tasks:
C2 CompilerThread0     2737  505       4       lombok.patcher.PatchScript::classMatches (41 bytes)
C2 CompilerThread1     2738  541       4       lombok.patcher.scripts.MethodLevelPatchScript::patch (21 bytes)

VM state: not at safepoint (normal execution)

VM Mutex/Monitor currently owned by a thread: None

Heap address: 0x00000000c0000000, size: 1024 MB, Compressed Oops mode: 32-bit

CDS archive(s) not mapped
Compressed class space mapped at: 0x0000000100000000-0x0000000140000000, reserved size: 1073741824
Narrow klass base: 0x0000000000000000, Narrow klass shift: 3, Narrow klass range: 0x140000000

GC Precious Log:
 CPUs: 4 total, 4 available
 Memory: 8096M
 Large Page Support: Disabled
 NUMA Support: Disabled
 Compressed Oops: Enabled (32-bit)
 Alignments: Space 512K, Generation 512K, Heap 2M
 Heap Min Capacity: 100M
 Heap Initial Capacity: 100M
 Heap Max Capacity: 1G
 Pre-touch: Disabled
 Parallel Workers: 4

Heap:
 PSYoungGen      total 29696K, used 12512K [0x00000000eab00000, 0x00000000ecc00000, 0x0000000100000000)
  eden space 25600K, 48% used [0x00000000eab00000,0x00000000eb7383b0,0x00000000ec400000)
  from space 4096K, 0% used [0x00000000ec800000,0x00000000ec800000,0x00000000ecc00000)
  to   space 4096K, 0% used [0x00000000ec400000,0x00000000ec400000,0x00000000ec800000)
 ParOldGen       total 68608K, used 0K [0x00000000c0000000, 0x00000000c4300000, 0x00000000eab00000)
  object space 68608K, 0% used [0x00000000c0000000,0x00000000c0000000,0x00000000c4300000)
 Metaspace       used 8515K, committed 8640K, reserved 1114112K
  class space    used 838K, committed 896K, reserved 1048576K

Card table byte_map: [0x00000207fd860000,0x00000207fda70000] _byte_map_base: 0x00000207fd260000

Marking Bits: (ParMarkBitMap*) 0x00007ffbf5a9d820
 Begin Bits: [0x00000207fdf60000, 0x00000207fef60000)
 End Bits:   [0x00000207fef60000, 0x00000207fff60000)

Polling page: 0x00000207fc030000

Metaspace:

Usage:
  Non-class:      7.50 MB used.
      Class:    839.30 KB used.
       Both:      8.32 MB used.

Virtual space:
  Non-class space:       64.00 MB reserved,       7.56 MB ( 12%) committed,  1 nodes.
      Class space:        1.00 GB reserved,     896.00 KB ( <1%) committed,  1 nodes.
             Both:        1.06 GB reserved,       8.44 MB ( <1%) committed. 

Chunk freelists:
   Non-Class:  8.00 MB
       Class:  15.09 MB
        Both:  23.09 MB

MaxMetaspaceSize: unlimited
CompressedClassSpaceSize: 1.00 GB
Initial GC threshold: 21.00 MB
Current GC threshold: 21.00 MB
CDS: off
MetaspaceReclaimPolicy: balanced
 - commit_granule_bytes: 65536.
 - commit_granule_words: 8192.
 - virtual_space_node_default_size: 8388608.
 - enlarge_chunks_in_place: 1.
 - new_chunks_are_fully_committed: 0.
 - uncommit_free_chunks: 1.
 - use_allocation_guard: 0.
 - handle_deallocations: 1.


Internal statistics:

num_allocs_failed_limit: 0.
num_arena_births: 10.
num_arena_deaths: 0.
num_vsnodes_births: 2.
num_vsnodes_deaths: 0.
num_space_committed: 135.
num_space_uncommitted: 0.
num_chunks_returned_to_freelist: 0.
num_chunks_taken_from_freelist: 41.
num_chunk_merges: 0.
num_chunk_splits: 23.
num_chunks_enlarged: 22.
num_inconsistent_stats: 0.

CodeHeap 'non-profiled nmethods': size=120000Kb used=193Kb max_used=193Kb free=119806Kb
 bounds [0x000002078a6b0000, 0x000002078a920000, 0x0000020791be0000]
CodeHeap 'profiled nmethods': size=120000Kb used=751Kb max_used=751Kb free=119248Kb
 bounds [0x0000020782be0000, 0x0000020782e50000, 0x000002078a110000]
CodeHeap 'non-nmethods': size=5760Kb used=1127Kb max_used=1140Kb free=4632Kb
 bounds [0x000002078a110000, 0x000002078a380000, 0x000002078a6b0000]
 total_blobs=957 nmethods=541 adapters=331
 compilation: enabled
              stopped_count=0, restarted_count=0
 full_count=0

Compilation events (20 events):
Event: 2.615 Thread 0x0000020796f45970 nmethod 527 0x0000020782c95f90 code [0x0000020782c96140, 0x0000020782c96358]
Event: 2.615 Thread 0x0000020796f45970  528       3       java.util.LinkedHashMap::linkNodeLast (33 bytes)
Event: 2.616 Thread 0x0000020796f45970 nmethod 528 0x0000020782c96490 code [0x0000020782c96640, 0x0000020782c96838]
Event: 2.617 Thread 0x0000020796f45970  529       3       java.util.regex.Pattern::isSupplementary (21 bytes)
Event: 2.618 Thread 0x0000020796f45970 nmethod 529 0x0000020782c96910 code [0x0000020782c96ac0, 0x0000020782c96d38]
Event: 2.618 Thread 0x0000020796f45970  530       3       java.lang.Character::isSurrogate (18 bytes)
Event: 2.618 Thread 0x0000020796f45970 nmethod 530 0x0000020782c96e10 code [0x0000020782c96fa0, 0x0000020782c97138]
Event: 2.619 Thread 0x0000020796f45970  532   !   3       java.lang.invoke.MemberName::getMethodType (211 bytes)
Event: 2.620 Thread 0x0000020797196cb0 nmethod 519 0x000002078a6de390 code [0x000002078a6de500, 0x000002078a6de7d8]
Event: 2.620 Thread 0x0000020797196cb0  524       4       java.lang.Integer::parseInt (264 bytes)
Event: 2.622 Thread 0x0000020796f45970 nmethod 532 0x0000020782c97210 code [0x0000020782c97500, 0x0000020782c989b8]
Event: 2.622 Thread 0x0000020796f45970  533       3       java.util.regex.Pattern::peek (26 bytes)
Event: 2.622 Thread 0x0000020796f45970 nmethod 533 0x0000020782c98f90 code [0x0000020782c99140, 0x0000020782c993a8]
Event: 2.631 Thread 0x0000020797196cb0 nmethod 524 0x000002078a6de990 code [0x000002078a6deb40, 0x000002078a6def58]
Event: 2.631 Thread 0x0000020797196cb0  522       4       java.lang.StringLatin1::newString (24 bytes)
Event: 2.637 Thread 0x0000020797196cb0 nmethod 522 0x000002078a6df490 code [0x000002078a6df620, 0x000002078a6dfa18]
Event: 2.637 Thread 0x0000020797196cb0  521       4       java.lang.String::checkBoundsBeginEnd (63 bytes)
Event: 2.639 Thread 0x0000020797196cb0 nmethod 521 0x000002078a6dfb90 code [0x000002078a6dfd00, 0x000002078a6dfdb8]
Event: 2.644 Thread 0x0000020796f45970  534       3       java.lang.Byte::<init> (10 bytes)
Event: 2.644 Thread 0x0000020796f45970 nmethod 534 0x0000020782c99510 code [0x0000020782c996c0, 0x0000020782c99898]

GC Heap History (0 events):
No events

Dll operation events (8 events):
Event: 0.088 Loaded shared library c:\Users\PORT-DELL-EMILIO\.vscode\extensions\redhat.java-1.31.0-win32-x64\jre\17.0.11-win32-x86_64\bin\java.dll
Event: 0.936 Loaded shared library c:\Users\PORT-DELL-EMILIO\.vscode\extensions\redhat.java-1.31.0-win32-x64\jre\17.0.11-win32-x86_64\bin\zip.dll
Event: 0.953 Loaded shared library C:\Users\PORT-DELL-EMILIO\.vscode\extensions\redhat.java-1.31.0-win32-x64\jre\17.0.11-win32-x86_64\bin\instrument.dll
Event: 1.028 Loaded shared library C:\Users\PORT-DELL-EMILIO\.vscode\extensions\redhat.java-1.31.0-win32-x64\jre\17.0.11-win32-x86_64\bin\net.dll
Event: 1.046 Loaded shared library C:\Users\PORT-DELL-EMILIO\.vscode\extensions\redhat.java-1.31.0-win32-x64\jre\17.0.11-win32-x86_64\bin\nio.dll
Event: 1.071 Loaded shared library C:\Users\PORT-DELL-EMILIO\.vscode\extensions\redhat.java-1.31.0-win32-x64\jre\17.0.11-win32-x86_64\bin\zip.dll
Event: 1.139 Loaded shared library C:\Users\PORT-DELL-EMILIO\.vscode\extensions\redhat.java-1.31.0-win32-x64\jre\17.0.11-win32-x86_64\bin\jimage.dll
Event: 1.471 Loaded shared library c:\Users\PORT-DELL-EMILIO\.vscode\extensions\redhat.java-1.31.0-win32-x64\jre\17.0.11-win32-x86_64\bin\verify.dll

Deoptimization events (20 events):
Event: 2.463 Thread 0x00000207fde9de30 Uncommon trap: trap_request=0xffffffde fr.pc=0x000002078a6d9c2c relative=0x000000000000010c
Event: 2.463 Thread 0x00000207fde9de30 Uncommon trap: reason=class_check action=maybe_recompile pc=0x000002078a6d9c2c method=jdk.internal.misc.Unsafe.allocateUninitializedArray(Ljava/lang/Class;I)Ljava/lang/Object; @ 51 c2
Event: 2.463 Thread 0x00000207fde9de30 DEOPT PACKING pc=0x000002078a6d9c2c sp=0x000000d1792faa60
Event: 2.463 Thread 0x00000207fde9de30 DEOPT UNPACKING pc=0x000002078a1666a3 sp=0x000000d1792fa9e8 mode 2
Event: 2.463 Thread 0x00000207fde9de30 Uncommon trap: trap_request=0xffffffde fr.pc=0x000002078a6d9c2c relative=0x000000000000010c
Event: 2.463 Thread 0x00000207fde9de30 Uncommon trap: reason=class_check action=maybe_recompile pc=0x000002078a6d9c2c method=jdk.internal.misc.Unsafe.allocateUninitializedArray(Ljava/lang/Class;I)Ljava/lang/Object; @ 51 c2
Event: 2.463 Thread 0x00000207fde9de30 DEOPT PACKING pc=0x000002078a6d9c2c sp=0x000000d1792faa60
Event: 2.463 Thread 0x00000207fde9de30 DEOPT UNPACKING pc=0x000002078a1666a3 sp=0x000000d1792fa9e8 mode 2
Event: 2.463 Thread 0x00000207fde9de30 Uncommon trap: trap_request=0xffffffde fr.pc=0x000002078a6d9c2c relative=0x000000000000010c
Event: 2.463 Thread 0x00000207fde9de30 Uncommon trap: reason=class_check action=maybe_recompile pc=0x000002078a6d9c2c method=jdk.internal.misc.Unsafe.allocateUninitializedArray(Ljava/lang/Class;I)Ljava/lang/Object; @ 51 c2
Event: 2.463 Thread 0x00000207fde9de30 DEOPT PACKING pc=0x000002078a6d9c2c sp=0x000000d1792faaa0
Event: 2.463 Thread 0x00000207fde9de30 DEOPT UNPACKING pc=0x000002078a1666a3 sp=0x000000d1792faa28 mode 2
Event: 2.497 Thread 0x00000207fde9de30 Uncommon trap: trap_request=0xffffff45 fr.pc=0x000002078a6c6ec0 relative=0x00000000000000c0
Event: 2.497 Thread 0x00000207fde9de30 Uncommon trap: reason=unstable_if action=reinterpret pc=0x000002078a6c6ec0 method=java.net.URI.match(CJJ)Z @ 45 c2
Event: 2.497 Thread 0x00000207fde9de30 DEOPT PACKING pc=0x000002078a6c6ec0 sp=0x000000d1792fcab0
Event: 2.497 Thread 0x00000207fde9de30 DEOPT UNPACKING pc=0x000002078a1666a3 sp=0x000000d1792fca38 mode 2
Event: 2.567 Thread 0x00000207fde9de30 Uncommon trap: trap_request=0xffffff45 fr.pc=0x000002078a6dafa4 relative=0x00000000000005a4
Event: 2.567 Thread 0x00000207fde9de30 Uncommon trap: reason=unstable_if action=reinterpret pc=0x000002078a6dafa4 method=java.lang.String.replace(Ljava/lang/CharSequence;Ljava/lang/CharSequence;)Ljava/lang/String; @ 48 c2
Event: 2.567 Thread 0x00000207fde9de30 DEOPT PACKING pc=0x000002078a6dafa4 sp=0x000000d1792fca30
Event: 2.567 Thread 0x00000207fde9de30 DEOPT UNPACKING pc=0x000002078a1666a3 sp=0x000000d1792fc9a0 mode 2

Classes unloaded (0 events):
No events

Classes redefined (0 events):
No events

Internal exceptions (2 events):
Event: 0.829 Thread 0x00000207fde9de30 Exception <a 'java/lang/NoSuchMethodError'{0x00000000eacb4d18}: 'void java.lang.invoke.DirectMethodHandle$Holder.invokeStatic(java.lang.Object, java.lang.Object, java.lang.Object)'> (0x00000000eacb4d18) 
thrown [s\src\hotspot\share\interpreter\linkResolver.cpp, line 759]
Event: 1.641 Thread 0x00000207fde9de30 Exception <a 'java/lang/reflect/InvocationTargetException'{0x00000000eafe9d90}> (0x00000000eafe9d90) 
thrown [s\src\hotspot\share\runtime\reflection.cpp, line 1121]

VM Operations (6 events):
Event: 0.850 Executing VM operation: HandshakeAllThreads
Event: 0.850 Executing VM operation: HandshakeAllThreads done
Event: 1.201 Executing VM operation: HandshakeAllThreads
Event: 1.201 Executing VM operation: HandshakeAllThreads done
Event: 2.207 Executing VM operation: Cleanup
Event: 2.255 Executing VM operation: Cleanup done

Events (20 events):
Event: 2.634 loading class java/time/Duration
Event: 2.635 loading class java/time/temporal/TemporalAmount
Event: 2.635 loading class java/time/temporal/TemporalAmount done
Event: 2.635 loading class java/time/Duration done
Event: 2.635 loading class java/time/temporal/ValueRange
Event: 2.636 loading class java/time/temporal/ValueRange done
Event: 2.636 loading class java/time/LocalTime
Event: 2.637 loading class java/time/LocalTime done
Event: 2.638 loading class java/time/zone/ZoneOffsetTransition
Event: 2.638 loading class java/time/zone/ZoneOffsetTransition done
Event: 2.639 loading class java/util/Collections$SingletonList
Event: 2.639 loading class java/util/Collections$SingletonList done
Event: 2.639 loading class java/time/Instant
Event: 2.640 loading class java/time/Instant done
Event: 2.641 loading class sun/security/pkcs/PKCS9Attributes
Event: 2.642 loading class sun/security/pkcs/PKCS9Attributes done
Event: 2.642 loading class sun/security/pkcs/PKCS9Attribute
Event: 2.643 loading class sun/security/pkcs/PKCS9Attribute done
Event: 2.644 loading class java/lang/Byte$ByteCache
Event: 2.644 loading class java/lang/Byte$ByteCache done


Dynamic libraries:
0x00007ff664650000 - 0x00007ff66465e000 	c:\Users\PORT-DELL-EMILIO\.vscode\extensions\redhat.java-1.31.0-win32-x64\jre\17.0.11-win32-x86_64\bin\java.exe
0x00007ffc36f10000 - 0x00007ffc37108000 	C:\WINDOWS\SYSTEM32\ntdll.dll
0x00007ffc36d60000 - 0x00007ffc36e1d000 	C:\WINDOWS\System32\KERNEL32.DLL
0x00007ffc345a0000 - 0x00007ffc34896000 	C:\WINDOWS\System32\KERNELBASE.dll
0x00007ffc34bd0000 - 0x00007ffc34cd0000 	C:\WINDOWS\System32\ucrtbase.dll
0x00007ffc276f0000 - 0x00007ffc27707000 	c:\Users\PORT-DELL-EMILIO\.vscode\extensions\redhat.java-1.31.0-win32-x64\jre\17.0.11-win32-x86_64\bin\jli.dll
0x00007ffc36bc0000 - 0x00007ffc36d5f000 	C:\WINDOWS\System32\USER32.dll
0x00007ffc34ef0000 - 0x00007ffc34f12000 	C:\WINDOWS\System32\win32u.dll
0x00007ffc350d0000 - 0x00007ffc350fb000 	C:\WINDOWS\System32\GDI32.dll
0x00007ffc34a00000 - 0x00007ffc34b17000 	C:\WINDOWS\System32\gdi32full.dll
0x00007ffc34960000 - 0x00007ffc349fd000 	C:\WINDOWS\System32\msvcp_win.dll
0x00007ffc24a60000 - 0x00007ffc24a7b000 	c:\Users\PORT-DELL-EMILIO\.vscode\extensions\redhat.java-1.31.0-win32-x64\jre\17.0.11-win32-x86_64\bin\VCRUNTIME140.dll
0x00007ffc207c0000 - 0x00007ffc20a5a000 	C:\WINDOWS\WinSxS\amd64_microsoft.windows.common-controls_6595b64144ccf1df_6.0.19041.4355_none_60b8b9eb71f62e16\COMCTL32.dll
0x00007ffc35910000 - 0x00007ffc359ae000 	C:\WINDOWS\System32\msvcrt.dll
0x00007ffc35780000 - 0x00007ffc357af000 	C:\WINDOWS\System32\IMM32.DLL
0x00007ffc29610000 - 0x00007ffc2961c000 	c:\Users\PORT-DELL-EMILIO\.vscode\extensions\redhat.java-1.31.0-win32-x64\jre\17.0.11-win32-x86_64\bin\vcruntime140_1.dll
0x00007ffc10af0000 - 0x00007ffc10b7d000 	c:\Users\PORT-DELL-EMILIO\.vscode\extensions\redhat.java-1.31.0-win32-x64\jre\17.0.11-win32-x86_64\bin\msvcp140.dll
0x00007ffbf4f00000 - 0x00007ffbf5b62000 	c:\Users\PORT-DELL-EMILIO\.vscode\extensions\redhat.java-1.31.0-win32-x64\jre\17.0.11-win32-x86_64\bin\server\jvm.dll
0x00007ffc35640000 - 0x00007ffc356f0000 	C:\WINDOWS\System32\ADVAPI32.dll
0x00007ffc36820000 - 0x00007ffc368c0000 	C:\WINDOWS\System32\sechost.dll
0x00007ffc36300000 - 0x00007ffc36423000 	C:\WINDOWS\System32\RPCRT4.dll
0x00007ffc348a0000 - 0x00007ffc348c7000 	C:\WINDOWS\System32\bcrypt.dll
0x00007ffc34480000 - 0x00007ffc344cb000 	C:\WINDOWS\SYSTEM32\POWRPROF.dll
0x00007ffc24a50000 - 0x00007ffc24a59000 	C:\WINDOWS\SYSTEM32\WSOCK32.dll
0x00007ffc355d0000 - 0x00007ffc3563b000 	C:\WINDOWS\System32\WS2_32.dll
0x00007ffc21600000 - 0x00007ffc21627000 	C:\WINDOWS\SYSTEM32\WINMM.dll
0x00007ffc2cc20000 - 0x00007ffc2cc2a000 	C:\WINDOWS\SYSTEM32\VERSION.dll
0x00007ffc34460000 - 0x00007ffc34472000 	C:\WINDOWS\SYSTEM32\UMPDC.dll
0x00007ffc323e0000 - 0x00007ffc323f2000 	C:\WINDOWS\SYSTEM32\kernel.appcore.dll
0x00007ffc249c0000 - 0x00007ffc249ca000 	c:\Users\PORT-DELL-EMILIO\.vscode\extensions\redhat.java-1.31.0-win32-x64\jre\17.0.11-win32-x86_64\bin\jimage.dll
0x00007ffc1d6f0000 - 0x00007ffc1d8d4000 	C:\WINDOWS\SYSTEM32\DBGHELP.DLL
0x00007ffc1b940000 - 0x00007ffc1b974000 	C:\WINDOWS\SYSTEM32\dbgcore.DLL
0x00007ffc348d0000 - 0x00007ffc34952000 	C:\WINDOWS\System32\bcryptPrimitives.dll
0x00007ffc24930000 - 0x00007ffc2493e000 	c:\Users\PORT-DELL-EMILIO\.vscode\extensions\redhat.java-1.31.0-win32-x64\jre\17.0.11-win32-x86_64\bin\instrument.dll
0x00007ffc1d0b0000 - 0x00007ffc1d0d5000 	c:\Users\PORT-DELL-EMILIO\.vscode\extensions\redhat.java-1.31.0-win32-x64\jre\17.0.11-win32-x86_64\bin\java.dll
0x00007ffc21ed0000 - 0x00007ffc21ee8000 	c:\Users\PORT-DELL-EMILIO\.vscode\extensions\redhat.java-1.31.0-win32-x64\jre\17.0.11-win32-x86_64\bin\zip.dll
0x00007ffc35ae0000 - 0x00007ffc3624c000 	C:\WINDOWS\System32\SHELL32.dll
0x00007ffc325e0000 - 0x00007ffc32d7d000 	C:\WINDOWS\SYSTEM32\windows.storage.dll
0x00007ffc36460000 - 0x00007ffc367b3000 	C:\WINDOWS\System32\combase.dll
0x00007ffc33e10000 - 0x00007ffc33e3e000 	C:\WINDOWS\SYSTEM32\Wldp.dll
0x00007ffc35a10000 - 0x00007ffc35add000 	C:\WINDOWS\System32\OLEAUT32.dll
0x00007ffc36250000 - 0x00007ffc362fd000 	C:\WINDOWS\System32\SHCORE.dll
0x00007ffc359b0000 - 0x00007ffc35a05000 	C:\WINDOWS\System32\shlwapi.dll
0x00007ffc344d0000 - 0x00007ffc344f4000 	C:\WINDOWS\SYSTEM32\profapi.dll
0x00007ffc1d050000 - 0x00007ffc1d069000 	C:\Users\PORT-DELL-EMILIO\.vscode\extensions\redhat.java-1.31.0-win32-x64\jre\17.0.11-win32-x86_64\bin\net.dll
0x00007ffc2f000000 - 0x00007ffc2f10a000 	C:\WINDOWS\SYSTEM32\WINHTTP.dll
0x00007ffc33bf0000 - 0x00007ffc33c5a000 	C:\WINDOWS\system32\mswsock.dll
0x00007ffc1ba60000 - 0x00007ffc1ba76000 	C:\Users\PORT-DELL-EMILIO\.vscode\extensions\redhat.java-1.31.0-win32-x64\jre\17.0.11-win32-x86_64\bin\nio.dll
0x00007ffc24850000 - 0x00007ffc24860000 	c:\Users\PORT-DELL-EMILIO\.vscode\extensions\redhat.java-1.31.0-win32-x64\jre\17.0.11-win32-x86_64\bin\verify.dll

dbghelp: loaded successfully - version: 4.0.5 - missing functions: none
symbol engine: initialized successfully - sym options: 0x614 - pdb path: .;c:\Users\PORT-DELL-EMILIO\.vscode\extensions\redhat.java-1.31.0-win32-x64\jre\17.0.11-win32-x86_64\bin;C:\WINDOWS\SYSTEM32;C:\WINDOWS\WinSxS\amd64_microsoft.windows.common-controls_6595b64144ccf1df_6.0.19041.4355_none_60b8b9eb71f62e16;c:\Users\PORT-DELL-EMILIO\.vscode\extensions\redhat.java-1.31.0-win32-x64\jre\17.0.11-win32-x86_64\bin\server

VM Arguments:
jvm_args: --add-modules=ALL-SYSTEM --add-opens=java.base/java.util=ALL-UNNAMED --add-opens=java.base/java.lang=ALL-UNNAMED --add-opens=java.base/sun.nio.fs=ALL-UNNAMED -Declipse.application=org.eclipse.jdt.ls.core.id1 -Dosgi.bundles.defaultStartLevel=4 -Declipse.product=org.eclipse.jdt.ls.core.product -Djava.import.generatesMetadataFilesAtProjectRoot=false -DDetectVMInstallationsJob.disabled=true -Dfile.encoding=utf8 -XX:+UseParallelGC -XX:GCTimeRatio=4 -XX:AdaptiveSizePolicyWeight=90 -Dsun.zip.disableMemoryMapping=true -Xmx1G -Xms100m -Xlog:disable -javaagent:c:\Users\PORT-DELL-EMILIO\.vscode\extensions\redhat.java-1.31.0-win32-x64\lombok\lombok-1.18.32.jar 
java_command: c:\Users\PORT-DELL-EMILIO\.vscode\extensions\redhat.java-1.31.0-win32-x64\server\plugins\org.eclipse.equinox.launcher_1.6.800.v20240513-1750.jar -configuration c:\Users\PORT-DELL-EMILIO\AppData\Roaming\Code\User\globalStorage\redhat.java\1.31.0\config_ss_win -data c:\Users\PORT-DELL-EMILIO\AppData\Roaming\Code\User\workspaceStorage\9914ae774984ff7cd367b2d3b4f7f0e2\redhat.java\ss_ws --pipe=\\.\pipe\lsp-b58f42cd1becbebd86eab6e8f9282309-sock
java_class_path (initial): c:\Users\PORT-DELL-EMILIO\.vscode\extensions\redhat.java-1.31.0-win32-x64\server\plugins\org.eclipse.equinox.launcher_1.6.800.v20240513-1750.jar
Launcher Type: SUN_STANDARD

[Global flags]
    uintx AdaptiveSizePolicyWeight                 = 90                                        {product} {command line}
     intx CICompilerCount                          = 3                                         {product} {ergonomic}
    uintx GCTimeRatio                              = 4                                         {product} {command line}
   size_t InitialHeapSize                          = 104857600                                 {product} {command line}
   size_t MaxHeapSize                              = 1073741824                                {product} {command line}
   size_t MaxNewSize                               = 357564416                                 {product} {ergonomic}
   size_t MinHeapDeltaBytes                        = 524288                                    {product} {ergonomic}
   size_t MinHeapSize                              = 104857600                                 {product} {command line}
   size_t NewSize                                  = 34603008                                  {product} {ergonomic}
    uintx NonNMethodCodeHeapSize                   = 5832780                                {pd product} {ergonomic}
    uintx NonProfiledCodeHeapSize                  = 122912730                              {pd product} {ergonomic}
   size_t OldSize                                  = 70254592                                  {product} {ergonomic}
    uintx ProfiledCodeHeapSize                     = 122912730                              {pd product} {ergonomic}
    uintx ReservedCodeCacheSize                    = 251658240                              {pd product} {ergonomic}
     bool SegmentedCodeCache                       = true                                      {product} {ergonomic}
   size_t SoftMaxHeapSize                          = 1073741824                             {manageable} {ergonomic}
     bool UseCompressedClassPointers               = true                           {product lp64_product} {ergonomic}
     bool UseCompressedOops                        = true                           {product lp64_product} {ergonomic}
     bool UseLargePagesIndividualAllocation        = false                                  {pd product} {ergonomic}
     bool UseParallelGC                            = true                                      {product} {command line}

Logging:
Log output configuration:
 #0: stdout all=off uptime,level,tags
 #1: stderr all=off uptime,level,tags

Environment Variables:
PATH=C:\Program Files\Microsoft MPI\Bin\;C:\Program Files (x86)\Common Files\Oracle\Java\javapath;C:\WINDOWS\system32;C:\WINDOWS;C:\WINDOWS\System32\Wbem;C:\WINDOWS\System32\WindowsPowerShell\v1.0\;C:\WINDOWS\System32\OpenSSH\;C:\Program Files\Inkscape\bin;C:\Program Files\AutoFirma\AutoFirma;C:\Program Files\Microsoft SQL Server\Client SDK\ODBC\130\Tools\Binn\;C:\Program Files (x86)\Microsoft SQL Server\160\DTS\Binn\;C:\Program Files\Git\cmd;C:\Users\PORT-DELL-EMILIO\AppData\Local\Microsoft\WindowsApps;C:\Program Files\Azure Data Studio\bin;C:\Users\PORT-DELL-EMILIO\AppData\Local\Programs\Microsoft VS Code\bin
USERNAME=PORT-DELL-EMILIO
OS=Windows_NT
PROCESSOR_IDENTIFIER=Intel64 Family 6 Model 69 Stepping 1, GenuineIntel
TMP=C:\Users\PORT-D~1\AppData\Local\Temp
TEMP=C:\Users\PORT-D~1\AppData\Local\Temp



Periodic native trim disabled


---------------  S Y S T E M  ---------------

OS:
 Windows 10 , 64 bit Build 19041 (10.0.19041.3636)
OS uptime: 2 days 4:16 hours
Hyper-V role detected

CPU: total 4 (initial active 4) (2 cores per cpu, 2 threads per core) family 6 model 69 stepping 1 microcode 0x25, cx8, cmov, fxsr, ht, mmx, sse, sse2, sse3, ssse3, sse4.1, sse4.2, popcnt, lzcnt, tsc, tscinvbit, avx, avx2, aes, erms, clmul, bmi1, bmi2, fma, vzeroupper, clflush, hv
Processor Information for all 4 processors :
  Max Mhz: 1700, Current Mhz: 1700, Mhz Limit: 1700

Memory: 4k page, system-wide physical 8096M (1387M free)
TotalPageFile size 8096M (AvailPageFile size 8M)
current process WorkingSet (physical memory assigned to process): 52M, peak: 52M
current process commit charge ("private bytes"): 180M, peak: 180M

vm_info: OpenJDK 64-Bit Server VM (17.0.11+9) for windows-amd64 JRE (17.0.11+9), built on Apr 17 2024 06:07:48 by "admin" with MS VC++ 16.10 / 16.11 (VS2019)

END.
